[0.233s] DEBUG:colcon:Command line arguments: ['/usr/bin/colcon', 'build', '--symlink-install']
[0.233s] DEBUG:colcon:Parsed command line arguments: Namespace(log_base=None, log_level=None, verb_name='build', build_base='build', install_base='install', merge_install=False, symlink_install=True, test_result_base=None, continue_on_error=False, executor='parallel', parallel_workers=12, event_handlers=None, ignore_user_meta=False, metas=['./colcon.meta'], base_paths=['.'], packages_ignore=None, packages_ignore_regex=None, paths=None, packages_up_to=None, packages_up_to_regex=None, packages_above=None, packages_above_and_dependencies=None, packages_above_depth=None, packages_select_by_dep=None, packages_skip_by_dep=None, packages_skip_up_to=None, packages_select_build_failed=False, packages_skip_build_finished=False, packages_select_test_failures=False, packages_skip_test_passed=False, packages_select=None, packages_skip=None, packages_select_regex=None, packages_skip_regex=None, packages_start=None, packages_end=None, allow_overriding=[], cmake_args=None, cmake_target=None, cmake_target_skip_unavailable=False, cmake_clean_cache=False, cmake_clean_first=False, cmake_force_configure=False, ament_cmake_args=None, catkin_cmake_args=None, catkin_skip_building_tests=False, verb_parser=<colcon_defaults.argument_parser.defaults.DefaultArgumentsDecorator object at 0xffffae5ac6d0>, verb_extension=<colcon_core.verb.build.BuildVerb object at 0xffffae758df0>, main=<bound method BuildVerb.main of <colcon_core.verb.build.BuildVerb object at 0xffffae758df0>>)
[0.634s] Level 1:colcon.colcon_core.package_discovery:discover_packages(colcon_meta) check parameters
[0.634s] Level 1:colcon.colcon_core.package_discovery:discover_packages(recursive) check parameters
[0.634s] Level 1:colcon.colcon_core.package_discovery:discover_packages(ignore) check parameters
[0.634s] Level 1:colcon.colcon_core.package_discovery:discover_packages(path) check parameters
[0.634s] Level 1:colcon.colcon_core.package_discovery:discover_packages(colcon_meta) discover
[0.635s] Level 1:colcon.colcon_core.package_discovery:discover_packages(recursive) discover
[0.635s] INFO:colcon.colcon_core.package_discovery:Crawling recursively for packages in '/root/tracer_control_ws'
[0.635s] Level 1:colcon.colcon_core.package_identification:_identify(.) by extensions ['ignore', 'ignore_ament_install']
[0.636s] Level 1:colcon.colcon_core.package_identification:_identify(.) by extension 'ignore'
[0.636s] Level 1:colcon.colcon_core.package_identification:_identify(.) by extension 'ignore_ament_install'
[0.636s] Level 1:colcon.colcon_core.package_identification:_identify(.) by extensions ['colcon_pkg']
[0.636s] Level 1:colcon.colcon_core.package_identification:_identify(.) by extension 'colcon_pkg'
[0.636s] Level 1:colcon.colcon_core.package_identification:_identify(.) by extensions ['colcon_meta']
[0.636s] Level 1:colcon.colcon_core.package_identification:_identify(.) by extension 'colcon_meta'
[0.636s] Level 1:colcon.colcon_core.package_identification:_identify(.) by extensions ['ros']
[0.636s] Level 1:colcon.colcon_core.package_identification:_identify(.) by extension 'ros'
[0.664s] Level 1:colcon.colcon_core.package_identification:_identify(.) by extensions ['cmake', 'python']
[0.664s] Level 1:colcon.colcon_core.package_identification:_identify(.) by extension 'cmake'
[0.664s] Level 1:colcon.colcon_core.package_identification:_identify(.) by extension 'python'
[0.664s] Level 1:colcon.colcon_core.package_identification:_identify(.) by extensions ['python_setup_py']
[0.664s] Level 1:colcon.colcon_core.package_identification:_identify(.) by extension 'python_setup_py'
[0.665s] Level 1:colcon.colcon_core.package_identification:_identify(build) by extensions ['ignore', 'ignore_ament_install']
[0.665s] Level 1:colcon.colcon_core.package_identification:_identify(build) by extension 'ignore'
[0.665s] Level 1:colcon.colcon_core.package_identification:_identify(build) ignored
[0.665s] Level 1:colcon.colcon_core.package_identification:_identify(install) by extensions ['ignore', 'ignore_ament_install']
[0.666s] Level 1:colcon.colcon_core.package_identification:_identify(install) by extension 'ignore'
[0.666s] Level 1:colcon.colcon_core.package_identification:_identify(install) ignored
[0.666s] Level 1:colcon.colcon_core.package_identification:_identify(log) by extensions ['ignore', 'ignore_ament_install']
[0.666s] Level 1:colcon.colcon_core.package_identification:_identify(log) by extension 'ignore'
[0.666s] Level 1:colcon.colcon_core.package_identification:_identify(log) ignored
[0.667s] Level 1:colcon.colcon_core.package_identification:_identify(src) by extensions ['ignore', 'ignore_ament_install']
[0.667s] Level 1:colcon.colcon_core.package_identification:_identify(src) by extension 'ignore'
[0.667s] Level 1:colcon.colcon_core.package_identification:_identify(src) by extension 'ignore_ament_install'
[0.667s] Level 1:colcon.colcon_core.package_identification:_identify(src) by extensions ['colcon_pkg']
[0.667s] Level 1:colcon.colcon_core.package_identification:_identify(src) by extension 'colcon_pkg'
[0.667s] Level 1:colcon.colcon_core.package_identification:_identify(src) by extensions ['colcon_meta']
[0.667s] Level 1:colcon.colcon_core.package_identification:_identify(src) by extension 'colcon_meta'
[0.668s] Level 1:colcon.colcon_core.package_identification:_identify(src) by extensions ['ros']
[0.668s] Level 1:colcon.colcon_core.package_identification:_identify(src) by extension 'ros'
[0.668s] Level 1:colcon.colcon_core.package_identification:_identify(src) by extensions ['cmake', 'python']
[0.668s] Level 1:colcon.colcon_core.package_identification:_identify(src) by extension 'cmake'
[0.668s] Level 1:colcon.colcon_core.package_identification:_identify(src) by extension 'python'
[0.668s] Level 1:colcon.colcon_core.package_identification:_identify(src) by extensions ['python_setup_py']
[0.668s] Level 1:colcon.colcon_core.package_identification:_identify(src) by extension 'python_setup_py'
[0.668s] Level 1:colcon.colcon_core.package_identification:_identify(src/tracer_ros) by extensions ['ignore', 'ignore_ament_install']
[0.669s] Level 1:colcon.colcon_core.package_identification:_identify(src/tracer_ros) by extension 'ignore'
[0.669s] Level 1:colcon.colcon_core.package_identification:_identify(src/tracer_ros) by extension 'ignore_ament_install'
[0.669s] Level 1:colcon.colcon_core.package_identification:_identify(src/tracer_ros) by extensions ['colcon_pkg']
[0.669s] Level 1:colcon.colcon_core.package_identification:_identify(src/tracer_ros) by extension 'colcon_pkg'
[0.669s] Level 1:colcon.colcon_core.package_identification:_identify(src/tracer_ros) by extensions ['colcon_meta']
[0.669s] Level 1:colcon.colcon_core.package_identification:_identify(src/tracer_ros) by extension 'colcon_meta'
[0.669s] Level 1:colcon.colcon_core.package_identification:_identify(src/tracer_ros) by extensions ['ros']
[0.669s] Level 1:colcon.colcon_core.package_identification:_identify(src/tracer_ros) by extension 'ros'
[0.670s] Level 1:colcon.colcon_core.package_identification:_identify(src/tracer_ros) by extensions ['cmake', 'python']
[0.670s] Level 1:colcon.colcon_core.package_identification:_identify(src/tracer_ros) by extension 'cmake'
[0.670s] Level 1:colcon.colcon_core.package_identification:_identify(src/tracer_ros) by extension 'python'
[0.670s] Level 1:colcon.colcon_core.package_identification:_identify(src/tracer_ros) by extensions ['python_setup_py']
[0.670s] Level 1:colcon.colcon_core.package_identification:_identify(src/tracer_ros) by extension 'python_setup_py'
[0.670s] Level 1:colcon.colcon_core.package_identification:_identify(src/tracer_ros/tracer_base) by extensions ['ignore', 'ignore_ament_install']
[0.670s] Level 1:colcon.colcon_core.package_identification:_identify(src/tracer_ros/tracer_base) by extension 'ignore'
[0.671s] Level 1:colcon.colcon_core.package_identification:_identify(src/tracer_ros/tracer_base) by extension 'ignore_ament_install'
[0.671s] Level 1:colcon.colcon_core.package_identification:_identify(src/tracer_ros/tracer_base) by extensions ['colcon_pkg']
[0.671s] Level 1:colcon.colcon_core.package_identification:_identify(src/tracer_ros/tracer_base) by extension 'colcon_pkg'
[0.671s] Level 1:colcon.colcon_core.package_identification:_identify(src/tracer_ros/tracer_base) by extensions ['colcon_meta']
[0.671s] Level 1:colcon.colcon_core.package_identification:_identify(src/tracer_ros/tracer_base) by extension 'colcon_meta'
[0.671s] Level 1:colcon.colcon_core.package_identification:_identify(src/tracer_ros/tracer_base) by extensions ['ros']
[0.671s] Level 1:colcon.colcon_core.package_identification:_identify(src/tracer_ros/tracer_base) by extension 'ros'
[0.679s] DEBUG:colcon.colcon_core.package_identification:Package 'src/tracer_ros/tracer_base' with type 'ros.ament_cmake' and name 'tracer_base'
[0.679s] Level 1:colcon.colcon_core.package_identification:_identify(src/tracer_ros/tracer_msgs) by extensions ['ignore', 'ignore_ament_install']
[0.679s] Level 1:colcon.colcon_core.package_identification:_identify(src/tracer_ros/tracer_msgs) by extension 'ignore'
[0.680s] Level 1:colcon.colcon_core.package_identification:_identify(src/tracer_ros/tracer_msgs) by extension 'ignore_ament_install'
[0.680s] Level 1:colcon.colcon_core.package_identification:_identify(src/tracer_ros/tracer_msgs) by extensions ['colcon_pkg']
[0.680s] Level 1:colcon.colcon_core.package_identification:_identify(src/tracer_ros/tracer_msgs) by extension 'colcon_pkg'
[0.680s] Level 1:colcon.colcon_core.package_identification:_identify(src/tracer_ros/tracer_msgs) by extensions ['colcon_meta']
[0.680s] Level 1:colcon.colcon_core.package_identification:_identify(src/tracer_ros/tracer_msgs) by extension 'colcon_meta'
[0.680s] Level 1:colcon.colcon_core.package_identification:_identify(src/tracer_ros/tracer_msgs) by extensions ['ros']
[0.680s] Level 1:colcon.colcon_core.package_identification:_identify(src/tracer_ros/tracer_msgs) by extension 'ros'
[0.682s] DEBUG:colcon.colcon_core.package_identification:Package 'src/tracer_ros/tracer_msgs' with type 'ros.ament_cmake' and name 'tracer_msgs'
[0.682s] Level 1:colcon.colcon_core.package_identification:_identify(src/ugv_sdk) by extensions ['ignore', 'ignore_ament_install']
[0.682s] Level 1:colcon.colcon_core.package_identification:_identify(src/ugv_sdk) by extension 'ignore'
[0.682s] Level 1:colcon.colcon_core.package_identification:_identify(src/ugv_sdk) by extension 'ignore_ament_install'
[0.683s] Level 1:colcon.colcon_core.package_identification:_identify(src/ugv_sdk) by extensions ['colcon_pkg']
[0.683s] Level 1:colcon.colcon_core.package_identification:_identify(src/ugv_sdk) by extension 'colcon_pkg'
[0.683s] Level 1:colcon.colcon_core.package_identification:_identify(src/ugv_sdk) by extensions ['colcon_meta']
[0.683s] Level 1:colcon.colcon_core.package_identification:_identify(src/ugv_sdk) by extension 'colcon_meta'
[0.683s] Level 1:colcon.colcon_core.package_identification:_identify(src/ugv_sdk) by extensions ['ros']
[0.683s] Level 1:colcon.colcon_core.package_identification:_identify(src/ugv_sdk) by extension 'ros'
[0.688s] DEBUG:colcon.colcon_core.package_identification:Package 'src/ugv_sdk' with type 'ros.catkin' and name 'ugv_sdk'
[0.689s] Level 1:colcon.colcon_core.package_discovery:discover_packages(recursive) using defaults
[0.689s] Level 1:colcon.colcon_core.package_discovery:discover_packages(ignore) discover
[0.689s] Level 1:colcon.colcon_core.package_discovery:discover_packages(ignore) using defaults
[0.689s] Level 1:colcon.colcon_core.package_discovery:discover_packages(path) discover
[0.689s] Level 1:colcon.colcon_core.package_discovery:discover_packages(path) using defaults
[0.740s] Level 1:colcon.colcon_core.package_discovery:discover_packages(prefix_path) check parameters
[0.740s] Level 1:colcon.colcon_core.package_discovery:discover_packages(prefix_path) discover
[0.745s] DEBUG:colcon.colcon_installed_package_information.package_discovery:Found 3 installed packages in /root/tracer_control_ws/install
[0.749s] DEBUG:colcon.colcon_installed_package_information.package_discovery:Found 319 installed packages in /opt/ros/humble
[0.786s] Level 1:colcon.colcon_core.package_discovery:discover_packages(prefix_path) using defaults
[0.887s] Level 5:colcon.colcon_core.verb:set package 'tracer_msgs' build argument 'cmake_args' from command line to 'None'
[0.888s] Level 5:colcon.colcon_core.verb:set package 'tracer_msgs' build argument 'cmake_target' from command line to 'None'
[0.888s] Level 5:colcon.colcon_core.verb:set package 'tracer_msgs' build argument 'cmake_target_skip_unavailable' from command line to 'False'
[0.888s] Level 5:colcon.colcon_core.verb:set package 'tracer_msgs' build argument 'cmake_clean_cache' from command line to 'False'
[0.888s] Level 5:colcon.colcon_core.verb:set package 'tracer_msgs' build argument 'cmake_clean_first' from command line to 'False'
[0.888s] Level 5:colcon.colcon_core.verb:set package 'tracer_msgs' build argument 'cmake_force_configure' from command line to 'False'
[0.888s] Level 5:colcon.colcon_core.verb:set package 'tracer_msgs' build argument 'ament_cmake_args' from command line to 'None'
[0.888s] Level 5:colcon.colcon_core.verb:set package 'tracer_msgs' build argument 'catkin_cmake_args' from command line to 'None'
[0.888s] Level 5:colcon.colcon_core.verb:set package 'tracer_msgs' build argument 'catkin_skip_building_tests' from command line to 'False'
[0.888s] DEBUG:colcon.colcon_core.verb:Building package 'tracer_msgs' with the following arguments: {'ament_cmake_args': None, 'build_base': '/root/tracer_control_ws/build/tracer_msgs', 'catkin_cmake_args': None, 'catkin_skip_building_tests': False, 'cmake_args': None, 'cmake_clean_cache': False, 'cmake_clean_first': False, 'cmake_force_configure': False, 'cmake_target': None, 'cmake_target_skip_unavailable': False, 'install_base': '/root/tracer_control_ws/install/tracer_msgs', 'merge_install': False, 'path': '/root/tracer_control_ws/src/tracer_ros/tracer_msgs', 'symlink_install': True, 'test_result_base': None}
[0.889s] Level 5:colcon.colcon_core.verb:set package 'ugv_sdk' build argument 'cmake_args' from command line to 'None'
[0.889s] Level 5:colcon.colcon_core.verb:set package 'ugv_sdk' build argument 'cmake_target' from command line to 'None'
[0.889s] Level 5:colcon.colcon_core.verb:set package 'ugv_sdk' build argument 'cmake_target_skip_unavailable' from command line to 'False'
[0.889s] Level 5:colcon.colcon_core.verb:set package 'ugv_sdk' build argument 'cmake_clean_cache' from command line to 'False'
[0.889s] Level 5:colcon.colcon_core.verb:set package 'ugv_sdk' build argument 'cmake_clean_first' from command line to 'False'
[0.889s] Level 5:colcon.colcon_core.verb:set package 'ugv_sdk' build argument 'cmake_force_configure' from command line to 'False'
[0.889s] Level 5:colcon.colcon_core.verb:set package 'ugv_sdk' build argument 'ament_cmake_args' from command line to 'None'
[0.890s] Level 5:colcon.colcon_core.verb:set package 'ugv_sdk' build argument 'catkin_cmake_args' from command line to 'None'
[0.890s] Level 5:colcon.colcon_core.verb:set package 'ugv_sdk' build argument 'catkin_skip_building_tests' from command line to 'False'
[0.890s] DEBUG:colcon.colcon_core.verb:Building package 'ugv_sdk' with the following arguments: {'ament_cmake_args': None, 'build_base': '/root/tracer_control_ws/build/ugv_sdk', 'catkin_cmake_args': None, 'catkin_skip_building_tests': False, 'cmake_args': None, 'cmake_clean_cache': False, 'cmake_clean_first': False, 'cmake_force_configure': False, 'cmake_target': None, 'cmake_target_skip_unavailable': False, 'install_base': '/root/tracer_control_ws/install/ugv_sdk', 'merge_install': False, 'path': '/root/tracer_control_ws/src/ugv_sdk', 'symlink_install': True, 'test_result_base': None}
[0.890s] Level 5:colcon.colcon_core.verb:set package 'tracer_base' build argument 'cmake_args' from command line to 'None'
[0.890s] Level 5:colcon.colcon_core.verb:set package 'tracer_base' build argument 'cmake_target' from command line to 'None'
[0.891s] Level 5:colcon.colcon_core.verb:set package 'tracer_base' build argument 'cmake_target_skip_unavailable' from command line to 'False'
[0.891s] Level 5:colcon.colcon_core.verb:set package 'tracer_base' build argument 'cmake_clean_cache' from command line to 'False'
[0.891s] Level 5:colcon.colcon_core.verb:set package 'tracer_base' build argument 'cmake_clean_first' from command line to 'False'
[0.891s] Level 5:colcon.colcon_core.verb:set package 'tracer_base' build argument 'cmake_force_configure' from command line to 'False'
[0.891s] Level 5:colcon.colcon_core.verb:set package 'tracer_base' build argument 'ament_cmake_args' from command line to 'None'
[0.891s] Level 5:colcon.colcon_core.verb:set package 'tracer_base' build argument 'catkin_cmake_args' from command line to 'None'
[0.891s] Level 5:colcon.colcon_core.verb:set package 'tracer_base' build argument 'catkin_skip_building_tests' from command line to 'False'
[0.891s] DEBUG:colcon.colcon_core.verb:Building package 'tracer_base' with the following arguments: {'ament_cmake_args': None, 'build_base': '/root/tracer_control_ws/build/tracer_base', 'catkin_cmake_args': None, 'catkin_skip_building_tests': False, 'cmake_args': None, 'cmake_clean_cache': False, 'cmake_clean_first': False, 'cmake_force_configure': False, 'cmake_target': None, 'cmake_target_skip_unavailable': False, 'install_base': '/root/tracer_control_ws/install/tracer_base', 'merge_install': False, 'path': '/root/tracer_control_ws/src/tracer_ros/tracer_base', 'symlink_install': True, 'test_result_base': None}
[0.891s] INFO:colcon.colcon_core.executor:Executing jobs using 'parallel' executor
[0.895s] DEBUG:colcon.colcon_parallel_executor.executor.parallel:run_until_complete
[0.896s] INFO:colcon.colcon_ros.task.ament_cmake.build:Building ROS package in '/root/tracer_control_ws/src/tracer_ros/tracer_msgs' with build type 'ament_cmake'
[0.897s] INFO:colcon.colcon_cmake.task.cmake.build:Building CMake package in '/root/tracer_control_ws/src/tracer_ros/tracer_msgs'
[0.902s] INFO:colcon.colcon_core.plugin_system:Skipping extension 'colcon_core.shell.bat': Not used on non-Windows systems
[0.903s] INFO:colcon.colcon_core.shell:Skip shell extension 'powershell' for command environment: Not usable outside of PowerShell
[0.903s] DEBUG:colcon.colcon_core.shell:Skip shell extension 'dsv' for command environment
[0.913s] INFO:colcon.colcon_ros.task.catkin.build:Building ROS package in '/root/tracer_control_ws/src/ugv_sdk' with build type 'catkin'
[0.914s] INFO:colcon.colcon_cmake.task.cmake.build:Building CMake package in '/root/tracer_control_ws/src/ugv_sdk'
[0.914s] INFO:colcon.colcon_core.shell:Skip shell extension 'powershell' for command environment: Not usable outside of PowerShell
[0.915s] DEBUG:colcon.colcon_core.shell:Skip shell extension 'dsv' for command environment
[0.931s] DEBUG:colcon.colcon_core.event_handler.log_command:Invoking command in '/root/tracer_control_ws/build/tracer_msgs': CMAKE_PREFIX_PATH=/root/tracer_control_ws/install/tracer_base:/opt/ros/humble:/root/tracer_control_ws/install/ugv_sdk:/root/tracer_control_ws/install/tracer_msgs /usr/bin/cmake --build /root/tracer_control_ws/build/tracer_msgs -- -j12 -l12
[0.941s] DEBUG:colcon.colcon_core.event_handler.log_command:Invoking command in '/root/tracer_control_ws/build/ugv_sdk': /usr/bin/cmake --build /root/tracer_control_ws/build/ugv_sdk -- -j12 -l12
[1.353s] DEBUG:colcon.colcon_core.event_handler.log_command:Invoked command in '/root/tracer_control_ws/build/ugv_sdk' returned '0': /usr/bin/cmake --build /root/tracer_control_ws/build/ugv_sdk -- -j12 -l12
[1.382s] DEBUG:colcon.colcon_core.event_handler.log_command:Invoking command in '/root/tracer_control_ws/build/ugv_sdk': /usr/bin/cmake --install /root/tracer_control_ws/build/ugv_sdk
[1.412s] Level 1:colcon.colcon_core.shell:create_environment_hook('ugv_sdk', 'ros_package_path')
[1.412s] INFO:colcon.colcon_core.shell:Creating environment hook '/root/tracer_control_ws/install/ugv_sdk/share/ugv_sdk/hook/ros_package_path.ps1'
[1.415s] INFO:colcon.colcon_core.shell:Creating environment descriptor '/root/tracer_control_ws/install/ugv_sdk/share/ugv_sdk/hook/ros_package_path.dsv'
[1.416s] DEBUG:colcon.colcon_core.event_handler.log_command:Invoked command in '/root/tracer_control_ws/build/ugv_sdk' returned '0': /usr/bin/cmake --install /root/tracer_control_ws/build/ugv_sdk
[1.418s] INFO:colcon.colcon_core.shell:Creating environment hook '/root/tracer_control_ws/install/ugv_sdk/share/ugv_sdk/hook/ros_package_path.sh'
[1.420s] Level 1:colcon.colcon_core.shell:create_environment_hook('ugv_sdk', 'pkg_config_path')
[1.421s] INFO:colcon.colcon_core.shell:Creating environment hook '/root/tracer_control_ws/install/ugv_sdk/share/ugv_sdk/hook/pkg_config_path.ps1'
[1.422s] INFO:colcon.colcon_core.shell:Creating environment descriptor '/root/tracer_control_ws/install/ugv_sdk/share/ugv_sdk/hook/pkg_config_path.dsv'
[1.423s] INFO:colcon.colcon_core.shell:Creating environment hook '/root/tracer_control_ws/install/ugv_sdk/share/ugv_sdk/hook/pkg_config_path.sh'
[1.430s] Level 1:colcon.colcon_core.shell:create_environment_hook('ugv_sdk', 'pkg_config_path_multiarch')
[1.432s] INFO:colcon.colcon_core.shell:Creating environment hook '/root/tracer_control_ws/install/ugv_sdk/share/ugv_sdk/hook/pkg_config_path_multiarch.ps1'
[1.434s] INFO:colcon.colcon_core.shell:Creating environment descriptor '/root/tracer_control_ws/install/ugv_sdk/share/ugv_sdk/hook/pkg_config_path_multiarch.dsv'
[1.435s] INFO:colcon.colcon_core.shell:Creating environment hook '/root/tracer_control_ws/install/ugv_sdk/share/ugv_sdk/hook/pkg_config_path_multiarch.sh'
[1.439s] Level 1:colcon.colcon_core.environment:create_environment_scripts_only(ugv_sdk)
[1.447s] Level 1:colcon.colcon_core.environment:checking '/root/tracer_control_ws/install/ugv_sdk' for CMake module files
[1.448s] Level 1:colcon.colcon_core.environment:checking '/root/tracer_control_ws/install/ugv_sdk' for CMake config files
[1.450s] Level 1:colcon.colcon_core.shell:create_environment_hook('ugv_sdk', 'cmake_prefix_path')
[1.451s] INFO:colcon.colcon_core.shell:Creating environment hook '/root/tracer_control_ws/install/ugv_sdk/share/ugv_sdk/hook/cmake_prefix_path.ps1'
[1.453s] INFO:colcon.colcon_core.shell:Creating environment descriptor '/root/tracer_control_ws/install/ugv_sdk/share/ugv_sdk/hook/cmake_prefix_path.dsv'
[1.454s] INFO:colcon.colcon_core.shell:Creating environment hook '/root/tracer_control_ws/install/ugv_sdk/share/ugv_sdk/hook/cmake_prefix_path.sh'
[1.456s] Level 1:colcon.colcon_core.environment:checking '/root/tracer_control_ws/install/ugv_sdk/lib'
[1.457s] Level 1:colcon.colcon_core.environment:checking '/root/tracer_control_ws/install/ugv_sdk/bin'
[1.457s] Level 1:colcon.colcon_core.environment:checking '/root/tracer_control_ws/install/ugv_sdk/lib/pkgconfig/ugv_sdk.pc'
[1.457s] Level 1:colcon.colcon_core.environment:checking '/root/tracer_control_ws/install/ugv_sdk/lib/python3.10/site-packages'
[1.458s] Level 1:colcon.colcon_core.environment:checking '/root/tracer_control_ws/install/ugv_sdk/bin'
[1.459s] INFO:colcon.colcon_core.shell:Creating package script '/root/tracer_control_ws/install/ugv_sdk/share/ugv_sdk/package.ps1'
[1.461s] INFO:colcon.colcon_core.shell:Creating package descriptor '/root/tracer_control_ws/install/ugv_sdk/share/ugv_sdk/package.dsv'
[1.463s] INFO:colcon.colcon_core.shell:Creating package script '/root/tracer_control_ws/install/ugv_sdk/share/ugv_sdk/package.sh'
[1.466s] INFO:colcon.colcon_core.shell:Creating package script '/root/tracer_control_ws/install/ugv_sdk/share/ugv_sdk/package.bash'
[1.468s] INFO:colcon.colcon_core.shell:Creating package script '/root/tracer_control_ws/install/ugv_sdk/share/ugv_sdk/package.zsh'
[1.470s] Level 1:colcon.colcon_core.environment:create_file_with_runtime_dependencies(/root/tracer_control_ws/install/ugv_sdk/share/colcon-core/packages/ugv_sdk)
[1.917s] DEBUG:colcon.colcon_core.event_handler.log_command:Invoked command in '/root/tracer_control_ws/build/tracer_msgs' returned '0': CMAKE_PREFIX_PATH=/root/tracer_control_ws/install/tracer_base:/opt/ros/humble:/root/tracer_control_ws/install/ugv_sdk:/root/tracer_control_ws/install/tracer_msgs /usr/bin/cmake --build /root/tracer_control_ws/build/tracer_msgs -- -j12 -l12
[1.919s] DEBUG:colcon.colcon_core.event_handler.log_command:Invoking command in '/root/tracer_control_ws/build/tracer_msgs': CMAKE_PREFIX_PATH=/root/tracer_control_ws/install/tracer_base:/opt/ros/humble:/root/tracer_control_ws/install/ugv_sdk:/root/tracer_control_ws/install/tracer_msgs /usr/bin/cmake --install /root/tracer_control_ws/build/tracer_msgs
[2.130s] Level 1:colcon.colcon_core.environment:create_environment_scripts_only(tracer_msgs)
[2.132s] Level 1:colcon.colcon_core.environment:checking '/root/tracer_control_ws/install/tracer_msgs' for CMake module files
[2.133s] DEBUG:colcon.colcon_core.event_handler.log_command:Invoked command in '/root/tracer_control_ws/build/tracer_msgs' returned '0': CMAKE_PREFIX_PATH=/root/tracer_control_ws/install/tracer_base:/opt/ros/humble:/root/tracer_control_ws/install/ugv_sdk:/root/tracer_control_ws/install/tracer_msgs /usr/bin/cmake --install /root/tracer_control_ws/build/tracer_msgs
[2.135s] Level 1:colcon.colcon_core.environment:checking '/root/tracer_control_ws/install/tracer_msgs' for CMake config files
[2.139s] Level 1:colcon.colcon_core.shell:create_environment_hook('tracer_msgs', 'cmake_prefix_path')
[2.140s] INFO:colcon.colcon_core.shell:Creating environment hook '/root/tracer_control_ws/install/tracer_msgs/share/tracer_msgs/hook/cmake_prefix_path.ps1'
[2.142s] INFO:colcon.colcon_core.shell:Creating environment descriptor '/root/tracer_control_ws/install/tracer_msgs/share/tracer_msgs/hook/cmake_prefix_path.dsv'
[2.143s] INFO:colcon.colcon_core.shell:Creating environment hook '/root/tracer_control_ws/install/tracer_msgs/share/tracer_msgs/hook/cmake_prefix_path.sh'
[2.145s] Level 1:colcon.colcon_core.environment:checking '/root/tracer_control_ws/install/tracer_msgs/lib'
[2.146s] Level 1:colcon.colcon_core.shell:create_environment_hook('tracer_msgs', 'ld_library_path_lib')
[2.146s] INFO:colcon.colcon_core.shell:Creating environment hook '/root/tracer_control_ws/install/tracer_msgs/share/tracer_msgs/hook/ld_library_path_lib.ps1'
[2.148s] INFO:colcon.colcon_core.shell:Creating environment descriptor '/root/tracer_control_ws/install/tracer_msgs/share/tracer_msgs/hook/ld_library_path_lib.dsv'
[2.149s] INFO:colcon.colcon_core.shell:Creating environment hook '/root/tracer_control_ws/install/tracer_msgs/share/tracer_msgs/hook/ld_library_path_lib.sh'
[2.151s] Level 1:colcon.colcon_core.environment:checking '/root/tracer_control_ws/install/tracer_msgs/bin'
[2.152s] Level 1:colcon.colcon_core.environment:checking '/root/tracer_control_ws/install/tracer_msgs/lib/pkgconfig/tracer_msgs.pc'
[2.153s] Level 1:colcon.colcon_core.environment:checking '/root/tracer_control_ws/install/tracer_msgs/lib/python3.10/site-packages'
[2.153s] Level 1:colcon.colcon_core.environment:checking '/root/tracer_control_ws/install/tracer_msgs/bin'
[2.155s] INFO:colcon.colcon_core.shell:Creating package script '/root/tracer_control_ws/install/tracer_msgs/share/tracer_msgs/package.ps1'
[2.157s] INFO:colcon.colcon_core.shell:Creating package descriptor '/root/tracer_control_ws/install/tracer_msgs/share/tracer_msgs/package.dsv'
[2.159s] INFO:colcon.colcon_core.shell:Creating package script '/root/tracer_control_ws/install/tracer_msgs/share/tracer_msgs/package.sh'
[2.160s] INFO:colcon.colcon_core.shell:Creating package script '/root/tracer_control_ws/install/tracer_msgs/share/tracer_msgs/package.bash'
[2.162s] INFO:colcon.colcon_core.shell:Creating package script '/root/tracer_control_ws/install/tracer_msgs/share/tracer_msgs/package.zsh'
[2.163s] Level 1:colcon.colcon_core.environment:create_file_with_runtime_dependencies(/root/tracer_control_ws/install/tracer_msgs/share/colcon-core/packages/tracer_msgs)
[2.164s] Level 1:colcon.colcon_core.environment:create_environment_scripts_only(tracer_msgs)
[2.165s] Level 1:colcon.colcon_core.environment:checking '/root/tracer_control_ws/install/tracer_msgs' for CMake module files
[2.167s] Level 1:colcon.colcon_core.environment:checking '/root/tracer_control_ws/install/tracer_msgs' for CMake config files
[2.170s] Level 1:colcon.colcon_core.shell:create_environment_hook('tracer_msgs', 'cmake_prefix_path')
[2.171s] INFO:colcon.colcon_core.shell:Creating environment hook '/root/tracer_control_ws/install/tracer_msgs/share/tracer_msgs/hook/cmake_prefix_path.ps1'
[2.173s] INFO:colcon.colcon_core.shell:Creating environment descriptor '/root/tracer_control_ws/install/tracer_msgs/share/tracer_msgs/hook/cmake_prefix_path.dsv'
[2.174s] INFO:colcon.colcon_core.shell:Creating environment hook '/root/tracer_control_ws/install/tracer_msgs/share/tracer_msgs/hook/cmake_prefix_path.sh'
[2.176s] Level 1:colcon.colcon_core.environment:checking '/root/tracer_control_ws/install/tracer_msgs/lib'
[2.176s] Level 1:colcon.colcon_core.shell:create_environment_hook('tracer_msgs', 'ld_library_path_lib')
[2.177s] INFO:colcon.colcon_core.shell:Creating environment hook '/root/tracer_control_ws/install/tracer_msgs/share/tracer_msgs/hook/ld_library_path_lib.ps1'
[2.178s] INFO:colcon.colcon_core.shell:Creating environment descriptor '/root/tracer_control_ws/install/tracer_msgs/share/tracer_msgs/hook/ld_library_path_lib.dsv'
[2.179s] INFO:colcon.colcon_core.shell:Creating environment hook '/root/tracer_control_ws/install/tracer_msgs/share/tracer_msgs/hook/ld_library_path_lib.sh'
[2.181s] Level 1:colcon.colcon_core.environment:checking '/root/tracer_control_ws/install/tracer_msgs/bin'
[2.181s] Level 1:colcon.colcon_core.environment:checking '/root/tracer_control_ws/install/tracer_msgs/lib/pkgconfig/tracer_msgs.pc'
[2.181s] Level 1:colcon.colcon_core.environment:checking '/root/tracer_control_ws/install/tracer_msgs/lib/python3.10/site-packages'
[2.182s] Level 1:colcon.colcon_core.environment:checking '/root/tracer_control_ws/install/tracer_msgs/bin'
[2.183s] INFO:colcon.colcon_core.shell:Creating package script '/root/tracer_control_ws/install/tracer_msgs/share/tracer_msgs/package.ps1'
[2.184s] INFO:colcon.colcon_core.shell:Creating package descriptor '/root/tracer_control_ws/install/tracer_msgs/share/tracer_msgs/package.dsv'
[2.185s] INFO:colcon.colcon_core.shell:Creating package script '/root/tracer_control_ws/install/tracer_msgs/share/tracer_msgs/package.sh'
[2.186s] INFO:colcon.colcon_core.shell:Creating package script '/root/tracer_control_ws/install/tracer_msgs/share/tracer_msgs/package.bash'
[2.188s] INFO:colcon.colcon_core.shell:Creating package script '/root/tracer_control_ws/install/tracer_msgs/share/tracer_msgs/package.zsh'
[2.189s] Level 1:colcon.colcon_core.environment:create_file_with_runtime_dependencies(/root/tracer_control_ws/install/tracer_msgs/share/colcon-core/packages/tracer_msgs)
[2.190s] INFO:colcon.colcon_ros.task.ament_cmake.build:Building ROS package in '/root/tracer_control_ws/src/tracer_ros/tracer_base' with build type 'ament_cmake'
[2.190s] INFO:colcon.colcon_cmake.task.cmake.build:Building CMake package in '/root/tracer_control_ws/src/tracer_ros/tracer_base'
[2.191s] INFO:colcon.colcon_core.shell:Skip shell extension 'powershell' for command environment: Not usable outside of PowerShell
[2.191s] DEBUG:colcon.colcon_core.shell:Skip shell extension 'dsv' for command environment
[2.229s] DEBUG:colcon.colcon_core.event_handler.log_command:Invoking command in '/root/tracer_control_ws/build/tracer_base': CMAKE_PREFIX_PATH=/opt/ros/humble:/root/tracer_control_ws/install/ugv_sdk:/root/tracer_control_ws/install/tracer_msgs:/root/tracer_control_ws/install/tracer_base LD_LIBRARY_PATH=/root/tracer_control_ws/install/tracer_msgs/lib:/root/tracer_control_ws/install/tracer_base/lib:/opt/ros/humble/opt/rviz_ogre_vendor/lib:/opt/ros/humble/lib/aarch64-linux-gnu:/opt/ros/humble/lib:/usr/local/cuda/lib64 /usr/bin/cmake --build /root/tracer_control_ws/build/tracer_base -- -j12 -l12
[21.025s] DEBUG:colcon.colcon_core.event_handler.log_command:Invoked command in '/root/tracer_control_ws/build/tracer_base' returned '2': CMAKE_PREFIX_PATH=/opt/ros/humble:/root/tracer_control_ws/install/ugv_sdk:/root/tracer_control_ws/install/tracer_msgs:/root/tracer_control_ws/install/tracer_base LD_LIBRARY_PATH=/root/tracer_control_ws/install/tracer_msgs/lib:/root/tracer_control_ws/install/tracer_base/lib:/opt/ros/humble/opt/rviz_ogre_vendor/lib:/opt/ros/humble/lib/aarch64-linux-gnu:/opt/ros/humble/lib:/usr/local/cuda/lib64 /usr/bin/cmake --build /root/tracer_control_ws/build/tracer_base -- -j12 -l12
[21.027s] Level 1:colcon.colcon_core.environment:create_environment_scripts_only(tracer_base)
[21.027s] Level 1:colcon.colcon_core.environment:checking '/root/tracer_control_ws/install/tracer_base' for CMake module files
[21.028s] Level 1:colcon.colcon_core.environment:checking '/root/tracer_control_ws/install/tracer_base' for CMake config files
[21.029s] Level 1:colcon.colcon_core.environment:checking '/root/tracer_control_ws/install/tracer_base/bin'
[21.029s] Level 1:colcon.colcon_core.environment:checking '/root/tracer_control_ws/install/tracer_base/lib/pkgconfig/tracer_base.pc'
[21.030s] Level 1:colcon.colcon_core.environment:checking '/root/tracer_control_ws/install/tracer_base/lib/python3.10/site-packages'
[21.030s] Level 1:colcon.colcon_core.environment:checking '/root/tracer_control_ws/install/tracer_base/bin'
[21.031s] INFO:colcon.colcon_core.shell:Creating package script '/root/tracer_control_ws/install/tracer_base/share/tracer_base/package.ps1'
[21.033s] INFO:colcon.colcon_core.shell:Creating package descriptor '/root/tracer_control_ws/install/tracer_base/share/tracer_base/package.dsv'
[21.035s] INFO:colcon.colcon_core.shell:Creating package script '/root/tracer_control_ws/install/tracer_base/share/tracer_base/package.sh'
[21.036s] INFO:colcon.colcon_core.shell:Creating package script '/root/tracer_control_ws/install/tracer_base/share/tracer_base/package.bash'
[21.037s] INFO:colcon.colcon_core.shell:Creating package script '/root/tracer_control_ws/install/tracer_base/share/tracer_base/package.zsh'
[21.038s] Level 1:colcon.colcon_core.environment:create_file_with_runtime_dependencies(/root/tracer_control_ws/install/tracer_base/share/colcon-core/packages/tracer_base)
[21.050s] DEBUG:colcon.colcon_parallel_executor.executor.parallel:closing loop
[21.051s] DEBUG:colcon.colcon_parallel_executor.executor.parallel:loop closed
[21.052s] DEBUG:colcon.colcon_parallel_executor.executor.parallel:run_until_complete finished with '2'
[21.052s] DEBUG:colcon.colcon_core.event_reactor:joining thread
[21.069s] INFO:colcon.colcon_core.plugin_system:Skipping extension 'colcon_notification.desktop_notification.notify_send': Could not find 'notify-send'
[21.070s] INFO:colcon.colcon_core.plugin_system:Skipping extension 'colcon_notification.desktop_notification.terminal_notifier': Not used on non-Darwin systems
[21.070s] INFO:colcon.colcon_core.plugin_system:Skipping extension 'colcon_notification.desktop_notification.win32': Not used on non-Windows systems
[21.070s] INFO:colcon.colcon_notification.desktop_notification:Sending desktop notification using 'notify2'
[21.079s] DEBUG:colcon.colcon_notification.desktop_notification.notify2:Failed to initialize notify2: org.freedesktop.DBus.Error.Spawn.ExecFailed: /usr/bin/dbus-launch terminated abnormally without any error message
[21.080s] DEBUG:colcon.colcon_core.event_reactor:joined thread
[21.081s] INFO:colcon.colcon_core.shell:Creating prefix script '/root/tracer_control_ws/install/local_setup.ps1'
[21.084s] INFO:colcon.colcon_core.shell:Creating prefix util module '/root/tracer_control_ws/install/_local_setup_util_ps1.py'
[21.088s] INFO:colcon.colcon_core.shell:Creating prefix chain script '/root/tracer_control_ws/install/setup.ps1'
[21.093s] INFO:colcon.colcon_core.shell:Creating prefix script '/root/tracer_control_ws/install/local_setup.sh'
[21.095s] INFO:colcon.colcon_core.shell:Creating prefix util module '/root/tracer_control_ws/install/_local_setup_util_sh.py'
[21.098s] INFO:colcon.colcon_core.shell:Creating prefix chain script '/root/tracer_control_ws/install/setup.sh'
[21.102s] INFO:colcon.colcon_core.shell:Creating prefix script '/root/tracer_control_ws/install/local_setup.bash'
[21.104s] INFO:colcon.colcon_core.shell:Creating prefix chain script '/root/tracer_control_ws/install/setup.bash'
[21.110s] INFO:colcon.colcon_core.shell:Creating prefix script '/root/tracer_control_ws/install/local_setup.zsh'
[21.111s] INFO:colcon.colcon_core.shell:Creating prefix chain script '/root/tracer_control_ws/install/setup.zsh'
