[0.258s] DEBUG:colcon:Command line arguments: ['/usr/bin/colcon', 'build', '--symlink-install']
[0.259s] DEBUG:colcon:Parsed command line arguments: Namespace(log_base=None, log_level=None, verb_name='build', build_base='build', install_base='install', merge_install=False, symlink_install=True, test_result_base=None, continue_on_error=False, executor='parallel', parallel_workers=12, event_handlers=None, ignore_user_meta=False, metas=['./colcon.meta'], base_paths=['.'], packages_ignore=None, packages_ignore_regex=None, paths=None, packages_up_to=None, packages_up_to_regex=None, packages_above=None, packages_above_and_dependencies=None, packages_above_depth=None, packages_select_by_dep=None, packages_skip_by_dep=None, packages_skip_up_to=None, packages_select_build_failed=False, packages_skip_build_finished=False, packages_select_test_failures=False, packages_skip_test_passed=False, packages_select=None, packages_skip=None, packages_select_regex=None, packages_skip_regex=None, packages_start=None, packages_end=None, allow_overriding=[], cmake_args=None, cmake_target=None, cmake_target_skip_unavailable=False, cmake_clean_cache=False, cmake_clean_first=False, cmake_force_configure=False, ament_cmake_args=None, catkin_cmake_args=None, catkin_skip_building_tests=False, verb_parser=<colcon_defaults.argument_parser.defaults.DefaultArgumentsDecorator object at 0xffff8d8a06d0>, verb_extension=<colcon_core.verb.build.BuildVerb object at 0xffff8da58df0>, main=<bound method BuildVerb.main of <colcon_core.verb.build.BuildVerb object at 0xffff8da58df0>>)
[0.656s] Level 1:colcon.colcon_core.package_discovery:discover_packages(colcon_meta) check parameters
[0.657s] Level 1:colcon.colcon_core.package_discovery:discover_packages(recursive) check parameters
[0.657s] Level 1:colcon.colcon_core.package_discovery:discover_packages(ignore) check parameters
[0.657s] Level 1:colcon.colcon_core.package_discovery:discover_packages(path) check parameters
[0.657s] Level 1:colcon.colcon_core.package_discovery:discover_packages(colcon_meta) discover
[0.657s] Level 1:colcon.colcon_core.package_discovery:discover_packages(recursive) discover
[0.657s] INFO:colcon.colcon_core.package_discovery:Crawling recursively for packages in '/root/tracer_control_ws'
[0.657s] Level 1:colcon.colcon_core.package_identification:_identify(.) by extensions ['ignore', 'ignore_ament_install']
[0.658s] Level 1:colcon.colcon_core.package_identification:_identify(.) by extension 'ignore'
[0.658s] Level 1:colcon.colcon_core.package_identification:_identify(.) by extension 'ignore_ament_install'
[0.658s] Level 1:colcon.colcon_core.package_identification:_identify(.) by extensions ['colcon_pkg']
[0.658s] Level 1:colcon.colcon_core.package_identification:_identify(.) by extension 'colcon_pkg'
[0.659s] Level 1:colcon.colcon_core.package_identification:_identify(.) by extensions ['colcon_meta']
[0.659s] Level 1:colcon.colcon_core.package_identification:_identify(.) by extension 'colcon_meta'
[0.659s] Level 1:colcon.colcon_core.package_identification:_identify(.) by extensions ['ros']
[0.659s] Level 1:colcon.colcon_core.package_identification:_identify(.) by extension 'ros'
[0.685s] Level 1:colcon.colcon_core.package_identification:_identify(.) by extensions ['cmake', 'python']
[0.686s] Level 1:colcon.colcon_core.package_identification:_identify(.) by extension 'cmake'
[0.686s] Level 1:colcon.colcon_core.package_identification:_identify(.) by extension 'python'
[0.686s] Level 1:colcon.colcon_core.package_identification:_identify(.) by extensions ['python_setup_py']
[0.686s] Level 1:colcon.colcon_core.package_identification:_identify(.) by extension 'python_setup_py'
[0.686s] Level 1:colcon.colcon_core.package_identification:_identify(build) by extensions ['ignore', 'ignore_ament_install']
[0.687s] Level 1:colcon.colcon_core.package_identification:_identify(build) by extension 'ignore'
[0.687s] Level 1:colcon.colcon_core.package_identification:_identify(build) ignored
[0.687s] Level 1:colcon.colcon_core.package_identification:_identify(install) by extensions ['ignore', 'ignore_ament_install']
[0.687s] Level 1:colcon.colcon_core.package_identification:_identify(install) by extension 'ignore'
[0.687s] Level 1:colcon.colcon_core.package_identification:_identify(install) ignored
[0.688s] Level 1:colcon.colcon_core.package_identification:_identify(log) by extensions ['ignore', 'ignore_ament_install']
[0.688s] Level 1:colcon.colcon_core.package_identification:_identify(log) by extension 'ignore'
[0.688s] Level 1:colcon.colcon_core.package_identification:_identify(log) ignored
[0.688s] Level 1:colcon.colcon_core.package_identification:_identify(src) by extensions ['ignore', 'ignore_ament_install']
[0.688s] Level 1:colcon.colcon_core.package_identification:_identify(src) by extension 'ignore'
[0.689s] Level 1:colcon.colcon_core.package_identification:_identify(src) by extension 'ignore_ament_install'
[0.689s] Level 1:colcon.colcon_core.package_identification:_identify(src) by extensions ['colcon_pkg']
[0.689s] Level 1:colcon.colcon_core.package_identification:_identify(src) by extension 'colcon_pkg'
[0.689s] Level 1:colcon.colcon_core.package_identification:_identify(src) by extensions ['colcon_meta']
[0.689s] Level 1:colcon.colcon_core.package_identification:_identify(src) by extension 'colcon_meta'
[0.689s] Level 1:colcon.colcon_core.package_identification:_identify(src) by extensions ['ros']
[0.689s] Level 1:colcon.colcon_core.package_identification:_identify(src) by extension 'ros'
[0.689s] Level 1:colcon.colcon_core.package_identification:_identify(src) by extensions ['cmake', 'python']
[0.689s] Level 1:colcon.colcon_core.package_identification:_identify(src) by extension 'cmake'
[0.690s] Level 1:colcon.colcon_core.package_identification:_identify(src) by extension 'python'
[0.690s] Level 1:colcon.colcon_core.package_identification:_identify(src) by extensions ['python_setup_py']
[0.690s] Level 1:colcon.colcon_core.package_identification:_identify(src) by extension 'python_setup_py'
[0.690s] Level 1:colcon.colcon_core.package_identification:_identify(src/tracer_ros) by extensions ['ignore', 'ignore_ament_install']
[0.690s] Level 1:colcon.colcon_core.package_identification:_identify(src/tracer_ros) by extension 'ignore'
[0.690s] Level 1:colcon.colcon_core.package_identification:_identify(src/tracer_ros) by extension 'ignore_ament_install'
[0.690s] Level 1:colcon.colcon_core.package_identification:_identify(src/tracer_ros) by extensions ['colcon_pkg']
[0.691s] Level 1:colcon.colcon_core.package_identification:_identify(src/tracer_ros) by extension 'colcon_pkg'
[0.691s] Level 1:colcon.colcon_core.package_identification:_identify(src/tracer_ros) by extensions ['colcon_meta']
[0.691s] Level 1:colcon.colcon_core.package_identification:_identify(src/tracer_ros) by extension 'colcon_meta'
[0.691s] Level 1:colcon.colcon_core.package_identification:_identify(src/tracer_ros) by extensions ['ros']
[0.691s] Level 1:colcon.colcon_core.package_identification:_identify(src/tracer_ros) by extension 'ros'
[0.691s] Level 1:colcon.colcon_core.package_identification:_identify(src/tracer_ros) by extensions ['cmake', 'python']
[0.691s] Level 1:colcon.colcon_core.package_identification:_identify(src/tracer_ros) by extension 'cmake'
[0.691s] Level 1:colcon.colcon_core.package_identification:_identify(src/tracer_ros) by extension 'python'
[0.691s] Level 1:colcon.colcon_core.package_identification:_identify(src/tracer_ros) by extensions ['python_setup_py']
[0.692s] Level 1:colcon.colcon_core.package_identification:_identify(src/tracer_ros) by extension 'python_setup_py'
[0.692s] Level 1:colcon.colcon_core.package_identification:_identify(src/tracer_ros/tracer_base) by extensions ['ignore', 'ignore_ament_install']
[0.692s] Level 1:colcon.colcon_core.package_identification:_identify(src/tracer_ros/tracer_base) by extension 'ignore'
[0.692s] Level 1:colcon.colcon_core.package_identification:_identify(src/tracer_ros/tracer_base) by extension 'ignore_ament_install'
[0.692s] Level 1:colcon.colcon_core.package_identification:_identify(src/tracer_ros/tracer_base) by extensions ['colcon_pkg']
[0.692s] Level 1:colcon.colcon_core.package_identification:_identify(src/tracer_ros/tracer_base) by extension 'colcon_pkg'
[0.693s] Level 1:colcon.colcon_core.package_identification:_identify(src/tracer_ros/tracer_base) by extensions ['colcon_meta']
[0.693s] Level 1:colcon.colcon_core.package_identification:_identify(src/tracer_ros/tracer_base) by extension 'colcon_meta'
[0.693s] Level 1:colcon.colcon_core.package_identification:_identify(src/tracer_ros/tracer_base) by extensions ['ros']
[0.693s] Level 1:colcon.colcon_core.package_identification:_identify(src/tracer_ros/tracer_base) by extension 'ros'
[0.701s] DEBUG:colcon.colcon_core.package_identification:Package 'src/tracer_ros/tracer_base' with type 'ros.ament_cmake' and name 'tracer_base'
[0.701s] Level 1:colcon.colcon_core.package_identification:_identify(src/tracer_ros/tracer_msgs) by extensions ['ignore', 'ignore_ament_install']
[0.701s] Level 1:colcon.colcon_core.package_identification:_identify(src/tracer_ros/tracer_msgs) by extension 'ignore'
[0.702s] Level 1:colcon.colcon_core.package_identification:_identify(src/tracer_ros/tracer_msgs) by extension 'ignore_ament_install'
[0.702s] Level 1:colcon.colcon_core.package_identification:_identify(src/tracer_ros/tracer_msgs) by extensions ['colcon_pkg']
[0.702s] Level 1:colcon.colcon_core.package_identification:_identify(src/tracer_ros/tracer_msgs) by extension 'colcon_pkg'
[0.702s] Level 1:colcon.colcon_core.package_identification:_identify(src/tracer_ros/tracer_msgs) by extensions ['colcon_meta']
[0.702s] Level 1:colcon.colcon_core.package_identification:_identify(src/tracer_ros/tracer_msgs) by extension 'colcon_meta'
[0.702s] Level 1:colcon.colcon_core.package_identification:_identify(src/tracer_ros/tracer_msgs) by extensions ['ros']
[0.702s] Level 1:colcon.colcon_core.package_identification:_identify(src/tracer_ros/tracer_msgs) by extension 'ros'
[0.704s] DEBUG:colcon.colcon_core.package_identification:Package 'src/tracer_ros/tracer_msgs' with type 'ros.ament_cmake' and name 'tracer_msgs'
[0.704s] Level 1:colcon.colcon_core.package_identification:_identify(src/ugv_sdk) by extensions ['ignore', 'ignore_ament_install']
[0.705s] Level 1:colcon.colcon_core.package_identification:_identify(src/ugv_sdk) by extension 'ignore'
[0.705s] Level 1:colcon.colcon_core.package_identification:_identify(src/ugv_sdk) by extension 'ignore_ament_install'
[0.705s] Level 1:colcon.colcon_core.package_identification:_identify(src/ugv_sdk) by extensions ['colcon_pkg']
[0.705s] Level 1:colcon.colcon_core.package_identification:_identify(src/ugv_sdk) by extension 'colcon_pkg'
[0.705s] Level 1:colcon.colcon_core.package_identification:_identify(src/ugv_sdk) by extensions ['colcon_meta']
[0.705s] Level 1:colcon.colcon_core.package_identification:_identify(src/ugv_sdk) by extension 'colcon_meta'
[0.705s] Level 1:colcon.colcon_core.package_identification:_identify(src/ugv_sdk) by extensions ['ros']
[0.705s] Level 1:colcon.colcon_core.package_identification:_identify(src/ugv_sdk) by extension 'ros'
[0.710s] DEBUG:colcon.colcon_core.package_identification:Package 'src/ugv_sdk' with type 'ros.catkin' and name 'ugv_sdk'
[0.710s] Level 1:colcon.colcon_core.package_discovery:discover_packages(recursive) using defaults
[0.710s] Level 1:colcon.colcon_core.package_discovery:discover_packages(ignore) discover
[0.711s] Level 1:colcon.colcon_core.package_discovery:discover_packages(ignore) using defaults
[0.711s] Level 1:colcon.colcon_core.package_discovery:discover_packages(path) discover
[0.711s] Level 1:colcon.colcon_core.package_discovery:discover_packages(path) using defaults
[0.761s] Level 1:colcon.colcon_core.package_discovery:discover_packages(prefix_path) check parameters
[0.761s] Level 1:colcon.colcon_core.package_discovery:discover_packages(prefix_path) discover
[0.766s] DEBUG:colcon.colcon_installed_package_information.package_discovery:Found 3 installed packages in /root/tracer_control_ws/install
[0.770s] DEBUG:colcon.colcon_installed_package_information.package_discovery:Found 319 installed packages in /opt/ros/humble
[0.804s] Level 1:colcon.colcon_core.package_discovery:discover_packages(prefix_path) using defaults
[0.902s] Level 5:colcon.colcon_core.verb:set package 'tracer_msgs' build argument 'cmake_args' from command line to 'None'
[0.903s] Level 5:colcon.colcon_core.verb:set package 'tracer_msgs' build argument 'cmake_target' from command line to 'None'
[0.903s] Level 5:colcon.colcon_core.verb:set package 'tracer_msgs' build argument 'cmake_target_skip_unavailable' from command line to 'False'
[0.903s] Level 5:colcon.colcon_core.verb:set package 'tracer_msgs' build argument 'cmake_clean_cache' from command line to 'False'
[0.903s] Level 5:colcon.colcon_core.verb:set package 'tracer_msgs' build argument 'cmake_clean_first' from command line to 'False'
[0.903s] Level 5:colcon.colcon_core.verb:set package 'tracer_msgs' build argument 'cmake_force_configure' from command line to 'False'
[0.903s] Level 5:colcon.colcon_core.verb:set package 'tracer_msgs' build argument 'ament_cmake_args' from command line to 'None'
[0.903s] Level 5:colcon.colcon_core.verb:set package 'tracer_msgs' build argument 'catkin_cmake_args' from command line to 'None'
[0.903s] Level 5:colcon.colcon_core.verb:set package 'tracer_msgs' build argument 'catkin_skip_building_tests' from command line to 'False'
[0.903s] DEBUG:colcon.colcon_core.verb:Building package 'tracer_msgs' with the following arguments: {'ament_cmake_args': None, 'build_base': '/root/tracer_control_ws/build/tracer_msgs', 'catkin_cmake_args': None, 'catkin_skip_building_tests': False, 'cmake_args': None, 'cmake_clean_cache': False, 'cmake_clean_first': False, 'cmake_force_configure': False, 'cmake_target': None, 'cmake_target_skip_unavailable': False, 'install_base': '/root/tracer_control_ws/install/tracer_msgs', 'merge_install': False, 'path': '/root/tracer_control_ws/src/tracer_ros/tracer_msgs', 'symlink_install': True, 'test_result_base': None}
[0.904s] Level 5:colcon.colcon_core.verb:set package 'ugv_sdk' build argument 'cmake_args' from command line to 'None'
[0.904s] Level 5:colcon.colcon_core.verb:set package 'ugv_sdk' build argument 'cmake_target' from command line to 'None'
[0.904s] Level 5:colcon.colcon_core.verb:set package 'ugv_sdk' build argument 'cmake_target_skip_unavailable' from command line to 'False'
[0.904s] Level 5:colcon.colcon_core.verb:set package 'ugv_sdk' build argument 'cmake_clean_cache' from command line to 'False'
[0.904s] Level 5:colcon.colcon_core.verb:set package 'ugv_sdk' build argument 'cmake_clean_first' from command line to 'False'
[0.904s] Level 5:colcon.colcon_core.verb:set package 'ugv_sdk' build argument 'cmake_force_configure' from command line to 'False'
[0.904s] Level 5:colcon.colcon_core.verb:set package 'ugv_sdk' build argument 'ament_cmake_args' from command line to 'None'
[0.904s] Level 5:colcon.colcon_core.verb:set package 'ugv_sdk' build argument 'catkin_cmake_args' from command line to 'None'
[0.904s] Level 5:colcon.colcon_core.verb:set package 'ugv_sdk' build argument 'catkin_skip_building_tests' from command line to 'False'
[0.905s] DEBUG:colcon.colcon_core.verb:Building package 'ugv_sdk' with the following arguments: {'ament_cmake_args': None, 'build_base': '/root/tracer_control_ws/build/ugv_sdk', 'catkin_cmake_args': None, 'catkin_skip_building_tests': False, 'cmake_args': None, 'cmake_clean_cache': False, 'cmake_clean_first': False, 'cmake_force_configure': False, 'cmake_target': None, 'cmake_target_skip_unavailable': False, 'install_base': '/root/tracer_control_ws/install/ugv_sdk', 'merge_install': False, 'path': '/root/tracer_control_ws/src/ugv_sdk', 'symlink_install': True, 'test_result_base': None}
[0.905s] Level 5:colcon.colcon_core.verb:set package 'tracer_base' build argument 'cmake_args' from command line to 'None'
[0.905s] Level 5:colcon.colcon_core.verb:set package 'tracer_base' build argument 'cmake_target' from command line to 'None'
[0.905s] Level 5:colcon.colcon_core.verb:set package 'tracer_base' build argument 'cmake_target_skip_unavailable' from command line to 'False'
[0.905s] Level 5:colcon.colcon_core.verb:set package 'tracer_base' build argument 'cmake_clean_cache' from command line to 'False'
[0.906s] Level 5:colcon.colcon_core.verb:set package 'tracer_base' build argument 'cmake_clean_first' from command line to 'False'
[0.906s] Level 5:colcon.colcon_core.verb:set package 'tracer_base' build argument 'cmake_force_configure' from command line to 'False'
[0.906s] Level 5:colcon.colcon_core.verb:set package 'tracer_base' build argument 'ament_cmake_args' from command line to 'None'
[0.906s] Level 5:colcon.colcon_core.verb:set package 'tracer_base' build argument 'catkin_cmake_args' from command line to 'None'
[0.906s] Level 5:colcon.colcon_core.verb:set package 'tracer_base' build argument 'catkin_skip_building_tests' from command line to 'False'
[0.906s] DEBUG:colcon.colcon_core.verb:Building package 'tracer_base' with the following arguments: {'ament_cmake_args': None, 'build_base': '/root/tracer_control_ws/build/tracer_base', 'catkin_cmake_args': None, 'catkin_skip_building_tests': False, 'cmake_args': None, 'cmake_clean_cache': False, 'cmake_clean_first': False, 'cmake_force_configure': False, 'cmake_target': None, 'cmake_target_skip_unavailable': False, 'install_base': '/root/tracer_control_ws/install/tracer_base', 'merge_install': False, 'path': '/root/tracer_control_ws/src/tracer_ros/tracer_base', 'symlink_install': True, 'test_result_base': None}
[0.906s] INFO:colcon.colcon_core.executor:Executing jobs using 'parallel' executor
[0.909s] DEBUG:colcon.colcon_parallel_executor.executor.parallel:run_until_complete
[0.910s] INFO:colcon.colcon_ros.task.ament_cmake.build:Building ROS package in '/root/tracer_control_ws/src/tracer_ros/tracer_msgs' with build type 'ament_cmake'
[0.910s] INFO:colcon.colcon_cmake.task.cmake.build:Building CMake package in '/root/tracer_control_ws/src/tracer_ros/tracer_msgs'
[0.915s] INFO:colcon.colcon_core.plugin_system:Skipping extension 'colcon_core.shell.bat': Not used on non-Windows systems
[0.916s] INFO:colcon.colcon_core.shell:Skip shell extension 'powershell' for command environment: Not usable outside of PowerShell
[0.916s] DEBUG:colcon.colcon_core.shell:Skip shell extension 'dsv' for command environment
[0.925s] INFO:colcon.colcon_ros.task.catkin.build:Building ROS package in '/root/tracer_control_ws/src/ugv_sdk' with build type 'catkin'
[0.926s] INFO:colcon.colcon_cmake.task.cmake.build:Building CMake package in '/root/tracer_control_ws/src/ugv_sdk'
[0.928s] INFO:colcon.colcon_core.shell:Skip shell extension 'powershell' for command environment: Not usable outside of PowerShell
[0.928s] DEBUG:colcon.colcon_core.shell:Skip shell extension 'dsv' for command environment
[0.945s] DEBUG:colcon.colcon_core.event_handler.log_command:Invoking command in '/root/tracer_control_ws/build/tracer_msgs': CMAKE_PREFIX_PATH=/root/tracer_control_ws/install/tracer_base:/opt/ros/humble:/root/tracer_control_ws/install/ugv_sdk:/root/tracer_control_ws/install/tracer_msgs /usr/bin/cmake --build /root/tracer_control_ws/build/tracer_msgs -- -j12 -l12
[0.959s] DEBUG:colcon.colcon_core.event_handler.log_command:Invoking command in '/root/tracer_control_ws/build/ugv_sdk': /usr/bin/cmake --build /root/tracer_control_ws/build/ugv_sdk -- -j12 -l12
[1.298s] DEBUG:colcon.colcon_core.event_handler.log_command:Invoked command in '/root/tracer_control_ws/build/ugv_sdk' returned '0': /usr/bin/cmake --build /root/tracer_control_ws/build/ugv_sdk -- -j12 -l12
[1.323s] DEBUG:colcon.colcon_core.event_handler.log_command:Invoking command in '/root/tracer_control_ws/build/ugv_sdk': /usr/bin/cmake --install /root/tracer_control_ws/build/ugv_sdk
[1.351s] Level 1:colcon.colcon_core.shell:create_environment_hook('ugv_sdk', 'ros_package_path')
[1.352s] INFO:colcon.colcon_core.shell:Creating environment hook '/root/tracer_control_ws/install/ugv_sdk/share/ugv_sdk/hook/ros_package_path.ps1'
[1.352s] DEBUG:colcon.colcon_core.event_handler.log_command:Invoked command in '/root/tracer_control_ws/build/ugv_sdk' returned '0': /usr/bin/cmake --install /root/tracer_control_ws/build/ugv_sdk
[1.354s] INFO:colcon.colcon_core.shell:Creating environment descriptor '/root/tracer_control_ws/install/ugv_sdk/share/ugv_sdk/hook/ros_package_path.dsv'
[1.355s] INFO:colcon.colcon_core.shell:Creating environment hook '/root/tracer_control_ws/install/ugv_sdk/share/ugv_sdk/hook/ros_package_path.sh'
[1.357s] Level 1:colcon.colcon_core.shell:create_environment_hook('ugv_sdk', 'pkg_config_path')
[1.357s] INFO:colcon.colcon_core.shell:Creating environment hook '/root/tracer_control_ws/install/ugv_sdk/share/ugv_sdk/hook/pkg_config_path.ps1'
[1.358s] INFO:colcon.colcon_core.shell:Creating environment descriptor '/root/tracer_control_ws/install/ugv_sdk/share/ugv_sdk/hook/pkg_config_path.dsv'
[1.359s] INFO:colcon.colcon_core.shell:Creating environment hook '/root/tracer_control_ws/install/ugv_sdk/share/ugv_sdk/hook/pkg_config_path.sh'
[1.366s] Level 1:colcon.colcon_core.shell:create_environment_hook('ugv_sdk', 'pkg_config_path_multiarch')
[1.368s] INFO:colcon.colcon_core.shell:Creating environment hook '/root/tracer_control_ws/install/ugv_sdk/share/ugv_sdk/hook/pkg_config_path_multiarch.ps1'
[1.370s] INFO:colcon.colcon_core.shell:Creating environment descriptor '/root/tracer_control_ws/install/ugv_sdk/share/ugv_sdk/hook/pkg_config_path_multiarch.dsv'
[1.371s] INFO:colcon.colcon_core.shell:Creating environment hook '/root/tracer_control_ws/install/ugv_sdk/share/ugv_sdk/hook/pkg_config_path_multiarch.sh'
[1.374s] Level 1:colcon.colcon_core.environment:create_environment_scripts_only(ugv_sdk)
[1.380s] Level 1:colcon.colcon_core.environment:checking '/root/tracer_control_ws/install/ugv_sdk' for CMake module files
[1.381s] Level 1:colcon.colcon_core.environment:checking '/root/tracer_control_ws/install/ugv_sdk' for CMake config files
[1.382s] Level 1:colcon.colcon_core.shell:create_environment_hook('ugv_sdk', 'cmake_prefix_path')
[1.382s] INFO:colcon.colcon_core.shell:Creating environment hook '/root/tracer_control_ws/install/ugv_sdk/share/ugv_sdk/hook/cmake_prefix_path.ps1'
[1.384s] INFO:colcon.colcon_core.shell:Creating environment descriptor '/root/tracer_control_ws/install/ugv_sdk/share/ugv_sdk/hook/cmake_prefix_path.dsv'
[1.385s] INFO:colcon.colcon_core.shell:Creating environment hook '/root/tracer_control_ws/install/ugv_sdk/share/ugv_sdk/hook/cmake_prefix_path.sh'
[1.387s] Level 1:colcon.colcon_core.environment:checking '/root/tracer_control_ws/install/ugv_sdk/lib'
[1.388s] Level 1:colcon.colcon_core.environment:checking '/root/tracer_control_ws/install/ugv_sdk/bin'
[1.388s] Level 1:colcon.colcon_core.environment:checking '/root/tracer_control_ws/install/ugv_sdk/lib/pkgconfig/ugv_sdk.pc'
[1.388s] Level 1:colcon.colcon_core.environment:checking '/root/tracer_control_ws/install/ugv_sdk/lib/python3.10/site-packages'
[1.389s] Level 1:colcon.colcon_core.environment:checking '/root/tracer_control_ws/install/ugv_sdk/bin'
[1.390s] INFO:colcon.colcon_core.shell:Creating package script '/root/tracer_control_ws/install/ugv_sdk/share/ugv_sdk/package.ps1'
[1.392s] INFO:colcon.colcon_core.shell:Creating package descriptor '/root/tracer_control_ws/install/ugv_sdk/share/ugv_sdk/package.dsv'
[1.394s] INFO:colcon.colcon_core.shell:Creating package script '/root/tracer_control_ws/install/ugv_sdk/share/ugv_sdk/package.sh'
[1.396s] INFO:colcon.colcon_core.shell:Creating package script '/root/tracer_control_ws/install/ugv_sdk/share/ugv_sdk/package.bash'
[1.397s] INFO:colcon.colcon_core.shell:Creating package script '/root/tracer_control_ws/install/ugv_sdk/share/ugv_sdk/package.zsh'
[1.400s] Level 1:colcon.colcon_core.environment:create_file_with_runtime_dependencies(/root/tracer_control_ws/install/ugv_sdk/share/colcon-core/packages/ugv_sdk)
[1.813s] DEBUG:colcon.colcon_core.event_handler.log_command:Invoked command in '/root/tracer_control_ws/build/tracer_msgs' returned '0': CMAKE_PREFIX_PATH=/root/tracer_control_ws/install/tracer_base:/opt/ros/humble:/root/tracer_control_ws/install/ugv_sdk:/root/tracer_control_ws/install/tracer_msgs /usr/bin/cmake --build /root/tracer_control_ws/build/tracer_msgs -- -j12 -l12
[1.820s] DEBUG:colcon.colcon_core.event_handler.log_command:Invoking command in '/root/tracer_control_ws/build/tracer_msgs': CMAKE_PREFIX_PATH=/root/tracer_control_ws/install/tracer_base:/opt/ros/humble:/root/tracer_control_ws/install/ugv_sdk:/root/tracer_control_ws/install/tracer_msgs /usr/bin/cmake --install /root/tracer_control_ws/build/tracer_msgs
[2.013s] Level 1:colcon.colcon_core.environment:create_environment_scripts_only(tracer_msgs)
[2.014s] Level 1:colcon.colcon_core.environment:checking '/root/tracer_control_ws/install/tracer_msgs' for CMake module files
[2.017s] DEBUG:colcon.colcon_core.event_handler.log_command:Invoked command in '/root/tracer_control_ws/build/tracer_msgs' returned '0': CMAKE_PREFIX_PATH=/root/tracer_control_ws/install/tracer_base:/opt/ros/humble:/root/tracer_control_ws/install/ugv_sdk:/root/tracer_control_ws/install/tracer_msgs /usr/bin/cmake --install /root/tracer_control_ws/build/tracer_msgs
[2.019s] Level 1:colcon.colcon_core.environment:checking '/root/tracer_control_ws/install/tracer_msgs' for CMake config files
[2.023s] Level 1:colcon.colcon_core.shell:create_environment_hook('tracer_msgs', 'cmake_prefix_path')
[2.024s] INFO:colcon.colcon_core.shell:Creating environment hook '/root/tracer_control_ws/install/tracer_msgs/share/tracer_msgs/hook/cmake_prefix_path.ps1'
[2.025s] INFO:colcon.colcon_core.shell:Creating environment descriptor '/root/tracer_control_ws/install/tracer_msgs/share/tracer_msgs/hook/cmake_prefix_path.dsv'
[2.026s] INFO:colcon.colcon_core.shell:Creating environment hook '/root/tracer_control_ws/install/tracer_msgs/share/tracer_msgs/hook/cmake_prefix_path.sh'
[2.028s] Level 1:colcon.colcon_core.environment:checking '/root/tracer_control_ws/install/tracer_msgs/lib'
[2.028s] Level 1:colcon.colcon_core.shell:create_environment_hook('tracer_msgs', 'ld_library_path_lib')
[2.029s] INFO:colcon.colcon_core.shell:Creating environment hook '/root/tracer_control_ws/install/tracer_msgs/share/tracer_msgs/hook/ld_library_path_lib.ps1'
[2.030s] INFO:colcon.colcon_core.shell:Creating environment descriptor '/root/tracer_control_ws/install/tracer_msgs/share/tracer_msgs/hook/ld_library_path_lib.dsv'
[2.031s] INFO:colcon.colcon_core.shell:Creating environment hook '/root/tracer_control_ws/install/tracer_msgs/share/tracer_msgs/hook/ld_library_path_lib.sh'
[2.033s] Level 1:colcon.colcon_core.environment:checking '/root/tracer_control_ws/install/tracer_msgs/bin'
[2.033s] Level 1:colcon.colcon_core.environment:checking '/root/tracer_control_ws/install/tracer_msgs/lib/pkgconfig/tracer_msgs.pc'
[2.034s] Level 1:colcon.colcon_core.environment:checking '/root/tracer_control_ws/install/tracer_msgs/lib/python3.10/site-packages'
[2.034s] Level 1:colcon.colcon_core.environment:checking '/root/tracer_control_ws/install/tracer_msgs/bin'
[2.035s] INFO:colcon.colcon_core.shell:Creating package script '/root/tracer_control_ws/install/tracer_msgs/share/tracer_msgs/package.ps1'
[2.037s] INFO:colcon.colcon_core.shell:Creating package descriptor '/root/tracer_control_ws/install/tracer_msgs/share/tracer_msgs/package.dsv'
[2.039s] INFO:colcon.colcon_core.shell:Creating package script '/root/tracer_control_ws/install/tracer_msgs/share/tracer_msgs/package.sh'
[2.040s] INFO:colcon.colcon_core.shell:Creating package script '/root/tracer_control_ws/install/tracer_msgs/share/tracer_msgs/package.bash'
[2.041s] INFO:colcon.colcon_core.shell:Creating package script '/root/tracer_control_ws/install/tracer_msgs/share/tracer_msgs/package.zsh'
[2.042s] Level 1:colcon.colcon_core.environment:create_file_with_runtime_dependencies(/root/tracer_control_ws/install/tracer_msgs/share/colcon-core/packages/tracer_msgs)
[2.044s] Level 1:colcon.colcon_core.environment:create_environment_scripts_only(tracer_msgs)
[2.045s] Level 1:colcon.colcon_core.environment:checking '/root/tracer_control_ws/install/tracer_msgs' for CMake module files
[2.047s] Level 1:colcon.colcon_core.environment:checking '/root/tracer_control_ws/install/tracer_msgs' for CMake config files
[2.050s] Level 1:colcon.colcon_core.shell:create_environment_hook('tracer_msgs', 'cmake_prefix_path')
[2.051s] INFO:colcon.colcon_core.shell:Creating environment hook '/root/tracer_control_ws/install/tracer_msgs/share/tracer_msgs/hook/cmake_prefix_path.ps1'
[2.053s] INFO:colcon.colcon_core.shell:Creating environment descriptor '/root/tracer_control_ws/install/tracer_msgs/share/tracer_msgs/hook/cmake_prefix_path.dsv'
[2.054s] INFO:colcon.colcon_core.shell:Creating environment hook '/root/tracer_control_ws/install/tracer_msgs/share/tracer_msgs/hook/cmake_prefix_path.sh'
[2.057s] Level 1:colcon.colcon_core.environment:checking '/root/tracer_control_ws/install/tracer_msgs/lib'
[2.058s] Level 1:colcon.colcon_core.shell:create_environment_hook('tracer_msgs', 'ld_library_path_lib')
[2.059s] INFO:colcon.colcon_core.shell:Creating environment hook '/root/tracer_control_ws/install/tracer_msgs/share/tracer_msgs/hook/ld_library_path_lib.ps1'
[2.060s] INFO:colcon.colcon_core.shell:Creating environment descriptor '/root/tracer_control_ws/install/tracer_msgs/share/tracer_msgs/hook/ld_library_path_lib.dsv'
[2.061s] INFO:colcon.colcon_core.shell:Creating environment hook '/root/tracer_control_ws/install/tracer_msgs/share/tracer_msgs/hook/ld_library_path_lib.sh'
[2.062s] Level 1:colcon.colcon_core.environment:checking '/root/tracer_control_ws/install/tracer_msgs/bin'
[2.062s] Level 1:colcon.colcon_core.environment:checking '/root/tracer_control_ws/install/tracer_msgs/lib/pkgconfig/tracer_msgs.pc'
[2.063s] Level 1:colcon.colcon_core.environment:checking '/root/tracer_control_ws/install/tracer_msgs/lib/python3.10/site-packages'
[2.063s] Level 1:colcon.colcon_core.environment:checking '/root/tracer_control_ws/install/tracer_msgs/bin'
[2.064s] INFO:colcon.colcon_core.shell:Creating package script '/root/tracer_control_ws/install/tracer_msgs/share/tracer_msgs/package.ps1'
[2.066s] INFO:colcon.colcon_core.shell:Creating package descriptor '/root/tracer_control_ws/install/tracer_msgs/share/tracer_msgs/package.dsv'
[2.067s] INFO:colcon.colcon_core.shell:Creating package script '/root/tracer_control_ws/install/tracer_msgs/share/tracer_msgs/package.sh'
[2.068s] INFO:colcon.colcon_core.shell:Creating package script '/root/tracer_control_ws/install/tracer_msgs/share/tracer_msgs/package.bash'
[2.069s] INFO:colcon.colcon_core.shell:Creating package script '/root/tracer_control_ws/install/tracer_msgs/share/tracer_msgs/package.zsh'
[2.071s] Level 1:colcon.colcon_core.environment:create_file_with_runtime_dependencies(/root/tracer_control_ws/install/tracer_msgs/share/colcon-core/packages/tracer_msgs)
[2.072s] INFO:colcon.colcon_ros.task.ament_cmake.build:Building ROS package in '/root/tracer_control_ws/src/tracer_ros/tracer_base' with build type 'ament_cmake'
[2.073s] INFO:colcon.colcon_cmake.task.cmake.build:Building CMake package in '/root/tracer_control_ws/src/tracer_ros/tracer_base'
[2.073s] INFO:colcon.colcon_core.shell:Skip shell extension 'powershell' for command environment: Not usable outside of PowerShell
[2.074s] DEBUG:colcon.colcon_core.shell:Skip shell extension 'dsv' for command environment
[2.110s] DEBUG:colcon.colcon_core.event_handler.log_command:Invoking command in '/root/tracer_control_ws/build/tracer_base': CMAKE_PREFIX_PATH=/opt/ros/humble:/root/tracer_control_ws/install/ugv_sdk:/root/tracer_control_ws/install/tracer_msgs:/root/tracer_control_ws/install/tracer_base LD_LIBRARY_PATH=/root/tracer_control_ws/install/tracer_msgs/lib:/root/tracer_control_ws/install/tracer_base/lib:/opt/ros/humble/opt/rviz_ogre_vendor/lib:/opt/ros/humble/lib/aarch64-linux-gnu:/opt/ros/humble/lib:/usr/local/cuda/lib64 /usr/bin/cmake --build /root/tracer_control_ws/build/tracer_base -- -j12 -l12
[30.853s] DEBUG:colcon.colcon_core.event_handler.log_command:Invoked command in '/root/tracer_control_ws/build/tracer_base' returned '0': CMAKE_PREFIX_PATH=/opt/ros/humble:/root/tracer_control_ws/install/ugv_sdk:/root/tracer_control_ws/install/tracer_msgs:/root/tracer_control_ws/install/tracer_base LD_LIBRARY_PATH=/root/tracer_control_ws/install/tracer_msgs/lib:/root/tracer_control_ws/install/tracer_base/lib:/opt/ros/humble/opt/rviz_ogre_vendor/lib:/opt/ros/humble/lib/aarch64-linux-gnu:/opt/ros/humble/lib:/usr/local/cuda/lib64 /usr/bin/cmake --build /root/tracer_control_ws/build/tracer_base -- -j12 -l12
[30.859s] DEBUG:colcon.colcon_core.event_handler.log_command:Invoking command in '/root/tracer_control_ws/build/tracer_base': CMAKE_PREFIX_PATH=/opt/ros/humble:/root/tracer_control_ws/install/ugv_sdk:/root/tracer_control_ws/install/tracer_msgs:/root/tracer_control_ws/install/tracer_base LD_LIBRARY_PATH=/root/tracer_control_ws/install/tracer_msgs/lib:/root/tracer_control_ws/install/tracer_base/lib:/opt/ros/humble/opt/rviz_ogre_vendor/lib:/opt/ros/humble/lib/aarch64-linux-gnu:/opt/ros/humble/lib:/usr/local/cuda/lib64 /usr/bin/cmake --install /root/tracer_control_ws/build/tracer_base
[31.436s] Level 1:colcon.colcon_core.environment:create_environment_scripts_only(tracer_base)
[31.437s] Level 1:colcon.colcon_core.environment:checking '/root/tracer_control_ws/install/tracer_base' for CMake module files
[31.438s] DEBUG:colcon.colcon_core.event_handler.log_command:Invoked command in '/root/tracer_control_ws/build/tracer_base' returned '0': CMAKE_PREFIX_PATH=/opt/ros/humble:/root/tracer_control_ws/install/ugv_sdk:/root/tracer_control_ws/install/tracer_msgs:/root/tracer_control_ws/install/tracer_base LD_LIBRARY_PATH=/root/tracer_control_ws/install/tracer_msgs/lib:/root/tracer_control_ws/install/tracer_base/lib:/opt/ros/humble/opt/rviz_ogre_vendor/lib:/opt/ros/humble/lib/aarch64-linux-gnu:/opt/ros/humble/lib:/usr/local/cuda/lib64 /usr/bin/cmake --install /root/tracer_control_ws/build/tracer_base
[31.440s] Level 1:colcon.colcon_core.environment:checking '/root/tracer_control_ws/install/tracer_base' for CMake config files
[31.441s] Level 1:colcon.colcon_core.shell:create_environment_hook('tracer_base', 'cmake_prefix_path')
[31.442s] INFO:colcon.colcon_core.shell:Creating environment hook '/root/tracer_control_ws/install/tracer_base/share/tracer_base/hook/cmake_prefix_path.ps1'
[31.444s] INFO:colcon.colcon_core.shell:Creating environment descriptor '/root/tracer_control_ws/install/tracer_base/share/tracer_base/hook/cmake_prefix_path.dsv'
[31.445s] INFO:colcon.colcon_core.shell:Creating environment hook '/root/tracer_control_ws/install/tracer_base/share/tracer_base/hook/cmake_prefix_path.sh'
[31.447s] Level 1:colcon.colcon_core.environment:checking '/root/tracer_control_ws/install/tracer_base/lib'
[31.447s] Level 1:colcon.colcon_core.environment:checking '/root/tracer_control_ws/install/tracer_base/bin'
[31.448s] Level 1:colcon.colcon_core.environment:checking '/root/tracer_control_ws/install/tracer_base/lib/pkgconfig/tracer_base.pc'
[31.448s] Level 1:colcon.colcon_core.environment:checking '/root/tracer_control_ws/install/tracer_base/lib/python3.10/site-packages'
[31.449s] Level 1:colcon.colcon_core.environment:checking '/root/tracer_control_ws/install/tracer_base/bin'
[31.449s] INFO:colcon.colcon_core.shell:Creating package script '/root/tracer_control_ws/install/tracer_base/share/tracer_base/package.ps1'
[31.450s] INFO:colcon.colcon_core.shell:Creating package descriptor '/root/tracer_control_ws/install/tracer_base/share/tracer_base/package.dsv'
[31.452s] INFO:colcon.colcon_core.shell:Creating package script '/root/tracer_control_ws/install/tracer_base/share/tracer_base/package.sh'
[31.453s] INFO:colcon.colcon_core.shell:Creating package script '/root/tracer_control_ws/install/tracer_base/share/tracer_base/package.bash'
[31.454s] INFO:colcon.colcon_core.shell:Creating package script '/root/tracer_control_ws/install/tracer_base/share/tracer_base/package.zsh'
[31.455s] Level 1:colcon.colcon_core.environment:create_file_with_runtime_dependencies(/root/tracer_control_ws/install/tracer_base/share/colcon-core/packages/tracer_base)
[31.457s] Level 1:colcon.colcon_core.environment:create_environment_scripts_only(tracer_base)
[31.458s] Level 1:colcon.colcon_core.environment:checking '/root/tracer_control_ws/install/tracer_base' for CMake module files
[31.459s] Level 1:colcon.colcon_core.environment:checking '/root/tracer_control_ws/install/tracer_base' for CMake config files
[31.461s] Level 1:colcon.colcon_core.shell:create_environment_hook('tracer_base', 'cmake_prefix_path')
[31.461s] INFO:colcon.colcon_core.shell:Creating environment hook '/root/tracer_control_ws/install/tracer_base/share/tracer_base/hook/cmake_prefix_path.ps1'
[31.462s] INFO:colcon.colcon_core.shell:Creating environment descriptor '/root/tracer_control_ws/install/tracer_base/share/tracer_base/hook/cmake_prefix_path.dsv'
[31.463s] INFO:colcon.colcon_core.shell:Creating environment hook '/root/tracer_control_ws/install/tracer_base/share/tracer_base/hook/cmake_prefix_path.sh'
[31.465s] Level 1:colcon.colcon_core.environment:checking '/root/tracer_control_ws/install/tracer_base/lib'
[31.466s] Level 1:colcon.colcon_core.environment:checking '/root/tracer_control_ws/install/tracer_base/bin'
[31.466s] Level 1:colcon.colcon_core.environment:checking '/root/tracer_control_ws/install/tracer_base/lib/pkgconfig/tracer_base.pc'
[31.466s] Level 1:colcon.colcon_core.environment:checking '/root/tracer_control_ws/install/tracer_base/lib/python3.10/site-packages'
[31.467s] Level 1:colcon.colcon_core.environment:checking '/root/tracer_control_ws/install/tracer_base/bin'
[31.467s] INFO:colcon.colcon_core.shell:Creating package script '/root/tracer_control_ws/install/tracer_base/share/tracer_base/package.ps1'
[31.469s] INFO:colcon.colcon_core.shell:Creating package descriptor '/root/tracer_control_ws/install/tracer_base/share/tracer_base/package.dsv'
[31.472s] INFO:colcon.colcon_core.shell:Creating package script '/root/tracer_control_ws/install/tracer_base/share/tracer_base/package.sh'
[31.474s] INFO:colcon.colcon_core.shell:Creating package script '/root/tracer_control_ws/install/tracer_base/share/tracer_base/package.bash'
[31.476s] INFO:colcon.colcon_core.shell:Creating package script '/root/tracer_control_ws/install/tracer_base/share/tracer_base/package.zsh'
[31.478s] Level 1:colcon.colcon_core.environment:create_file_with_runtime_dependencies(/root/tracer_control_ws/install/tracer_base/share/colcon-core/packages/tracer_base)
[31.479s] DEBUG:colcon.colcon_parallel_executor.executor.parallel:closing loop
[31.480s] DEBUG:colcon.colcon_parallel_executor.executor.parallel:loop closed
[31.480s] DEBUG:colcon.colcon_parallel_executor.executor.parallel:run_until_complete finished with '0'
[31.481s] DEBUG:colcon.colcon_core.event_reactor:joining thread
[31.497s] INFO:colcon.colcon_core.plugin_system:Skipping extension 'colcon_notification.desktop_notification.notify_send': Could not find 'notify-send'
[31.497s] INFO:colcon.colcon_core.plugin_system:Skipping extension 'colcon_notification.desktop_notification.terminal_notifier': Not used on non-Darwin systems
[31.498s] INFO:colcon.colcon_core.plugin_system:Skipping extension 'colcon_notification.desktop_notification.win32': Not used on non-Windows systems
[31.498s] INFO:colcon.colcon_notification.desktop_notification:Sending desktop notification using 'notify2'
[31.505s] DEBUG:colcon.colcon_notification.desktop_notification.notify2:Failed to initialize notify2: org.freedesktop.DBus.Error.Spawn.ExecFailed: /usr/bin/dbus-launch terminated abnormally without any error message
[31.506s] DEBUG:colcon.colcon_core.event_reactor:joined thread
[31.508s] INFO:colcon.colcon_core.shell:Creating prefix script '/root/tracer_control_ws/install/local_setup.ps1'
[31.512s] INFO:colcon.colcon_core.shell:Creating prefix util module '/root/tracer_control_ws/install/_local_setup_util_ps1.py'
[31.516s] INFO:colcon.colcon_core.shell:Creating prefix chain script '/root/tracer_control_ws/install/setup.ps1'
[31.521s] INFO:colcon.colcon_core.shell:Creating prefix script '/root/tracer_control_ws/install/local_setup.sh'
[31.524s] INFO:colcon.colcon_core.shell:Creating prefix util module '/root/tracer_control_ws/install/_local_setup_util_sh.py'
[31.525s] INFO:colcon.colcon_core.shell:Creating prefix chain script '/root/tracer_control_ws/install/setup.sh'
[31.529s] INFO:colcon.colcon_core.shell:Creating prefix script '/root/tracer_control_ws/install/local_setup.bash'
[31.531s] INFO:colcon.colcon_core.shell:Creating prefix chain script '/root/tracer_control_ws/install/setup.bash'
[31.533s] INFO:colcon.colcon_core.shell:Creating prefix script '/root/tracer_control_ws/install/local_setup.zsh'
[31.535s] INFO:colcon.colcon_core.shell:Creating prefix chain script '/root/tracer_control_ws/install/setup.zsh'
