[0.252s] DEBUG:colcon:Command line arguments: ['/usr/bin/colcon', 'build', '--symlink-install']
[0.252s] DEBUG:colcon:Parsed command line arguments: Namespace(log_base=None, log_level=None, verb_name='build', build_base='build', install_base='install', merge_install=False, symlink_install=True, test_result_base=None, continue_on_error=False, executor='parallel', parallel_workers=12, event_handlers=None, ignore_user_meta=False, metas=['./colcon.meta'], base_paths=['.'], packages_ignore=None, packages_ignore_regex=None, paths=None, packages_up_to=None, packages_up_to_regex=None, packages_above=None, packages_above_and_dependencies=None, packages_above_depth=None, packages_select_by_dep=None, packages_skip_by_dep=None, packages_skip_up_to=None, packages_select_build_failed=False, packages_skip_build_finished=False, packages_select_test_failures=False, packages_skip_test_passed=False, packages_select=None, packages_skip=None, packages_select_regex=None, packages_skip_regex=None, packages_start=None, packages_end=None, allow_overriding=[], cmake_args=None, cmake_target=None, cmake_target_skip_unavailable=False, cmake_clean_cache=False, cmake_clean_first=False, cmake_force_configure=False, ament_cmake_args=None, catkin_cmake_args=None, catkin_skip_building_tests=False, verb_parser=<colcon_defaults.argument_parser.defaults.DefaultArgumentsDecorator object at 0xffff92fc4460>, verb_extension=<colcon_core.verb.build.BuildVerb object at 0xffff9315cb80>, main=<bound method BuildVerb.main of <colcon_core.verb.build.BuildVerb object at 0xffff9315cb80>>)
[0.640s] Level 1:colcon.colcon_core.package_discovery:discover_packages(colcon_meta) check parameters
[0.640s] Level 1:colcon.colcon_core.package_discovery:discover_packages(recursive) check parameters
[0.640s] Level 1:colcon.colcon_core.package_discovery:discover_packages(ignore) check parameters
[0.640s] Level 1:colcon.colcon_core.package_discovery:discover_packages(path) check parameters
[0.640s] Level 1:colcon.colcon_core.package_discovery:discover_packages(colcon_meta) discover
[0.641s] Level 1:colcon.colcon_core.package_discovery:discover_packages(recursive) discover
[0.641s] INFO:colcon.colcon_core.package_discovery:Crawling recursively for packages in '/root/tracer_control_ws'
[0.641s] Level 1:colcon.colcon_core.package_identification:_identify(.) by extensions ['ignore', 'ignore_ament_install']
[0.641s] Level 1:colcon.colcon_core.package_identification:_identify(.) by extension 'ignore'
[0.642s] Level 1:colcon.colcon_core.package_identification:_identify(.) by extension 'ignore_ament_install'
[0.642s] Level 1:colcon.colcon_core.package_identification:_identify(.) by extensions ['colcon_pkg']
[0.642s] Level 1:colcon.colcon_core.package_identification:_identify(.) by extension 'colcon_pkg'
[0.642s] Level 1:colcon.colcon_core.package_identification:_identify(.) by extensions ['colcon_meta']
[0.642s] Level 1:colcon.colcon_core.package_identification:_identify(.) by extension 'colcon_meta'
[0.642s] Level 1:colcon.colcon_core.package_identification:_identify(.) by extensions ['ros']
[0.642s] Level 1:colcon.colcon_core.package_identification:_identify(.) by extension 'ros'
[0.670s] Level 1:colcon.colcon_core.package_identification:_identify(.) by extensions ['cmake', 'python']
[0.670s] Level 1:colcon.colcon_core.package_identification:_identify(.) by extension 'cmake'
[0.670s] Level 1:colcon.colcon_core.package_identification:_identify(.) by extension 'python'
[0.671s] Level 1:colcon.colcon_core.package_identification:_identify(.) by extensions ['python_setup_py']
[0.671s] Level 1:colcon.colcon_core.package_identification:_identify(.) by extension 'python_setup_py'
[0.671s] Level 1:colcon.colcon_core.package_identification:_identify(build) by extensions ['ignore', 'ignore_ament_install']
[0.671s] Level 1:colcon.colcon_core.package_identification:_identify(build) by extension 'ignore'
[0.672s] Level 1:colcon.colcon_core.package_identification:_identify(build) ignored
[0.672s] Level 1:colcon.colcon_core.package_identification:_identify(install) by extensions ['ignore', 'ignore_ament_install']
[0.672s] Level 1:colcon.colcon_core.package_identification:_identify(install) by extension 'ignore'
[0.672s] Level 1:colcon.colcon_core.package_identification:_identify(install) ignored
[0.672s] Level 1:colcon.colcon_core.package_identification:_identify(log) by extensions ['ignore', 'ignore_ament_install']
[0.673s] Level 1:colcon.colcon_core.package_identification:_identify(log) by extension 'ignore'
[0.673s] Level 1:colcon.colcon_core.package_identification:_identify(log) ignored
[0.673s] Level 1:colcon.colcon_core.package_identification:_identify(src) by extensions ['ignore', 'ignore_ament_install']
[0.673s] Level 1:colcon.colcon_core.package_identification:_identify(src) by extension 'ignore'
[0.673s] Level 1:colcon.colcon_core.package_identification:_identify(src) by extension 'ignore_ament_install'
[0.673s] Level 1:colcon.colcon_core.package_identification:_identify(src) by extensions ['colcon_pkg']
[0.673s] Level 1:colcon.colcon_core.package_identification:_identify(src) by extension 'colcon_pkg'
[0.674s] Level 1:colcon.colcon_core.package_identification:_identify(src) by extensions ['colcon_meta']
[0.674s] Level 1:colcon.colcon_core.package_identification:_identify(src) by extension 'colcon_meta'
[0.674s] Level 1:colcon.colcon_core.package_identification:_identify(src) by extensions ['ros']
[0.674s] Level 1:colcon.colcon_core.package_identification:_identify(src) by extension 'ros'
[0.674s] Level 1:colcon.colcon_core.package_identification:_identify(src) by extensions ['cmake', 'python']
[0.674s] Level 1:colcon.colcon_core.package_identification:_identify(src) by extension 'cmake'
[0.674s] Level 1:colcon.colcon_core.package_identification:_identify(src) by extension 'python'
[0.674s] Level 1:colcon.colcon_core.package_identification:_identify(src) by extensions ['python_setup_py']
[0.674s] Level 1:colcon.colcon_core.package_identification:_identify(src) by extension 'python_setup_py'
[0.675s] Level 1:colcon.colcon_core.package_identification:_identify(src/tracer_ros) by extensions ['ignore', 'ignore_ament_install']
[0.675s] Level 1:colcon.colcon_core.package_identification:_identify(src/tracer_ros) by extension 'ignore'
[0.675s] Level 1:colcon.colcon_core.package_identification:_identify(src/tracer_ros) by extension 'ignore_ament_install'
[0.675s] Level 1:colcon.colcon_core.package_identification:_identify(src/tracer_ros) by extensions ['colcon_pkg']
[0.675s] Level 1:colcon.colcon_core.package_identification:_identify(src/tracer_ros) by extension 'colcon_pkg'
[0.675s] Level 1:colcon.colcon_core.package_identification:_identify(src/tracer_ros) by extensions ['colcon_meta']
[0.675s] Level 1:colcon.colcon_core.package_identification:_identify(src/tracer_ros) by extension 'colcon_meta'
[0.676s] Level 1:colcon.colcon_core.package_identification:_identify(src/tracer_ros) by extensions ['ros']
[0.676s] Level 1:colcon.colcon_core.package_identification:_identify(src/tracer_ros) by extension 'ros'
[0.676s] Level 1:colcon.colcon_core.package_identification:_identify(src/tracer_ros) by extensions ['cmake', 'python']
[0.676s] Level 1:colcon.colcon_core.package_identification:_identify(src/tracer_ros) by extension 'cmake'
[0.676s] Level 1:colcon.colcon_core.package_identification:_identify(src/tracer_ros) by extension 'python'
[0.676s] Level 1:colcon.colcon_core.package_identification:_identify(src/tracer_ros) by extensions ['python_setup_py']
[0.676s] Level 1:colcon.colcon_core.package_identification:_identify(src/tracer_ros) by extension 'python_setup_py'
[0.676s] Level 1:colcon.colcon_core.package_identification:_identify(src/tracer_ros/tracer_base) by extensions ['ignore', 'ignore_ament_install']
[0.677s] Level 1:colcon.colcon_core.package_identification:_identify(src/tracer_ros/tracer_base) by extension 'ignore'
[0.677s] Level 1:colcon.colcon_core.package_identification:_identify(src/tracer_ros/tracer_base) by extension 'ignore_ament_install'
[0.677s] Level 1:colcon.colcon_core.package_identification:_identify(src/tracer_ros/tracer_base) by extensions ['colcon_pkg']
[0.677s] Level 1:colcon.colcon_core.package_identification:_identify(src/tracer_ros/tracer_base) by extension 'colcon_pkg'
[0.677s] Level 1:colcon.colcon_core.package_identification:_identify(src/tracer_ros/tracer_base) by extensions ['colcon_meta']
[0.677s] Level 1:colcon.colcon_core.package_identification:_identify(src/tracer_ros/tracer_base) by extension 'colcon_meta'
[0.677s] Level 1:colcon.colcon_core.package_identification:_identify(src/tracer_ros/tracer_base) by extensions ['ros']
[0.677s] Level 1:colcon.colcon_core.package_identification:_identify(src/tracer_ros/tracer_base) by extension 'ros'
[0.684s] DEBUG:colcon.colcon_core.package_identification:Package 'src/tracer_ros/tracer_base' with type 'ros.catkin' and name 'tracer_base'
[0.685s] Level 1:colcon.colcon_core.package_identification:_identify(src/tracer_ros/tracer_msgs) by extensions ['ignore', 'ignore_ament_install']
[0.685s] Level 1:colcon.colcon_core.package_identification:_identify(src/tracer_ros/tracer_msgs) by extension 'ignore'
[0.685s] Level 1:colcon.colcon_core.package_identification:_identify(src/tracer_ros/tracer_msgs) by extension 'ignore_ament_install'
[0.685s] Level 1:colcon.colcon_core.package_identification:_identify(src/tracer_ros/tracer_msgs) by extensions ['colcon_pkg']
[0.685s] Level 1:colcon.colcon_core.package_identification:_identify(src/tracer_ros/tracer_msgs) by extension 'colcon_pkg'
[0.685s] Level 1:colcon.colcon_core.package_identification:_identify(src/tracer_ros/tracer_msgs) by extensions ['colcon_meta']
[0.685s] Level 1:colcon.colcon_core.package_identification:_identify(src/tracer_ros/tracer_msgs) by extension 'colcon_meta'
[0.686s] Level 1:colcon.colcon_core.package_identification:_identify(src/tracer_ros/tracer_msgs) by extensions ['ros']
[0.686s] Level 1:colcon.colcon_core.package_identification:_identify(src/tracer_ros/tracer_msgs) by extension 'ros'
[0.687s] DEBUG:colcon.colcon_core.package_identification:Package 'src/tracer_ros/tracer_msgs' with type 'ros.ament_cmake' and name 'tracer_msgs'
[0.688s] Level 1:colcon.colcon_core.package_identification:_identify(src/ugv_sdk) by extensions ['ignore', 'ignore_ament_install']
[0.688s] Level 1:colcon.colcon_core.package_identification:_identify(src/ugv_sdk) by extension 'ignore'
[0.688s] Level 1:colcon.colcon_core.package_identification:_identify(src/ugv_sdk) by extension 'ignore_ament_install'
[0.688s] Level 1:colcon.colcon_core.package_identification:_identify(src/ugv_sdk) by extensions ['colcon_pkg']
[0.688s] Level 1:colcon.colcon_core.package_identification:_identify(src/ugv_sdk) by extension 'colcon_pkg'
[0.688s] Level 1:colcon.colcon_core.package_identification:_identify(src/ugv_sdk) by extensions ['colcon_meta']
[0.688s] Level 1:colcon.colcon_core.package_identification:_identify(src/ugv_sdk) by extension 'colcon_meta'
[0.689s] Level 1:colcon.colcon_core.package_identification:_identify(src/ugv_sdk) by extensions ['ros']
[0.689s] Level 1:colcon.colcon_core.package_identification:_identify(src/ugv_sdk) by extension 'ros'
[0.693s] DEBUG:colcon.colcon_core.package_identification:Package 'src/ugv_sdk' with type 'ros.catkin' and name 'ugv_sdk'
[0.694s] Level 1:colcon.colcon_core.package_discovery:discover_packages(recursive) using defaults
[0.694s] Level 1:colcon.colcon_core.package_discovery:discover_packages(ignore) discover
[0.694s] Level 1:colcon.colcon_core.package_discovery:discover_packages(ignore) using defaults
[0.694s] Level 1:colcon.colcon_core.package_discovery:discover_packages(path) discover
[0.694s] Level 1:colcon.colcon_core.package_discovery:discover_packages(path) using defaults
[0.745s] Level 1:colcon.colcon_core.package_discovery:discover_packages(prefix_path) check parameters
[0.745s] Level 1:colcon.colcon_core.package_discovery:discover_packages(prefix_path) discover
[0.752s] DEBUG:colcon.colcon_installed_package_information.package_discovery:Found 319 installed packages in /opt/ros/humble
[0.792s] Level 1:colcon.colcon_core.package_discovery:discover_packages(prefix_path) using defaults
[0.891s] Level 5:colcon.colcon_core.verb:set package 'tracer_msgs' build argument 'cmake_args' from command line to 'None'
[0.891s] Level 5:colcon.colcon_core.verb:set package 'tracer_msgs' build argument 'cmake_target' from command line to 'None'
[0.891s] Level 5:colcon.colcon_core.verb:set package 'tracer_msgs' build argument 'cmake_target_skip_unavailable' from command line to 'False'
[0.891s] Level 5:colcon.colcon_core.verb:set package 'tracer_msgs' build argument 'cmake_clean_cache' from command line to 'False'
[0.891s] Level 5:colcon.colcon_core.verb:set package 'tracer_msgs' build argument 'cmake_clean_first' from command line to 'False'
[0.891s] Level 5:colcon.colcon_core.verb:set package 'tracer_msgs' build argument 'cmake_force_configure' from command line to 'False'
[0.891s] Level 5:colcon.colcon_core.verb:set package 'tracer_msgs' build argument 'ament_cmake_args' from command line to 'None'
[0.891s] Level 5:colcon.colcon_core.verb:set package 'tracer_msgs' build argument 'catkin_cmake_args' from command line to 'None'
[0.892s] Level 5:colcon.colcon_core.verb:set package 'tracer_msgs' build argument 'catkin_skip_building_tests' from command line to 'False'
[0.892s] DEBUG:colcon.colcon_core.verb:Building package 'tracer_msgs' with the following arguments: {'ament_cmake_args': None, 'build_base': '/root/tracer_control_ws/build/tracer_msgs', 'catkin_cmake_args': None, 'catkin_skip_building_tests': False, 'cmake_args': None, 'cmake_clean_cache': False, 'cmake_clean_first': False, 'cmake_force_configure': False, 'cmake_target': None, 'cmake_target_skip_unavailable': False, 'install_base': '/root/tracer_control_ws/install/tracer_msgs', 'merge_install': False, 'path': '/root/tracer_control_ws/src/tracer_ros/tracer_msgs', 'symlink_install': True, 'test_result_base': None}
[0.893s] Level 5:colcon.colcon_core.verb:set package 'ugv_sdk' build argument 'cmake_args' from command line to 'None'
[0.893s] Level 5:colcon.colcon_core.verb:set package 'ugv_sdk' build argument 'cmake_target' from command line to 'None'
[0.893s] Level 5:colcon.colcon_core.verb:set package 'ugv_sdk' build argument 'cmake_target_skip_unavailable' from command line to 'False'
[0.893s] Level 5:colcon.colcon_core.verb:set package 'ugv_sdk' build argument 'cmake_clean_cache' from command line to 'False'
[0.893s] Level 5:colcon.colcon_core.verb:set package 'ugv_sdk' build argument 'cmake_clean_first' from command line to 'False'
[0.893s] Level 5:colcon.colcon_core.verb:set package 'ugv_sdk' build argument 'cmake_force_configure' from command line to 'False'
[0.893s] Level 5:colcon.colcon_core.verb:set package 'ugv_sdk' build argument 'ament_cmake_args' from command line to 'None'
[0.893s] Level 5:colcon.colcon_core.verb:set package 'ugv_sdk' build argument 'catkin_cmake_args' from command line to 'None'
[0.893s] Level 5:colcon.colcon_core.verb:set package 'ugv_sdk' build argument 'catkin_skip_building_tests' from command line to 'False'
[0.893s] DEBUG:colcon.colcon_core.verb:Building package 'ugv_sdk' with the following arguments: {'ament_cmake_args': None, 'build_base': '/root/tracer_control_ws/build/ugv_sdk', 'catkin_cmake_args': None, 'catkin_skip_building_tests': False, 'cmake_args': None, 'cmake_clean_cache': False, 'cmake_clean_first': False, 'cmake_force_configure': False, 'cmake_target': None, 'cmake_target_skip_unavailable': False, 'install_base': '/root/tracer_control_ws/install/ugv_sdk', 'merge_install': False, 'path': '/root/tracer_control_ws/src/ugv_sdk', 'symlink_install': True, 'test_result_base': None}
[0.894s] Level 5:colcon.colcon_core.verb:set package 'tracer_base' build argument 'cmake_args' from command line to 'None'
[0.894s] Level 5:colcon.colcon_core.verb:set package 'tracer_base' build argument 'cmake_target' from command line to 'None'
[0.894s] Level 5:colcon.colcon_core.verb:set package 'tracer_base' build argument 'cmake_target_skip_unavailable' from command line to 'False'
[0.894s] Level 5:colcon.colcon_core.verb:set package 'tracer_base' build argument 'cmake_clean_cache' from command line to 'False'
[0.894s] Level 5:colcon.colcon_core.verb:set package 'tracer_base' build argument 'cmake_clean_first' from command line to 'False'
[0.894s] Level 5:colcon.colcon_core.verb:set package 'tracer_base' build argument 'cmake_force_configure' from command line to 'False'
[0.894s] Level 5:colcon.colcon_core.verb:set package 'tracer_base' build argument 'ament_cmake_args' from command line to 'None'
[0.895s] Level 5:colcon.colcon_core.verb:set package 'tracer_base' build argument 'catkin_cmake_args' from command line to 'None'
[0.895s] Level 5:colcon.colcon_core.verb:set package 'tracer_base' build argument 'catkin_skip_building_tests' from command line to 'False'
[0.895s] DEBUG:colcon.colcon_core.verb:Building package 'tracer_base' with the following arguments: {'ament_cmake_args': None, 'build_base': '/root/tracer_control_ws/build/tracer_base', 'catkin_cmake_args': None, 'catkin_skip_building_tests': False, 'cmake_args': None, 'cmake_clean_cache': False, 'cmake_clean_first': False, 'cmake_force_configure': False, 'cmake_target': None, 'cmake_target_skip_unavailable': False, 'install_base': '/root/tracer_control_ws/install/tracer_base', 'merge_install': False, 'path': '/root/tracer_control_ws/src/tracer_ros/tracer_base', 'symlink_install': True, 'test_result_base': None}
[0.895s] INFO:colcon.colcon_core.executor:Executing jobs using 'parallel' executor
[0.898s] DEBUG:colcon.colcon_parallel_executor.executor.parallel:run_until_complete
[0.898s] INFO:colcon.colcon_ros.task.ament_cmake.build:Building ROS package in '/root/tracer_control_ws/src/tracer_ros/tracer_msgs' with build type 'ament_cmake'
[0.899s] INFO:colcon.colcon_cmake.task.cmake.build:Building CMake package in '/root/tracer_control_ws/src/tracer_ros/tracer_msgs'
[0.904s] INFO:colcon.colcon_core.plugin_system:Skipping extension 'colcon_core.shell.bat': Not used on non-Windows systems
[0.905s] INFO:colcon.colcon_core.shell:Skip shell extension 'powershell' for command environment: Not usable outside of PowerShell
[0.905s] DEBUG:colcon.colcon_core.shell:Skip shell extension 'dsv' for command environment
[0.912s] INFO:colcon.colcon_ros.task.catkin.build:Building ROS package in '/root/tracer_control_ws/src/ugv_sdk' with build type 'catkin'
[0.913s] INFO:colcon.colcon_cmake.task.cmake.build:Building CMake package in '/root/tracer_control_ws/src/ugv_sdk'
[0.914s] INFO:colcon.colcon_core.shell:Skip shell extension 'powershell' for command environment: Not usable outside of PowerShell
[0.914s] DEBUG:colcon.colcon_core.shell:Skip shell extension 'dsv' for command environment
[0.931s] DEBUG:colcon.colcon_core.event_handler.log_command:Invoking command in '/root/tracer_control_ws/build/tracer_msgs': CMAKE_PREFIX_PATH=/opt/ros/humble /usr/bin/cmake --build /root/tracer_control_ws/build/tracer_msgs -- -j12 -l12
[0.945s] DEBUG:colcon.colcon_core.event_handler.log_command:Invoking command in '/root/tracer_control_ws/build/ugv_sdk': /usr/bin/cmake --build /root/tracer_control_ws/build/ugv_sdk -- -j12 -l12
[1.277s] DEBUG:colcon.colcon_core.event_handler.log_command:Invoked command in '/root/tracer_control_ws/build/ugv_sdk' returned '0': /usr/bin/cmake --build /root/tracer_control_ws/build/ugv_sdk -- -j12 -l12
[1.303s] DEBUG:colcon.colcon_core.event_handler.log_command:Invoking command in '/root/tracer_control_ws/build/ugv_sdk': /usr/bin/cmake --install /root/tracer_control_ws/build/ugv_sdk
[1.339s] DEBUG:colcon.colcon_core.event_handler.log_command:Invoked command in '/root/tracer_control_ws/build/ugv_sdk' returned '0': /usr/bin/cmake --install /root/tracer_control_ws/build/ugv_sdk
[1.340s] Level 1:colcon.colcon_core.shell:create_environment_hook('ugv_sdk', 'ros_package_path')
[1.341s] INFO:colcon.colcon_core.shell:Creating environment hook '/root/tracer_control_ws/install/ugv_sdk/share/ugv_sdk/hook/ros_package_path.ps1'
[1.343s] INFO:colcon.colcon_core.shell:Creating environment descriptor '/root/tracer_control_ws/install/ugv_sdk/share/ugv_sdk/hook/ros_package_path.dsv'
[1.344s] INFO:colcon.colcon_core.shell:Creating environment hook '/root/tracer_control_ws/install/ugv_sdk/share/ugv_sdk/hook/ros_package_path.sh'
[1.346s] Level 1:colcon.colcon_core.shell:create_environment_hook('ugv_sdk', 'pkg_config_path')
[1.347s] INFO:colcon.colcon_core.shell:Creating environment hook '/root/tracer_control_ws/install/ugv_sdk/share/ugv_sdk/hook/pkg_config_path.ps1'
[1.348s] INFO:colcon.colcon_core.shell:Creating environment descriptor '/root/tracer_control_ws/install/ugv_sdk/share/ugv_sdk/hook/pkg_config_path.dsv'
[1.348s] INFO:colcon.colcon_core.shell:Creating environment hook '/root/tracer_control_ws/install/ugv_sdk/share/ugv_sdk/hook/pkg_config_path.sh'
[1.353s] Level 1:colcon.colcon_core.shell:create_environment_hook('ugv_sdk', 'pkg_config_path_multiarch')
[1.353s] INFO:colcon.colcon_core.shell:Creating environment hook '/root/tracer_control_ws/install/ugv_sdk/share/ugv_sdk/hook/pkg_config_path_multiarch.ps1'
[1.355s] INFO:colcon.colcon_core.shell:Creating environment descriptor '/root/tracer_control_ws/install/ugv_sdk/share/ugv_sdk/hook/pkg_config_path_multiarch.dsv'
[1.355s] INFO:colcon.colcon_core.shell:Creating environment hook '/root/tracer_control_ws/install/ugv_sdk/share/ugv_sdk/hook/pkg_config_path_multiarch.sh'
[1.358s] Level 1:colcon.colcon_core.environment:create_environment_scripts_only(ugv_sdk)
[1.364s] Level 1:colcon.colcon_core.environment:checking '/root/tracer_control_ws/install/ugv_sdk' for CMake module files
[1.365s] Level 1:colcon.colcon_core.environment:checking '/root/tracer_control_ws/install/ugv_sdk' for CMake config files
[1.366s] Level 1:colcon.colcon_core.shell:create_environment_hook('ugv_sdk', 'cmake_prefix_path')
[1.367s] INFO:colcon.colcon_core.shell:Creating environment hook '/root/tracer_control_ws/install/ugv_sdk/share/ugv_sdk/hook/cmake_prefix_path.ps1'
[1.369s] INFO:colcon.colcon_core.shell:Creating environment descriptor '/root/tracer_control_ws/install/ugv_sdk/share/ugv_sdk/hook/cmake_prefix_path.dsv'
[1.370s] INFO:colcon.colcon_core.shell:Creating environment hook '/root/tracer_control_ws/install/ugv_sdk/share/ugv_sdk/hook/cmake_prefix_path.sh'
[1.373s] Level 1:colcon.colcon_core.environment:checking '/root/tracer_control_ws/install/ugv_sdk/lib'
[1.373s] Level 1:colcon.colcon_core.environment:checking '/root/tracer_control_ws/install/ugv_sdk/bin'
[1.373s] Level 1:colcon.colcon_core.environment:checking '/root/tracer_control_ws/install/ugv_sdk/lib/pkgconfig/ugv_sdk.pc'
[1.374s] Level 1:colcon.colcon_core.environment:checking '/root/tracer_control_ws/install/ugv_sdk/lib/python3.10/site-packages'
[1.374s] Level 1:colcon.colcon_core.environment:checking '/root/tracer_control_ws/install/ugv_sdk/bin'
[1.375s] INFO:colcon.colcon_core.shell:Creating package script '/root/tracer_control_ws/install/ugv_sdk/share/ugv_sdk/package.ps1'
[1.377s] INFO:colcon.colcon_core.shell:Creating package descriptor '/root/tracer_control_ws/install/ugv_sdk/share/ugv_sdk/package.dsv'
[1.379s] INFO:colcon.colcon_core.shell:Creating package script '/root/tracer_control_ws/install/ugv_sdk/share/ugv_sdk/package.sh'
[1.381s] INFO:colcon.colcon_core.shell:Creating package script '/root/tracer_control_ws/install/ugv_sdk/share/ugv_sdk/package.bash'
[1.383s] INFO:colcon.colcon_core.shell:Creating package script '/root/tracer_control_ws/install/ugv_sdk/share/ugv_sdk/package.zsh'
[1.385s] Level 1:colcon.colcon_core.environment:create_file_with_runtime_dependencies(/root/tracer_control_ws/install/ugv_sdk/share/colcon-core/packages/ugv_sdk)
[1.856s] DEBUG:colcon.colcon_core.event_handler.log_command:Invoked command in '/root/tracer_control_ws/build/tracer_msgs' returned '0': CMAKE_PREFIX_PATH=/opt/ros/humble /usr/bin/cmake --build /root/tracer_control_ws/build/tracer_msgs -- -j12 -l12
[1.860s] DEBUG:colcon.colcon_core.event_handler.log_command:Invoking command in '/root/tracer_control_ws/build/tracer_msgs': CMAKE_PREFIX_PATH=/opt/ros/humble /usr/bin/cmake --install /root/tracer_control_ws/build/tracer_msgs
[2.061s] Level 1:colcon.colcon_core.environment:create_environment_scripts_only(tracer_msgs)
[2.061s] Level 1:colcon.colcon_core.environment:checking '/root/tracer_control_ws/install/tracer_msgs' for CMake module files
[2.062s] DEBUG:colcon.colcon_core.event_handler.log_command:Invoked command in '/root/tracer_control_ws/build/tracer_msgs' returned '0': CMAKE_PREFIX_PATH=/opt/ros/humble /usr/bin/cmake --install /root/tracer_control_ws/build/tracer_msgs
[2.063s] Level 1:colcon.colcon_core.environment:checking '/root/tracer_control_ws/install/tracer_msgs' for CMake config files
[2.067s] Level 1:colcon.colcon_core.shell:create_environment_hook('tracer_msgs', 'cmake_prefix_path')
[2.068s] INFO:colcon.colcon_core.shell:Creating environment hook '/root/tracer_control_ws/install/tracer_msgs/share/tracer_msgs/hook/cmake_prefix_path.ps1'
[2.069s] INFO:colcon.colcon_core.shell:Creating environment descriptor '/root/tracer_control_ws/install/tracer_msgs/share/tracer_msgs/hook/cmake_prefix_path.dsv'
[2.070s] INFO:colcon.colcon_core.shell:Creating environment hook '/root/tracer_control_ws/install/tracer_msgs/share/tracer_msgs/hook/cmake_prefix_path.sh'
[2.072s] Level 1:colcon.colcon_core.environment:checking '/root/tracer_control_ws/install/tracer_msgs/lib'
[2.072s] Level 1:colcon.colcon_core.shell:create_environment_hook('tracer_msgs', 'ld_library_path_lib')
[2.073s] INFO:colcon.colcon_core.shell:Creating environment hook '/root/tracer_control_ws/install/tracer_msgs/share/tracer_msgs/hook/ld_library_path_lib.ps1'
[2.074s] INFO:colcon.colcon_core.shell:Creating environment descriptor '/root/tracer_control_ws/install/tracer_msgs/share/tracer_msgs/hook/ld_library_path_lib.dsv'
[2.075s] INFO:colcon.colcon_core.shell:Creating environment hook '/root/tracer_control_ws/install/tracer_msgs/share/tracer_msgs/hook/ld_library_path_lib.sh'
[2.075s] Level 1:colcon.colcon_core.environment:checking '/root/tracer_control_ws/install/tracer_msgs/bin'
[2.076s] Level 1:colcon.colcon_core.environment:checking '/root/tracer_control_ws/install/tracer_msgs/lib/pkgconfig/tracer_msgs.pc'
[2.076s] Level 1:colcon.colcon_core.environment:checking '/root/tracer_control_ws/install/tracer_msgs/lib/python3.10/site-packages'
[2.077s] Level 1:colcon.colcon_core.environment:checking '/root/tracer_control_ws/install/tracer_msgs/bin'
[2.077s] INFO:colcon.colcon_core.shell:Creating package script '/root/tracer_control_ws/install/tracer_msgs/share/tracer_msgs/package.ps1'
[2.080s] INFO:colcon.colcon_core.shell:Creating package descriptor '/root/tracer_control_ws/install/tracer_msgs/share/tracer_msgs/package.dsv'
[2.082s] INFO:colcon.colcon_core.shell:Creating package script '/root/tracer_control_ws/install/tracer_msgs/share/tracer_msgs/package.sh'
[2.084s] INFO:colcon.colcon_core.shell:Creating package script '/root/tracer_control_ws/install/tracer_msgs/share/tracer_msgs/package.bash'
[2.085s] INFO:colcon.colcon_core.shell:Creating package script '/root/tracer_control_ws/install/tracer_msgs/share/tracer_msgs/package.zsh'
[2.087s] Level 1:colcon.colcon_core.environment:create_file_with_runtime_dependencies(/root/tracer_control_ws/install/tracer_msgs/share/colcon-core/packages/tracer_msgs)
[2.088s] Level 1:colcon.colcon_core.environment:create_environment_scripts_only(tracer_msgs)
[2.089s] Level 1:colcon.colcon_core.environment:checking '/root/tracer_control_ws/install/tracer_msgs' for CMake module files
[2.090s] Level 1:colcon.colcon_core.environment:checking '/root/tracer_control_ws/install/tracer_msgs' for CMake config files
[2.093s] Level 1:colcon.colcon_core.shell:create_environment_hook('tracer_msgs', 'cmake_prefix_path')
[2.094s] INFO:colcon.colcon_core.shell:Creating environment hook '/root/tracer_control_ws/install/tracer_msgs/share/tracer_msgs/hook/cmake_prefix_path.ps1'
[2.095s] INFO:colcon.colcon_core.shell:Creating environment descriptor '/root/tracer_control_ws/install/tracer_msgs/share/tracer_msgs/hook/cmake_prefix_path.dsv'
[2.096s] INFO:colcon.colcon_core.shell:Creating environment hook '/root/tracer_control_ws/install/tracer_msgs/share/tracer_msgs/hook/cmake_prefix_path.sh'
[2.097s] Level 1:colcon.colcon_core.environment:checking '/root/tracer_control_ws/install/tracer_msgs/lib'
[2.097s] Level 1:colcon.colcon_core.shell:create_environment_hook('tracer_msgs', 'ld_library_path_lib')
[2.098s] INFO:colcon.colcon_core.shell:Creating environment hook '/root/tracer_control_ws/install/tracer_msgs/share/tracer_msgs/hook/ld_library_path_lib.ps1'
[2.099s] INFO:colcon.colcon_core.shell:Creating environment descriptor '/root/tracer_control_ws/install/tracer_msgs/share/tracer_msgs/hook/ld_library_path_lib.dsv'
[2.100s] INFO:colcon.colcon_core.shell:Creating environment hook '/root/tracer_control_ws/install/tracer_msgs/share/tracer_msgs/hook/ld_library_path_lib.sh'
[2.101s] Level 1:colcon.colcon_core.environment:checking '/root/tracer_control_ws/install/tracer_msgs/bin'
[2.102s] Level 1:colcon.colcon_core.environment:checking '/root/tracer_control_ws/install/tracer_msgs/lib/pkgconfig/tracer_msgs.pc'
[2.102s] Level 1:colcon.colcon_core.environment:checking '/root/tracer_control_ws/install/tracer_msgs/lib/python3.10/site-packages'
[2.103s] Level 1:colcon.colcon_core.environment:checking '/root/tracer_control_ws/install/tracer_msgs/bin'
[2.104s] INFO:colcon.colcon_core.shell:Creating package script '/root/tracer_control_ws/install/tracer_msgs/share/tracer_msgs/package.ps1'
[2.106s] INFO:colcon.colcon_core.shell:Creating package descriptor '/root/tracer_control_ws/install/tracer_msgs/share/tracer_msgs/package.dsv'
[2.107s] INFO:colcon.colcon_core.shell:Creating package script '/root/tracer_control_ws/install/tracer_msgs/share/tracer_msgs/package.sh'
[2.108s] INFO:colcon.colcon_core.shell:Creating package script '/root/tracer_control_ws/install/tracer_msgs/share/tracer_msgs/package.bash'
[2.109s] INFO:colcon.colcon_core.shell:Creating package script '/root/tracer_control_ws/install/tracer_msgs/share/tracer_msgs/package.zsh'
[2.110s] Level 1:colcon.colcon_core.environment:create_file_with_runtime_dependencies(/root/tracer_control_ws/install/tracer_msgs/share/colcon-core/packages/tracer_msgs)
[2.112s] INFO:colcon.colcon_ros.task.catkin.build:Building ROS package in '/root/tracer_control_ws/src/tracer_ros/tracer_base' with build type 'catkin'
[2.112s] INFO:colcon.colcon_cmake.task.cmake.build:Building CMake package in '/root/tracer_control_ws/src/tracer_ros/tracer_base'
[2.112s] INFO:colcon.colcon_core.shell:Skip shell extension 'powershell' for command environment: Not usable outside of PowerShell
[2.113s] DEBUG:colcon.colcon_core.shell:Skip shell extension 'dsv' for command environment
[2.142s] DEBUG:colcon.colcon_core.event_handler.log_command:Invoking command in '/root/tracer_control_ws/build/tracer_base': AMENT_PREFIX_PATH=/root/tracer_control_ws/install/tracer_msgs:${AMENT_PREFIX_PATH} CMAKE_PREFIX_PATH=/root/tracer_control_ws/install/ugv_sdk:/root/tracer_control_ws/install/tracer_msgs LD_LIBRARY_PATH=/root/tracer_control_ws/install/tracer_msgs/lib:/opt/ros/humble/opt/rviz_ogre_vendor/lib:/opt/ros/humble/lib/aarch64-linux-gnu:/opt/ros/humble/lib:/usr/local/cuda/lib64 PKG_CONFIG_PATH=/root/tracer_control_ws/install/ugv_sdk/lib/aarch64-linux-gnu/pkgconfig:/root/tracer_control_ws/install/ugv_sdk/lib/pkgconfig PYTHONPATH=/root/tracer_control_ws/install/tracer_msgs/local/lib/python3.10/dist-packages:${PYTHONPATH} ROS_PACKAGE_PATH=/root/tracer_control_ws/install/ugv_sdk/share /usr/bin/cmake --build /root/tracer_control_ws/build/tracer_base -- -j12 -l12
[19.420s] DEBUG:colcon.colcon_core.event_handler.log_command:Invoked command in '/root/tracer_control_ws/build/tracer_base' returned '2': AMENT_PREFIX_PATH=/root/tracer_control_ws/install/tracer_msgs:${AMENT_PREFIX_PATH} CMAKE_PREFIX_PATH=/root/tracer_control_ws/install/ugv_sdk:/root/tracer_control_ws/install/tracer_msgs LD_LIBRARY_PATH=/root/tracer_control_ws/install/tracer_msgs/lib:/opt/ros/humble/opt/rviz_ogre_vendor/lib:/opt/ros/humble/lib/aarch64-linux-gnu:/opt/ros/humble/lib:/usr/local/cuda/lib64 PKG_CONFIG_PATH=/root/tracer_control_ws/install/ugv_sdk/lib/aarch64-linux-gnu/pkgconfig:/root/tracer_control_ws/install/ugv_sdk/lib/pkgconfig PYTHONPATH=/root/tracer_control_ws/install/tracer_msgs/local/lib/python3.10/dist-packages:${PYTHONPATH} ROS_PACKAGE_PATH=/root/tracer_control_ws/install/ugv_sdk/share /usr/bin/cmake --build /root/tracer_control_ws/build/tracer_base -- -j12 -l12
[19.420s] Level 1:colcon.colcon_core.shell:create_environment_hook('tracer_base', 'ros_package_path')
[19.421s] INFO:colcon.colcon_core.shell:Creating environment hook '/root/tracer_control_ws/install/tracer_base/share/tracer_base/hook/ros_package_path.ps1'
[19.423s] INFO:colcon.colcon_core.shell:Creating environment descriptor '/root/tracer_control_ws/install/tracer_base/share/tracer_base/hook/ros_package_path.dsv'
[19.424s] INFO:colcon.colcon_core.shell:Creating environment hook '/root/tracer_control_ws/install/tracer_base/share/tracer_base/hook/ros_package_path.sh'
[19.425s] Level 1:colcon.colcon_core.shell:create_environment_hook('tracer_base', 'pkg_config_path')
[19.426s] INFO:colcon.colcon_core.shell:Creating environment hook '/root/tracer_control_ws/install/tracer_base/share/tracer_base/hook/pkg_config_path.ps1'
[19.427s] INFO:colcon.colcon_core.shell:Creating environment descriptor '/root/tracer_control_ws/install/tracer_base/share/tracer_base/hook/pkg_config_path.dsv'
[19.428s] INFO:colcon.colcon_core.shell:Creating environment hook '/root/tracer_control_ws/install/tracer_base/share/tracer_base/hook/pkg_config_path.sh'
[19.430s] Level 1:colcon.colcon_core.shell:create_environment_hook('tracer_base', 'pkg_config_path_multiarch')
[19.431s] INFO:colcon.colcon_core.shell:Creating environment hook '/root/tracer_control_ws/install/tracer_base/share/tracer_base/hook/pkg_config_path_multiarch.ps1'
[19.432s] INFO:colcon.colcon_core.shell:Creating environment descriptor '/root/tracer_control_ws/install/tracer_base/share/tracer_base/hook/pkg_config_path_multiarch.dsv'
[19.433s] INFO:colcon.colcon_core.shell:Creating environment hook '/root/tracer_control_ws/install/tracer_base/share/tracer_base/hook/pkg_config_path_multiarch.sh'
[19.434s] Level 1:colcon.colcon_core.environment:create_environment_scripts_only(tracer_base)
[19.435s] Level 1:colcon.colcon_core.environment:checking '/root/tracer_control_ws/install/tracer_base' for CMake module files
[19.437s] Level 1:colcon.colcon_core.environment:checking '/root/tracer_control_ws/install/tracer_base' for CMake config files
[19.438s] Level 1:colcon.colcon_core.environment:checking '/root/tracer_control_ws/install/tracer_base/bin'
[19.439s] Level 1:colcon.colcon_core.environment:checking '/root/tracer_control_ws/install/tracer_base/lib/pkgconfig/tracer_base.pc'
[19.440s] Level 1:colcon.colcon_core.environment:checking '/root/tracer_control_ws/install/tracer_base/lib/python3.10/site-packages'
[19.440s] Level 1:colcon.colcon_core.environment:checking '/root/tracer_control_ws/install/tracer_base/bin'
[19.441s] INFO:colcon.colcon_core.shell:Creating package script '/root/tracer_control_ws/install/tracer_base/share/tracer_base/package.ps1'
[19.444s] INFO:colcon.colcon_core.shell:Creating package descriptor '/root/tracer_control_ws/install/tracer_base/share/tracer_base/package.dsv'
[19.446s] INFO:colcon.colcon_core.shell:Creating package script '/root/tracer_control_ws/install/tracer_base/share/tracer_base/package.sh'
[19.448s] INFO:colcon.colcon_core.shell:Creating package script '/root/tracer_control_ws/install/tracer_base/share/tracer_base/package.bash'
[19.449s] INFO:colcon.colcon_core.shell:Creating package script '/root/tracer_control_ws/install/tracer_base/share/tracer_base/package.zsh'
[19.451s] Level 1:colcon.colcon_core.environment:create_file_with_runtime_dependencies(/root/tracer_control_ws/install/tracer_base/share/colcon-core/packages/tracer_base)
[19.456s] DEBUG:colcon.colcon_parallel_executor.executor.parallel:closing loop
[19.456s] DEBUG:colcon.colcon_parallel_executor.executor.parallel:loop closed
[19.457s] DEBUG:colcon.colcon_parallel_executor.executor.parallel:run_until_complete finished with '2'
[19.457s] DEBUG:colcon.colcon_core.event_reactor:joining thread
[19.474s] INFO:colcon.colcon_core.plugin_system:Skipping extension 'colcon_notification.desktop_notification.notify_send': Could not find 'notify-send'
[19.475s] INFO:colcon.colcon_core.plugin_system:Skipping extension 'colcon_notification.desktop_notification.terminal_notifier': Not used on non-Darwin systems
[19.475s] INFO:colcon.colcon_core.plugin_system:Skipping extension 'colcon_notification.desktop_notification.win32': Not used on non-Windows systems
[19.475s] INFO:colcon.colcon_notification.desktop_notification:Sending desktop notification using 'notify2'
[19.483s] DEBUG:colcon.colcon_notification.desktop_notification.notify2:Failed to initialize notify2: org.freedesktop.DBus.Error.Spawn.ExecFailed: /usr/bin/dbus-launch terminated abnormally without any error message
[19.484s] DEBUG:colcon.colcon_core.event_reactor:joined thread
[19.486s] INFO:colcon.colcon_core.shell:Creating prefix script '/root/tracer_control_ws/install/local_setup.ps1'
[19.490s] INFO:colcon.colcon_core.shell:Creating prefix util module '/root/tracer_control_ws/install/_local_setup_util_ps1.py'
[19.496s] INFO:colcon.colcon_core.shell:Creating prefix chain script '/root/tracer_control_ws/install/setup.ps1'
[19.498s] INFO:colcon.colcon_core.shell:Creating prefix script '/root/tracer_control_ws/install/local_setup.sh'
[19.500s] INFO:colcon.colcon_core.shell:Creating prefix util module '/root/tracer_control_ws/install/_local_setup_util_sh.py'
[19.503s] INFO:colcon.colcon_core.shell:Creating prefix chain script '/root/tracer_control_ws/install/setup.sh'
[19.505s] INFO:colcon.colcon_core.shell:Creating prefix script '/root/tracer_control_ws/install/local_setup.bash'
[19.507s] INFO:colcon.colcon_core.shell:Creating prefix chain script '/root/tracer_control_ws/install/setup.bash'
[19.511s] INFO:colcon.colcon_core.shell:Creating prefix script '/root/tracer_control_ws/install/local_setup.zsh'
[19.513s] INFO:colcon.colcon_core.shell:Creating prefix chain script '/root/tracer_control_ws/install/setup.zsh'
