[0.027s] Invoking command in '/root/tracer_control_ws/build/tracer_base': CMAKE_PREFIX_PATH=/opt/ros/humble:/root/tracer_control_ws/install/ugv_sdk:/root/tracer_control_ws/install/tracer_msgs:/root/tracer_control_ws/install/tracer_base LD_LIBRARY_PATH=/root/tracer_control_ws/install/tracer_msgs/lib:/root/tracer_control_ws/install/tracer_base/lib:/opt/ros/humble/opt/rviz_ogre_vendor/lib:/opt/ros/humble/lib/aarch64-linux-gnu:/opt/ros/humble/lib:/usr/local/cuda/lib64 /usr/bin/cmake /root/tracer_control_ws/src/tracer_ros/tracer_base -DAMENT_CMAKE_SYMLINK_INSTALL=1 -DCMAKE_INSTALL_PREFIX=/root/tracer_control_ws/install/tracer_base
[0.166s] -- The C compiler identification is GNU 11.4.0
[0.292s] -- The CXX compiler identification is GNU 11.4.0
[0.309s] -- Detecting C compiler ABI info
[0.492s] -- Detecting C compiler ABI info - done
[0.505s] -- Check for working C compiler: /usr/bin/cc - skipped
[0.505s] -- Detecting C compile features
[0.506s] -- Detecting C compile features - done
[0.517s] -- Detecting CXX compiler ABI info
[0.735s] -- Detecting CXX compiler ABI info - done
[0.752s] -- Check for working CXX compiler: /usr/bin/c++ - skipped
[0.752s] -- Detecting CXX compile features
[0.754s] -- Detecting CXX compile features - done
[0.763s] -- Found ament_cmake: 1.3.11 (/opt/ros/humble/share/ament_cmake/cmake)
[1.177s] -- Found Python3: /usr/bin/python3 (found version "3.10.12") found components: Interpreter 
[1.338s] -- Override CMake install command with custom implementation using symlinks instead of copying resources
[1.420s] -- Found rclcpp: 16.0.12 (/opt/ros/humble/share/rclcpp/cmake)
[1.522s] -- Found rosidl_generator_c: 3.1.6 (/opt/ros/humble/share/rosidl_generator_c/cmake)
[1.533s] -- Found rosidl_adapter: 3.1.6 (/opt/ros/humble/share/rosidl_adapter/cmake)
[1.553s] -- Found rosidl_generator_cpp: 3.1.6 (/opt/ros/humble/share/rosidl_generator_cpp/cmake)
[1.580s] -- Using all available rosidl_typesupport_c: rosidl_typesupport_fastrtps_c;rosidl_typesupport_introspection_c
[1.618s] -- Using all available rosidl_typesupport_cpp: rosidl_typesupport_fastrtps_cpp;rosidl_typesupport_introspection_cpp
[1.720s] -- Found rmw_implementation_cmake: 6.1.2 (/opt/ros/humble/share/rmw_implementation_cmake/cmake)
[1.727s] -- Found rmw_fastrtps_cpp: 6.2.7 (/opt/ros/humble/share/rmw_fastrtps_cpp/cmake)
[1.983s] -- Found OpenSSL: /usr/lib/aarch64-linux-gnu/libcrypto.so (found version "3.0.2")  
[2.062s] -- Found FastRTPS: /opt/ros/humble/include  
[2.187s] -- Using RMW implementation 'rmw_fastrtps_cpp' as default
[2.212s] -- Looking for pthread.h
[2.382s] -- Looking for pthread.h - found
[2.383s] -- Performing Test CMAKE_HAVE_LIBC_PTHREAD
[2.564s] -- Performing Test CMAKE_HAVE_LIBC_PTHREAD - Success
[2.566s] -- Found Threads: TRUE  
[2.705s] -- Found sensor_msgs: 4.8.0 (/opt/ros/humble/share/sensor_msgs/cmake)
[2.777s] -- Found tf2: 0.25.12 (/opt/ros/humble/share/tf2/cmake)
[2.811s] -- Found tf2_ros: 0.25.12 (/opt/ros/humble/share/tf2_ros/cmake)
[3.016s] -- Found tf2_geometry_msgs: 0.25.12 (/opt/ros/humble/share/tf2_geometry_msgs/cmake)
[3.060s] -- Found eigen3_cmake_module: 0.1.1 (/opt/ros/humble/share/eigen3_cmake_module/cmake)
[3.063s] -- Found Eigen3: TRUE (found version "3.4.0") 
[3.063s] -- Ensuring Eigen3 include directory is part of orocos-kdl CMake target
[3.072s] -- Found tracer_msgs: 0.3.3 (/root/tracer_control_ws/install/tracer_msgs/share/tracer_msgs/cmake)
[3.104s] -- Found nav_msgs: 4.8.0 (/opt/ros/humble/share/nav_msgs/cmake)
[3.148s] [33mCMake Warning at CMakeLists.txt:43 (message):
[3.148s]   libsocketcan not found - CAN support may be limited
[3.148s] 
[3.148s] [0m
[3.149s] [33mCMake Warning at CMakeLists.txt:51 (message):
[3.149s]   libpcan not found - PCAN support disabled
[3.149s] 
[3.149s] [0m
[5.549s] [33mCMake Warning at CMakeLists.txt:161 (message):
[5.549s]   config directory not found, skipping
[5.549s] 
[5.550s] [0m
[5.553s] -- Found ament_lint_auto: 0.12.12 (/opt/ros/humble/share/ament_lint_auto/cmake)
[5.775s] -- Added test 'copyright' to check source files copyright and LICENSE
[5.778s] -- Added test 'cppcheck' to perform static code analysis on C / C++ code
[5.784s] -- Configured cppcheck include dirs: /root/tracer_control_ws/src/tracer_ros/tracer_base/include
[5.784s] -- Configured cppcheck exclude dirs and/or files: 
[5.786s] -- Added test 'cpplint' to check C / C++ code against the Google style
[5.786s] -- Configured cpplint exclude dirs and/or files: 
[5.788s] -- Added test 'lint_cmake' to check CMake code style
[5.791s] -- Added test 'uncrustify' to check C / C++ code style
[5.791s] -- Configured uncrustify additional arguments: 
[5.792s] -- Added test 'xmllint' to check XML markup files
[5.800s] -- Configuring done
[7.054s] -- Generating done
[7.120s] -- Build files have been written to: /root/tracer_control_ws/build/tracer_base
[7.166s] Invoked command in '/root/tracer_control_ws/build/tracer_base' returned '0': CMAKE_PREFIX_PATH=/opt/ros/humble:/root/tracer_control_ws/install/ugv_sdk:/root/tracer_control_ws/install/tracer_msgs:/root/tracer_control_ws/install/tracer_base LD_LIBRARY_PATH=/root/tracer_control_ws/install/tracer_msgs/lib:/root/tracer_control_ws/install/tracer_base/lib:/opt/ros/humble/opt/rviz_ogre_vendor/lib:/opt/ros/humble/lib/aarch64-linux-gnu:/opt/ros/humble/lib:/usr/local/cuda/lib64 /usr/bin/cmake /root/tracer_control_ws/src/tracer_ros/tracer_base -DAMENT_CMAKE_SYMLINK_INSTALL=1 -DCMAKE_INSTALL_PREFIX=/root/tracer_control_ws/install/tracer_base
[7.169s] Invoking command in '/root/tracer_control_ws/build/tracer_base': CMAKE_PREFIX_PATH=/opt/ros/humble:/root/tracer_control_ws/install/ugv_sdk:/root/tracer_control_ws/install/tracer_msgs:/root/tracer_control_ws/install/tracer_base LD_LIBRARY_PATH=/root/tracer_control_ws/install/tracer_msgs/lib:/root/tracer_control_ws/install/tracer_base/lib:/opt/ros/humble/opt/rviz_ogre_vendor/lib:/opt/ros/humble/lib/aarch64-linux-gnu:/opt/ros/humble/lib:/usr/local/cuda/lib64 /usr/bin/cmake --build /root/tracer_control_ws/build/tracer_base -- -j12 -l12
[7.307s] [ 25%] [32mBuilding CXX object CMakeFiles/tracer_messenger.dir/src/tracer_messenger.cpp.o[0m
[38.171s] [ 50%] [32m[1mLinking CXX static library libtracer_messenger.a[0m
[38.691s] [ 50%] Built target tracer_messenger
[38.806s] [ 75%] [32mBuilding CXX object CMakeFiles/tracer_base_node.dir/src/tracer_base_node.cpp.o[0m
[49.047s] [100%] [32m[1mLinking CXX executable tracer_base_node[0m
[66.965s] [100%] Built target tracer_base_node
[66.997s] Invoked command in '/root/tracer_control_ws/build/tracer_base' returned '0': CMAKE_PREFIX_PATH=/opt/ros/humble:/root/tracer_control_ws/install/ugv_sdk:/root/tracer_control_ws/install/tracer_msgs:/root/tracer_control_ws/install/tracer_base LD_LIBRARY_PATH=/root/tracer_control_ws/install/tracer_msgs/lib:/root/tracer_control_ws/install/tracer_base/lib:/opt/ros/humble/opt/rviz_ogre_vendor/lib:/opt/ros/humble/lib/aarch64-linux-gnu:/opt/ros/humble/lib:/usr/local/cuda/lib64 /usr/bin/cmake --build /root/tracer_control_ws/build/tracer_base -- -j12 -l12
[67.002s] Invoking command in '/root/tracer_control_ws/build/tracer_base': CMAKE_PREFIX_PATH=/opt/ros/humble:/root/tracer_control_ws/install/ugv_sdk:/root/tracer_control_ws/install/tracer_msgs:/root/tracer_control_ws/install/tracer_base LD_LIBRARY_PATH=/root/tracer_control_ws/install/tracer_msgs/lib:/root/tracer_control_ws/install/tracer_base/lib:/opt/ros/humble/opt/rviz_ogre_vendor/lib:/opt/ros/humble/lib/aarch64-linux-gnu:/opt/ros/humble/lib:/usr/local/cuda/lib64 /usr/bin/cmake --install /root/tracer_control_ws/build/tracer_base
[67.019s] -- Install configuration: ""
[67.019s] -- Execute custom install script
[67.020s] -- Symlinking: /root/tracer_control_ws/install/tracer_base/lib/tracer_base/tracer_base_node
[67.043s] -- Symlinking: /root/tracer_control_ws/install/tracer_base/lib/libtracer_messenger.a
[67.071s] -- Symlinking: /root/tracer_control_ws/install/tracer_base/include/tracer_base/tracer_messenger.hpp
[67.098s] -- Symlinking: /root/tracer_control_ws/install/tracer_base/share/tracer_base/launch/tracer_base.launch
[67.127s] -- Symlinking: /root/tracer_control_ws/install/tracer_base/share/tracer_base/urdf/agilex_tracer.urdf
[67.149s] -- Symlinking: /root/tracer_control_ws/install/tracer_base/share/tracer_base/environment/library_path.sh
[67.177s] -- Symlinking: /root/tracer_control_ws/install/tracer_base/share/tracer_base/environment/library_path.dsv
[67.201s] -- Symlinking: /root/tracer_control_ws/install/tracer_base/share/ament_index/resource_index/package_run_dependencies/tracer_base
[67.222s] -- Symlinking: /root/tracer_control_ws/install/tracer_base/share/ament_index/resource_index/parent_prefix_path/tracer_base
[67.244s] -- Symlinking: /root/tracer_control_ws/install/tracer_base/share/tracer_base/environment/ament_prefix_path.sh
[67.264s] -- Symlinking: /root/tracer_control_ws/install/tracer_base/share/tracer_base/environment/ament_prefix_path.dsv
[67.286s] -- Symlinking: /root/tracer_control_ws/install/tracer_base/share/tracer_base/environment/path.sh
[67.307s] -- Symlinking: /root/tracer_control_ws/install/tracer_base/share/tracer_base/environment/path.dsv
[67.331s] -- Symlinking: /root/tracer_control_ws/install/tracer_base/share/tracer_base/local_setup.bash
[67.351s] -- Symlinking: /root/tracer_control_ws/install/tracer_base/share/tracer_base/local_setup.sh
[67.376s] -- Symlinking: /root/tracer_control_ws/install/tracer_base/share/tracer_base/local_setup.zsh
[67.398s] -- Symlinking: /root/tracer_control_ws/install/tracer_base/share/tracer_base/local_setup.dsv
[67.417s] -- Symlinking: /root/tracer_control_ws/install/tracer_base/share/tracer_base/package.dsv
[67.439s] -- Symlinking: /root/tracer_control_ws/install/tracer_base/share/ament_index/resource_index/packages/tracer_base
[67.459s] -- Symlinking: /root/tracer_control_ws/install/tracer_base/share/tracer_base/cmake/ament_cmake_export_include_directories-extras.cmake
[67.481s] -- Symlinking: /root/tracer_control_ws/install/tracer_base/share/tracer_base/cmake/ament_cmake_export_libraries-extras.cmake
[67.502s] -- Symlinking: /root/tracer_control_ws/install/tracer_base/share/tracer_base/cmake/ament_cmake_export_dependencies-extras.cmake
[67.525s] -- Symlinking: /root/tracer_control_ws/install/tracer_base/share/tracer_base/cmake/tracer_baseConfig.cmake
[67.546s] -- Symlinking: /root/tracer_control_ws/install/tracer_base/share/tracer_base/cmake/tracer_baseConfig-version.cmake
[67.567s] -- Symlinking: /root/tracer_control_ws/install/tracer_base/share/tracer_base/package.xml
[67.599s] Invoked command in '/root/tracer_control_ws/build/tracer_base' returned '0': CMAKE_PREFIX_PATH=/opt/ros/humble:/root/tracer_control_ws/install/ugv_sdk:/root/tracer_control_ws/install/tracer_msgs:/root/tracer_control_ws/install/tracer_base LD_LIBRARY_PATH=/root/tracer_control_ws/install/tracer_msgs/lib:/root/tracer_control_ws/install/tracer_base/lib:/opt/ros/humble/opt/rviz_ogre_vendor/lib:/opt/ros/humble/lib/aarch64-linux-gnu:/opt/ros/humble/lib:/usr/local/cuda/lib64 /usr/bin/cmake --install /root/tracer_control_ws/build/tracer_base
