[0.030s] Invoking command in '/root/tracer_control_ws/build/tracer_msgs': CMAKE_PREFIX_PATH=/root/tracer_control_ws/install/tracer_base:/opt/ros/humble:/root/tracer_control_ws/install/ugv_sdk:/root/tracer_control_ws/install/tracer_msgs /usr/bin/cmake --build /root/tracer_control_ws/build/tracer_msgs -- -j12 -l12
[0.171s] [ 11%] Built target tracer_msgs__rosidl_generator_c
[0.175s] [ 12%] Built target tracer_msgs__cpp
[0.191s] [ 12%] Built target ament_cmake_python_symlink_tracer_msgs
[0.310s] [ 23%] Built target tracer_msgs__rosidl_typesupport_fastrtps_c
[0.317s] [ 35%] Built target tracer_msgs__rosidl_typesupport_introspection_cpp
[0.318s] [ 46%] Built target tracer_msgs__rosidl_typesupport_c
[0.337s] [ 57%] Built target tracer_msgs__rosidl_typesupport_introspection_c
[0.338s] [ 69%] Built target tracer_msgs__rosidl_typesupport_fastrtps_cpp
[0.347s] [ 80%] Built target tracer_msgs__rosidl_typesupport_cpp
[0.406s] [ 80%] Built target tracer_msgs
[0.483s] [ 81%] Built target tracer_msgs__py
[0.534s] [ 91%] Built target tracer_msgs__rosidl_generator_py
[0.597s] [ 97%] Built target tracer_msgs__rosidl_typesupport_c__pyext
[0.597s] [ 97%] Built target tracer_msgs__rosidl_typesupport_fastrtps_c__pyext
[0.612s] [100%] Built target tracer_msgs__rosidl_typesupport_introspection_c__pyext
[0.863s] running egg_info
[0.865s] writing tracer_msgs.egg-info/PKG-INFO
[0.867s] writing dependency_links to tracer_msgs.egg-info/dependency_links.txt
[0.867s] writing top-level names to tracer_msgs.egg-info/top_level.txt
[0.871s] reading manifest file 'tracer_msgs.egg-info/SOURCES.txt'
[0.873s] writing manifest file 'tracer_msgs.egg-info/SOURCES.txt'
[0.967s] [100%] Built target ament_cmake_python_build_tracer_msgs_egg
[1.000s] Invoked command in '/root/tracer_control_ws/build/tracer_msgs' returned '0': CMAKE_PREFIX_PATH=/root/tracer_control_ws/install/tracer_base:/opt/ros/humble:/root/tracer_control_ws/install/ugv_sdk:/root/tracer_control_ws/install/tracer_msgs /usr/bin/cmake --build /root/tracer_control_ws/build/tracer_msgs -- -j12 -l12
[1.004s] Invoking command in '/root/tracer_control_ws/build/tracer_msgs': CMAKE_PREFIX_PATH=/root/tracer_control_ws/install/tracer_base:/opt/ros/humble:/root/tracer_control_ws/install/ugv_sdk:/root/tracer_control_ws/install/tracer_msgs /usr/bin/cmake --install /root/tracer_control_ws/build/tracer_msgs
[1.029s] -- Install configuration: ""
[1.030s] -- Execute custom install script
[1.031s] -- Up-to-date symlink: /root/tracer_control_ws/install/tracer_msgs/share/ament_index/resource_index/rosidl_interfaces/tracer_msgs
[1.032s] -- Up-to-date symlink: /root/tracer_control_ws/install/tracer_msgs/include/tracer_msgs/tracer_msgs/msg/detail/tracer_light_cmd__functions.h
[1.033s] -- Up-to-date symlink: /root/tracer_control_ws/install/tracer_msgs/include/tracer_msgs/tracer_msgs/msg/detail/tracer_light_cmd__struct.h
[1.033s] -- Up-to-date symlink: /root/tracer_control_ws/install/tracer_msgs/include/tracer_msgs/tracer_msgs/msg/detail/tracer_light_cmd__type_support.h
[1.034s] -- Up-to-date symlink: /root/tracer_control_ws/install/tracer_msgs/include/tracer_msgs/tracer_msgs/msg/detail/tracer_light_state__functions.h
[1.034s] -- Up-to-date symlink: /root/tracer_control_ws/install/tracer_msgs/include/tracer_msgs/tracer_msgs/msg/detail/tracer_light_state__struct.h
[1.034s] -- Up-to-date symlink: /root/tracer_control_ws/install/tracer_msgs/include/tracer_msgs/tracer_msgs/msg/detail/tracer_light_state__type_support.h
[1.035s] -- Up-to-date symlink: /root/tracer_control_ws/install/tracer_msgs/include/tracer_msgs/tracer_msgs/msg/detail/tracer_motor_state__functions.h
[1.035s] -- Up-to-date symlink: /root/tracer_control_ws/install/tracer_msgs/include/tracer_msgs/tracer_msgs/msg/detail/tracer_motor_state__struct.h
[1.035s] -- Up-to-date symlink: /root/tracer_control_ws/install/tracer_msgs/include/tracer_msgs/tracer_msgs/msg/detail/tracer_motor_state__type_support.h
[1.036s] -- Up-to-date symlink: /root/tracer_control_ws/install/tracer_msgs/include/tracer_msgs/tracer_msgs/msg/detail/tracer_status__functions.h
[1.036s] -- Up-to-date symlink: /root/tracer_control_ws/install/tracer_msgs/include/tracer_msgs/tracer_msgs/msg/detail/tracer_status__struct.h
[1.037s] -- Up-to-date symlink: /root/tracer_control_ws/install/tracer_msgs/include/tracer_msgs/tracer_msgs/msg/detail/tracer_status__type_support.h
[1.037s] -- Up-to-date symlink: /root/tracer_control_ws/install/tracer_msgs/include/tracer_msgs/tracer_msgs/msg/detail/uart_tracer_motor_state__functions.h
[1.037s] -- Up-to-date symlink: /root/tracer_control_ws/install/tracer_msgs/include/tracer_msgs/tracer_msgs/msg/detail/uart_tracer_motor_state__struct.h
[1.038s] -- Up-to-date symlink: /root/tracer_control_ws/install/tracer_msgs/include/tracer_msgs/tracer_msgs/msg/detail/uart_tracer_motor_state__type_support.h
[1.038s] -- Up-to-date symlink: /root/tracer_control_ws/install/tracer_msgs/include/tracer_msgs/tracer_msgs/msg/detail/uart_tracer_status__functions.h
[1.039s] -- Up-to-date symlink: /root/tracer_control_ws/install/tracer_msgs/include/tracer_msgs/tracer_msgs/msg/detail/uart_tracer_status__struct.h
[1.039s] -- Up-to-date symlink: /root/tracer_control_ws/install/tracer_msgs/include/tracer_msgs/tracer_msgs/msg/detail/uart_tracer_status__type_support.h
[1.039s] -- Up-to-date symlink: /root/tracer_control_ws/install/tracer_msgs/include/tracer_msgs/tracer_msgs/msg/rosidl_generator_c__visibility_control.h
[1.040s] -- Up-to-date symlink: /root/tracer_control_ws/install/tracer_msgs/include/tracer_msgs/tracer_msgs/msg/tracer_light_cmd.h
[1.040s] -- Up-to-date symlink: /root/tracer_control_ws/install/tracer_msgs/include/tracer_msgs/tracer_msgs/msg/tracer_light_state.h
[1.040s] -- Up-to-date symlink: /root/tracer_control_ws/install/tracer_msgs/include/tracer_msgs/tracer_msgs/msg/tracer_motor_state.h
[1.041s] -- Up-to-date symlink: /root/tracer_control_ws/install/tracer_msgs/include/tracer_msgs/tracer_msgs/msg/tracer_status.h
[1.041s] -- Up-to-date symlink: /root/tracer_control_ws/install/tracer_msgs/include/tracer_msgs/tracer_msgs/msg/uart_tracer_motor_state.h
[1.043s] -- Up-to-date symlink: /root/tracer_control_ws/install/tracer_msgs/include/tracer_msgs/tracer_msgs/msg/uart_tracer_status.h
[1.043s] -- Up-to-date symlink: /root/tracer_control_ws/install/tracer_msgs/share/tracer_msgs/environment/library_path.sh
[1.043s] -- Up-to-date symlink: /root/tracer_control_ws/install/tracer_msgs/share/tracer_msgs/environment/library_path.dsv
[1.044s] -- Up-to-date symlink: /root/tracer_control_ws/install/tracer_msgs/include/tracer_msgs/tracer_msgs/msg/detail/tracer_light_cmd__rosidl_typesupport_fastrtps_c.h
[1.045s] -- Up-to-date symlink: /root/tracer_control_ws/install/tracer_msgs/include/tracer_msgs/tracer_msgs/msg/detail/tracer_light_state__rosidl_typesupport_fastrtps_c.h
[1.045s] -- Up-to-date symlink: /root/tracer_control_ws/install/tracer_msgs/include/tracer_msgs/tracer_msgs/msg/detail/tracer_motor_state__rosidl_typesupport_fastrtps_c.h
[1.045s] -- Up-to-date symlink: /root/tracer_control_ws/install/tracer_msgs/include/tracer_msgs/tracer_msgs/msg/detail/tracer_status__rosidl_typesupport_fastrtps_c.h
[1.045s] -- Up-to-date symlink: /root/tracer_control_ws/install/tracer_msgs/include/tracer_msgs/tracer_msgs/msg/detail/uart_tracer_motor_state__rosidl_typesupport_fastrtps_c.h
[1.046s] -- Up-to-date symlink: /root/tracer_control_ws/install/tracer_msgs/include/tracer_msgs/tracer_msgs/msg/detail/uart_tracer_status__rosidl_typesupport_fastrtps_c.h
[1.046s] -- Up-to-date symlink: /root/tracer_control_ws/install/tracer_msgs/include/tracer_msgs/tracer_msgs/msg/rosidl_typesupport_fastrtps_c__visibility_control.h
[1.048s] -- Up-to-date symlink: /root/tracer_control_ws/install/tracer_msgs/include/tracer_msgs/tracer_msgs/msg/detail/tracer_light_cmd__rosidl_typesupport_introspection_c.h
[1.048s] -- Up-to-date symlink: /root/tracer_control_ws/install/tracer_msgs/include/tracer_msgs/tracer_msgs/msg/detail/tracer_light_state__rosidl_typesupport_introspection_c.h
[1.048s] -- Up-to-date symlink: /root/tracer_control_ws/install/tracer_msgs/include/tracer_msgs/tracer_msgs/msg/detail/tracer_motor_state__rosidl_typesupport_introspection_c.h
[1.048s] -- Up-to-date symlink: /root/tracer_control_ws/install/tracer_msgs/include/tracer_msgs/tracer_msgs/msg/detail/tracer_status__rosidl_typesupport_introspection_c.h
[1.048s] -- Up-to-date symlink: /root/tracer_control_ws/install/tracer_msgs/include/tracer_msgs/tracer_msgs/msg/detail/uart_tracer_motor_state__rosidl_typesupport_introspection_c.h
[1.049s] -- Up-to-date symlink: /root/tracer_control_ws/install/tracer_msgs/include/tracer_msgs/tracer_msgs/msg/detail/uart_tracer_status__rosidl_typesupport_introspection_c.h
[1.049s] -- Up-to-date symlink: /root/tracer_control_ws/install/tracer_msgs/include/tracer_msgs/tracer_msgs/msg/rosidl_typesupport_introspection_c__visibility_control.h
[1.050s] -- Up-to-date symlink: /root/tracer_control_ws/install/tracer_msgs/include/tracer_msgs/tracer_msgs/msg/detail/tracer_light_cmd__builder.hpp
[1.050s] -- Up-to-date symlink: /root/tracer_control_ws/install/tracer_msgs/include/tracer_msgs/tracer_msgs/msg/detail/tracer_light_cmd__struct.hpp
[1.051s] -- Up-to-date symlink: /root/tracer_control_ws/install/tracer_msgs/include/tracer_msgs/tracer_msgs/msg/detail/tracer_light_cmd__traits.hpp
[1.051s] -- Up-to-date symlink: /root/tracer_control_ws/install/tracer_msgs/include/tracer_msgs/tracer_msgs/msg/detail/tracer_light_cmd__type_support.hpp
[1.051s] -- Up-to-date symlink: /root/tracer_control_ws/install/tracer_msgs/include/tracer_msgs/tracer_msgs/msg/detail/tracer_light_state__builder.hpp
[1.051s] -- Up-to-date symlink: /root/tracer_control_ws/install/tracer_msgs/include/tracer_msgs/tracer_msgs/msg/detail/tracer_light_state__struct.hpp
[1.052s] -- Up-to-date symlink: /root/tracer_control_ws/install/tracer_msgs/include/tracer_msgs/tracer_msgs/msg/detail/tracer_light_state__traits.hpp
[1.052s] -- Up-to-date symlink: /root/tracer_control_ws/install/tracer_msgs/include/tracer_msgs/tracer_msgs/msg/detail/tracer_light_state__type_support.hpp
[1.052s] -- Up-to-date symlink: /root/tracer_control_ws/install/tracer_msgs/include/tracer_msgs/tracer_msgs/msg/detail/tracer_motor_state__builder.hpp
[1.052s] -- Up-to-date symlink: /root/tracer_control_ws/install/tracer_msgs/include/tracer_msgs/tracer_msgs/msg/detail/tracer_motor_state__struct.hpp
[1.053s] -- Up-to-date symlink: /root/tracer_control_ws/install/tracer_msgs/include/tracer_msgs/tracer_msgs/msg/detail/tracer_motor_state__traits.hpp
[1.053s] -- Up-to-date symlink: /root/tracer_control_ws/install/tracer_msgs/include/tracer_msgs/tracer_msgs/msg/detail/tracer_motor_state__type_support.hpp
[1.053s] -- Up-to-date symlink: /root/tracer_control_ws/install/tracer_msgs/include/tracer_msgs/tracer_msgs/msg/detail/tracer_status__builder.hpp
[1.053s] -- Up-to-date symlink: /root/tracer_control_ws/install/tracer_msgs/include/tracer_msgs/tracer_msgs/msg/detail/tracer_status__struct.hpp
[1.053s] -- Up-to-date symlink: /root/tracer_control_ws/install/tracer_msgs/include/tracer_msgs/tracer_msgs/msg/detail/tracer_status__traits.hpp
[1.054s] -- Up-to-date symlink: /root/tracer_control_ws/install/tracer_msgs/include/tracer_msgs/tracer_msgs/msg/detail/tracer_status__type_support.hpp
[1.054s] -- Up-to-date symlink: /root/tracer_control_ws/install/tracer_msgs/include/tracer_msgs/tracer_msgs/msg/detail/uart_tracer_motor_state__builder.hpp
[1.054s] -- Up-to-date symlink: /root/tracer_control_ws/install/tracer_msgs/include/tracer_msgs/tracer_msgs/msg/detail/uart_tracer_motor_state__struct.hpp
[1.054s] -- Up-to-date symlink: /root/tracer_control_ws/install/tracer_msgs/include/tracer_msgs/tracer_msgs/msg/detail/uart_tracer_motor_state__traits.hpp
[1.055s] -- Up-to-date symlink: /root/tracer_control_ws/install/tracer_msgs/include/tracer_msgs/tracer_msgs/msg/detail/uart_tracer_motor_state__type_support.hpp
[1.055s] -- Up-to-date symlink: /root/tracer_control_ws/install/tracer_msgs/include/tracer_msgs/tracer_msgs/msg/detail/uart_tracer_status__builder.hpp
[1.055s] -- Up-to-date symlink: /root/tracer_control_ws/install/tracer_msgs/include/tracer_msgs/tracer_msgs/msg/detail/uart_tracer_status__struct.hpp
[1.055s] -- Up-to-date symlink: /root/tracer_control_ws/install/tracer_msgs/include/tracer_msgs/tracer_msgs/msg/detail/uart_tracer_status__traits.hpp
[1.055s] -- Up-to-date symlink: /root/tracer_control_ws/install/tracer_msgs/include/tracer_msgs/tracer_msgs/msg/detail/uart_tracer_status__type_support.hpp
[1.056s] -- Up-to-date symlink: /root/tracer_control_ws/install/tracer_msgs/include/tracer_msgs/tracer_msgs/msg/rosidl_generator_cpp__visibility_control.hpp
[1.057s] -- Up-to-date symlink: /root/tracer_control_ws/install/tracer_msgs/include/tracer_msgs/tracer_msgs/msg/tracer_light_cmd.hpp
[1.057s] -- Up-to-date symlink: /root/tracer_control_ws/install/tracer_msgs/include/tracer_msgs/tracer_msgs/msg/tracer_light_state.hpp
[1.058s] -- Up-to-date symlink: /root/tracer_control_ws/install/tracer_msgs/include/tracer_msgs/tracer_msgs/msg/tracer_motor_state.hpp
[1.058s] -- Up-to-date symlink: /root/tracer_control_ws/install/tracer_msgs/include/tracer_msgs/tracer_msgs/msg/tracer_status.hpp
[1.058s] -- Up-to-date symlink: /root/tracer_control_ws/install/tracer_msgs/include/tracer_msgs/tracer_msgs/msg/uart_tracer_motor_state.hpp
[1.059s] -- Up-to-date symlink: /root/tracer_control_ws/install/tracer_msgs/include/tracer_msgs/tracer_msgs/msg/uart_tracer_status.hpp
[1.059s] -- Up-to-date symlink: /root/tracer_control_ws/install/tracer_msgs/include/tracer_msgs/tracer_msgs/msg/detail/tracer_light_cmd__rosidl_typesupport_fastrtps_cpp.hpp
[1.060s] -- Up-to-date symlink: /root/tracer_control_ws/install/tracer_msgs/include/tracer_msgs/tracer_msgs/msg/detail/tracer_light_state__rosidl_typesupport_fastrtps_cpp.hpp
[1.060s] -- Up-to-date symlink: /root/tracer_control_ws/install/tracer_msgs/include/tracer_msgs/tracer_msgs/msg/detail/tracer_motor_state__rosidl_typesupport_fastrtps_cpp.hpp
[1.060s] -- Up-to-date symlink: /root/tracer_control_ws/install/tracer_msgs/include/tracer_msgs/tracer_msgs/msg/detail/tracer_status__rosidl_typesupport_fastrtps_cpp.hpp
[1.060s] -- Up-to-date symlink: /root/tracer_control_ws/install/tracer_msgs/include/tracer_msgs/tracer_msgs/msg/detail/uart_tracer_motor_state__rosidl_typesupport_fastrtps_cpp.hpp
[1.060s] -- Up-to-date symlink: /root/tracer_control_ws/install/tracer_msgs/include/tracer_msgs/tracer_msgs/msg/detail/uart_tracer_status__rosidl_typesupport_fastrtps_cpp.hpp
[1.061s] -- Up-to-date symlink: /root/tracer_control_ws/install/tracer_msgs/include/tracer_msgs/tracer_msgs/msg/rosidl_typesupport_fastrtps_cpp__visibility_control.h
[1.062s] -- Up-to-date symlink: /root/tracer_control_ws/install/tracer_msgs/include/tracer_msgs/tracer_msgs/msg/detail/tracer_light_cmd__rosidl_typesupport_introspection_cpp.hpp
[1.062s] -- Up-to-date symlink: /root/tracer_control_ws/install/tracer_msgs/include/tracer_msgs/tracer_msgs/msg/detail/tracer_light_state__rosidl_typesupport_introspection_cpp.hpp
[1.062s] -- Up-to-date symlink: /root/tracer_control_ws/install/tracer_msgs/include/tracer_msgs/tracer_msgs/msg/detail/tracer_motor_state__rosidl_typesupport_introspection_cpp.hpp
[1.062s] -- Up-to-date symlink: /root/tracer_control_ws/install/tracer_msgs/include/tracer_msgs/tracer_msgs/msg/detail/tracer_status__rosidl_typesupport_introspection_cpp.hpp
[1.063s] -- Up-to-date symlink: /root/tracer_control_ws/install/tracer_msgs/include/tracer_msgs/tracer_msgs/msg/detail/uart_tracer_motor_state__rosidl_typesupport_introspection_cpp.hpp
[1.063s] -- Up-to-date symlink: /root/tracer_control_ws/install/tracer_msgs/include/tracer_msgs/tracer_msgs/msg/detail/uart_tracer_status__rosidl_typesupport_introspection_cpp.hpp
[1.063s] -- Up-to-date symlink: /root/tracer_control_ws/install/tracer_msgs/share/tracer_msgs/environment/pythonpath.sh
[1.064s] -- Up-to-date symlink: /root/tracer_control_ws/install/tracer_msgs/share/tracer_msgs/environment/pythonpath.dsv
[1.065s] -- Up-to-date symlink: /root/tracer_control_ws/install/tracer_msgs/local/lib/python3.10/dist-packages/tracer_msgs-0.3.3-py3.10.egg-info/PKG-INFO
[1.065s] -- Up-to-date symlink: /root/tracer_control_ws/install/tracer_msgs/local/lib/python3.10/dist-packages/tracer_msgs-0.3.3-py3.10.egg-info/SOURCES.txt
[1.066s] -- Up-to-date symlink: /root/tracer_control_ws/install/tracer_msgs/local/lib/python3.10/dist-packages/tracer_msgs-0.3.3-py3.10.egg-info/dependency_links.txt
[1.066s] -- Up-to-date symlink: /root/tracer_control_ws/install/tracer_msgs/local/lib/python3.10/dist-packages/tracer_msgs-0.3.3-py3.10.egg-info/top_level.txt
[1.067s] -- Up-to-date symlink: /root/tracer_control_ws/install/tracer_msgs/local/lib/python3.10/dist-packages/tracer_msgs/__init__.py
[1.068s] -- Up-to-date symlink: /root/tracer_control_ws/install/tracer_msgs/local/lib/python3.10/dist-packages/tracer_msgs/_tracer_msgs_s.ep.rosidl_typesupport_c.c
[1.068s] -- Up-to-date symlink: /root/tracer_control_ws/install/tracer_msgs/local/lib/python3.10/dist-packages/tracer_msgs/_tracer_msgs_s.ep.rosidl_typesupport_fastrtps_c.c
[1.068s] -- Up-to-date symlink: /root/tracer_control_ws/install/tracer_msgs/local/lib/python3.10/dist-packages/tracer_msgs/_tracer_msgs_s.ep.rosidl_typesupport_introspection_c.c
[1.069s] -- Up-to-date symlink: /root/tracer_control_ws/install/tracer_msgs/local/lib/python3.10/dist-packages/tracer_msgs/libtracer_msgs__rosidl_generator_py.so
[1.069s] -- Up-to-date symlink: /root/tracer_control_ws/install/tracer_msgs/local/lib/python3.10/dist-packages/tracer_msgs/msg/__init__.py
[1.069s] -- Up-to-date symlink: /root/tracer_control_ws/install/tracer_msgs/local/lib/python3.10/dist-packages/tracer_msgs/msg/_tracer_light_cmd.py
[1.070s] -- Up-to-date symlink: /root/tracer_control_ws/install/tracer_msgs/local/lib/python3.10/dist-packages/tracer_msgs/msg/_tracer_light_cmd_s.c
[1.070s] -- Up-to-date symlink: /root/tracer_control_ws/install/tracer_msgs/local/lib/python3.10/dist-packages/tracer_msgs/msg/_tracer_light_state.py
[1.071s] -- Up-to-date symlink: /root/tracer_control_ws/install/tracer_msgs/local/lib/python3.10/dist-packages/tracer_msgs/msg/_tracer_light_state_s.c
[1.072s] -- Up-to-date symlink: /root/tracer_control_ws/install/tracer_msgs/local/lib/python3.10/dist-packages/tracer_msgs/msg/_tracer_motor_state.py
[1.073s] -- Up-to-date symlink: /root/tracer_control_ws/install/tracer_msgs/local/lib/python3.10/dist-packages/tracer_msgs/msg/_tracer_motor_state_s.c
[1.073s] -- Up-to-date symlink: /root/tracer_control_ws/install/tracer_msgs/local/lib/python3.10/dist-packages/tracer_msgs/msg/_tracer_status.py
[1.073s] -- Up-to-date symlink: /root/tracer_control_ws/install/tracer_msgs/local/lib/python3.10/dist-packages/tracer_msgs/msg/_tracer_status_s.c
[1.073s] -- Up-to-date symlink: /root/tracer_control_ws/install/tracer_msgs/local/lib/python3.10/dist-packages/tracer_msgs/msg/_uart_tracer_motor_state.py
[1.074s] -- Up-to-date symlink: /root/tracer_control_ws/install/tracer_msgs/local/lib/python3.10/dist-packages/tracer_msgs/msg/_uart_tracer_motor_state_s.c
[1.074s] -- Up-to-date symlink: /root/tracer_control_ws/install/tracer_msgs/local/lib/python3.10/dist-packages/tracer_msgs/msg/_uart_tracer_status.py
[1.074s] -- Up-to-date symlink: /root/tracer_control_ws/install/tracer_msgs/local/lib/python3.10/dist-packages/tracer_msgs/msg/_uart_tracer_status_s.c
[1.074s] -- Up-to-date symlink: /root/tracer_control_ws/install/tracer_msgs/local/lib/python3.10/dist-packages/tracer_msgs/tracer_msgs_s__rosidl_typesupport_c.cpython-310-aarch64-linux-gnu.so
[1.074s] -- Up-to-date symlink: /root/tracer_control_ws/install/tracer_msgs/local/lib/python3.10/dist-packages/tracer_msgs/tracer_msgs_s__rosidl_typesupport_fastrtps_c.cpython-310-aarch64-linux-gnu.so
[1.074s] -- Up-to-date symlink: /root/tracer_control_ws/install/tracer_msgs/local/lib/python3.10/dist-packages/tracer_msgs/tracer_msgs_s__rosidl_typesupport_introspection_c.cpython-310-aarch64-linux-gnu.so
[1.075s] -- Up-to-date symlink: /root/tracer_control_ws/install/tracer_msgs/local/lib/python3.10/dist-packages/tracer_msgs/tracer_msgs_s__rosidl_typesupport_fastrtps_c.cpython-310-aarch64-linux-gnu.so
[1.075s] -- Up-to-date symlink: /root/tracer_control_ws/install/tracer_msgs/local/lib/python3.10/dist-packages/tracer_msgs/tracer_msgs_s__rosidl_typesupport_introspection_c.cpython-310-aarch64-linux-gnu.so
[1.075s] -- Up-to-date symlink: /root/tracer_control_ws/install/tracer_msgs/local/lib/python3.10/dist-packages/tracer_msgs/tracer_msgs_s__rosidl_typesupport_c.cpython-310-aarch64-linux-gnu.so
[1.075s] -- Up-to-date symlink: /root/tracer_control_ws/install/tracer_msgs/share/tracer_msgs/msg/TracerMotorState.idl
[1.075s] -- Up-to-date symlink: /root/tracer_control_ws/install/tracer_msgs/share/tracer_msgs/msg/UartTracerMotorState.idl
[1.075s] -- Up-to-date symlink: /root/tracer_control_ws/install/tracer_msgs/share/tracer_msgs/msg/TracerLightState.idl
[1.076s] -- Up-to-date symlink: /root/tracer_control_ws/install/tracer_msgs/share/tracer_msgs/msg/TracerLightCmd.idl
[1.076s] -- Up-to-date symlink: /root/tracer_control_ws/install/tracer_msgs/share/tracer_msgs/msg/TracerStatus.idl
[1.076s] -- Up-to-date symlink: /root/tracer_control_ws/install/tracer_msgs/share/tracer_msgs/msg/UartTracerStatus.idl
[1.076s] -- Up-to-date symlink: /root/tracer_control_ws/install/tracer_msgs/share/tracer_msgs/msg/TracerMotorState.msg
[1.077s] -- Up-to-date symlink: /root/tracer_control_ws/install/tracer_msgs/share/tracer_msgs/msg/UartTracerMotorState.msg
[1.077s] -- Up-to-date symlink: /root/tracer_control_ws/install/tracer_msgs/share/tracer_msgs/msg/TracerLightState.msg
[1.077s] -- Up-to-date symlink: /root/tracer_control_ws/install/tracer_msgs/share/tracer_msgs/msg/TracerLightCmd.msg
[1.078s] -- Up-to-date symlink: /root/tracer_control_ws/install/tracer_msgs/share/tracer_msgs/msg/TracerStatus.msg
[1.078s] -- Up-to-date symlink: /root/tracer_control_ws/install/tracer_msgs/share/tracer_msgs/msg/UartTracerStatus.msg
[1.078s] -- Up-to-date symlink: /root/tracer_control_ws/install/tracer_msgs/share/tracer_msgs/msg/TracerLightCmd.msg
[1.079s] -- Up-to-date symlink: /root/tracer_control_ws/install/tracer_msgs/share/tracer_msgs/msg/TracerLightState.msg
[1.079s] -- Up-to-date symlink: /root/tracer_control_ws/install/tracer_msgs/share/tracer_msgs/msg/TracerMotorState.msg
[1.079s] -- Up-to-date symlink: /root/tracer_control_ws/install/tracer_msgs/share/tracer_msgs/msg/TracerRsStatus.msg
[1.079s] -- Up-to-date symlink: /root/tracer_control_ws/install/tracer_msgs/share/tracer_msgs/msg/TracerStatus.msg
[1.080s] -- Up-to-date symlink: /root/tracer_control_ws/install/tracer_msgs/share/tracer_msgs/msg/UartTracerMotorState.msg
[1.080s] -- Up-to-date symlink: /root/tracer_control_ws/install/tracer_msgs/share/tracer_msgs/msg/UartTracerStatus.msg
[1.080s] -- Up-to-date symlink: /root/tracer_control_ws/install/tracer_msgs/share/ament_index/resource_index/package_run_dependencies/tracer_msgs
[1.080s] -- Up-to-date symlink: /root/tracer_control_ws/install/tracer_msgs/share/ament_index/resource_index/parent_prefix_path/tracer_msgs
[1.081s] -- Up-to-date symlink: /root/tracer_control_ws/install/tracer_msgs/share/tracer_msgs/environment/ament_prefix_path.sh
[1.081s] -- Up-to-date symlink: /root/tracer_control_ws/install/tracer_msgs/share/tracer_msgs/environment/ament_prefix_path.dsv
[1.082s] -- Up-to-date symlink: /root/tracer_control_ws/install/tracer_msgs/share/tracer_msgs/environment/path.sh
[1.082s] -- Up-to-date symlink: /root/tracer_control_ws/install/tracer_msgs/share/tracer_msgs/environment/path.dsv
[1.082s] -- Up-to-date symlink: /root/tracer_control_ws/install/tracer_msgs/share/tracer_msgs/local_setup.bash
[1.082s] -- Up-to-date symlink: /root/tracer_control_ws/install/tracer_msgs/share/tracer_msgs/local_setup.sh
[1.083s] -- Up-to-date symlink: /root/tracer_control_ws/install/tracer_msgs/share/tracer_msgs/local_setup.zsh
[1.083s] -- Up-to-date symlink: /root/tracer_control_ws/install/tracer_msgs/share/tracer_msgs/local_setup.dsv
[1.083s] -- Symlinking: /root/tracer_control_ws/install/tracer_msgs/share/tracer_msgs/package.dsv
[1.105s] -- Up-to-date symlink: /root/tracer_control_ws/install/tracer_msgs/share/ament_index/resource_index/packages/tracer_msgs
[1.106s] -- Up-to-date symlink: /root/tracer_control_ws/install/tracer_msgs/share/tracer_msgs/cmake/rosidl_cmake-extras.cmake
[1.106s] -- Up-to-date symlink: /root/tracer_control_ws/install/tracer_msgs/share/tracer_msgs/cmake/ament_cmake_export_dependencies-extras.cmake
[1.106s] -- Up-to-date symlink: /root/tracer_control_ws/install/tracer_msgs/share/tracer_msgs/cmake/ament_cmake_export_include_directories-extras.cmake
[1.107s] -- Up-to-date symlink: /root/tracer_control_ws/install/tracer_msgs/share/tracer_msgs/cmake/ament_cmake_export_libraries-extras.cmake
[1.107s] -- Up-to-date symlink: /root/tracer_control_ws/install/tracer_msgs/share/tracer_msgs/cmake/ament_cmake_export_targets-extras.cmake
[1.107s] -- Up-to-date symlink: /root/tracer_control_ws/install/tracer_msgs/share/tracer_msgs/cmake/rosidl_cmake_export_typesupport_targets-extras.cmake
[1.108s] -- Up-to-date symlink: /root/tracer_control_ws/install/tracer_msgs/share/tracer_msgs/cmake/rosidl_cmake_export_typesupport_libraries-extras.cmake
[1.108s] -- Up-to-date symlink: /root/tracer_control_ws/install/tracer_msgs/share/tracer_msgs/cmake/tracer_msgsConfig.cmake
[1.108s] -- Up-to-date symlink: /root/tracer_control_ws/install/tracer_msgs/share/tracer_msgs/cmake/tracer_msgsConfig-version.cmake
[1.108s] -- Up-to-date symlink: /root/tracer_control_ws/install/tracer_msgs/share/tracer_msgs/package.xml
[1.108s] -- Up-to-date: /root/tracer_control_ws/install/tracer_msgs/lib/libtracer_msgs__rosidl_generator_c.so
[1.109s] -- Up-to-date: /root/tracer_control_ws/install/tracer_msgs/lib/libtracer_msgs__rosidl_typesupport_fastrtps_c.so
[1.109s] -- Up-to-date: /root/tracer_control_ws/install/tracer_msgs/lib/libtracer_msgs__rosidl_typesupport_introspection_c.so
[1.110s] -- Up-to-date: /root/tracer_control_ws/install/tracer_msgs/lib/libtracer_msgs__rosidl_typesupport_c.so
[1.110s] -- Up-to-date: /root/tracer_control_ws/install/tracer_msgs/lib/libtracer_msgs__rosidl_typesupport_fastrtps_cpp.so
[1.111s] -- Up-to-date: /root/tracer_control_ws/install/tracer_msgs/lib/libtracer_msgs__rosidl_typesupport_introspection_cpp.so
[1.111s] -- Up-to-date: /root/tracer_control_ws/install/tracer_msgs/lib/libtracer_msgs__rosidl_typesupport_cpp.so
[1.186s] Listing '/root/tracer_control_ws/install/tracer_msgs/local/lib/python3.10/dist-packages/tracer_msgs'...
[1.186s] Listing '/root/tracer_control_ws/install/tracer_msgs/local/lib/python3.10/dist-packages/tracer_msgs/msg'...
[1.198s] -- Up-to-date: /root/tracer_control_ws/install/tracer_msgs/lib/libtracer_msgs__rosidl_generator_py.so
[1.198s] -- Up-to-date: /root/tracer_control_ws/install/tracer_msgs/share/tracer_msgs/cmake/export_tracer_msgs__rosidl_generator_cExport.cmake
[1.199s] -- Up-to-date: /root/tracer_control_ws/install/tracer_msgs/share/tracer_msgs/cmake/export_tracer_msgs__rosidl_generator_cExport-noconfig.cmake
[1.199s] -- Up-to-date: /root/tracer_control_ws/install/tracer_msgs/share/tracer_msgs/cmake/export_tracer_msgs__rosidl_typesupport_fastrtps_cExport.cmake
[1.199s] -- Up-to-date: /root/tracer_control_ws/install/tracer_msgs/share/tracer_msgs/cmake/export_tracer_msgs__rosidl_typesupport_fastrtps_cExport-noconfig.cmake
[1.199s] -- Up-to-date: /root/tracer_control_ws/install/tracer_msgs/share/tracer_msgs/cmake/tracer_msgs__rosidl_typesupport_introspection_cExport.cmake
[1.199s] -- Up-to-date: /root/tracer_control_ws/install/tracer_msgs/share/tracer_msgs/cmake/tracer_msgs__rosidl_typesupport_introspection_cExport-noconfig.cmake
[1.200s] -- Up-to-date: /root/tracer_control_ws/install/tracer_msgs/share/tracer_msgs/cmake/tracer_msgs__rosidl_typesupport_cExport.cmake
[1.200s] -- Up-to-date: /root/tracer_control_ws/install/tracer_msgs/share/tracer_msgs/cmake/tracer_msgs__rosidl_typesupport_cExport-noconfig.cmake
[1.200s] -- Up-to-date: /root/tracer_control_ws/install/tracer_msgs/share/tracer_msgs/cmake/export_tracer_msgs__rosidl_generator_cppExport.cmake
[1.200s] -- Up-to-date: /root/tracer_control_ws/install/tracer_msgs/share/tracer_msgs/cmake/export_tracer_msgs__rosidl_typesupport_fastrtps_cppExport.cmake
[1.201s] -- Up-to-date: /root/tracer_control_ws/install/tracer_msgs/share/tracer_msgs/cmake/export_tracer_msgs__rosidl_typesupport_fastrtps_cppExport-noconfig.cmake
[1.201s] -- Up-to-date: /root/tracer_control_ws/install/tracer_msgs/share/tracer_msgs/cmake/tracer_msgs__rosidl_typesupport_introspection_cppExport.cmake
[1.201s] -- Up-to-date: /root/tracer_control_ws/install/tracer_msgs/share/tracer_msgs/cmake/tracer_msgs__rosidl_typesupport_introspection_cppExport-noconfig.cmake
[1.201s] -- Up-to-date: /root/tracer_control_ws/install/tracer_msgs/share/tracer_msgs/cmake/tracer_msgs__rosidl_typesupport_cppExport.cmake
[1.201s] -- Up-to-date: /root/tracer_control_ws/install/tracer_msgs/share/tracer_msgs/cmake/tracer_msgs__rosidl_typesupport_cppExport-noconfig.cmake
[1.202s] -- Up-to-date: /root/tracer_control_ws/install/tracer_msgs/share/tracer_msgs/cmake/export_tracer_msgs__rosidl_generator_pyExport.cmake
[1.202s] -- Up-to-date: /root/tracer_control_ws/install/tracer_msgs/share/tracer_msgs/cmake/export_tracer_msgs__rosidl_generator_pyExport-noconfig.cmake
[1.208s] Invoked command in '/root/tracer_control_ws/build/tracer_msgs' returned '0': CMAKE_PREFIX_PATH=/root/tracer_control_ws/install/tracer_base:/opt/ros/humble:/root/tracer_control_ws/install/ugv_sdk:/root/tracer_control_ws/install/tracer_msgs /usr/bin/cmake --install /root/tracer_control_ws/build/tracer_msgs
