[0.019s] Invoking command in '/root/tracer_control_ws/src/tracer_ros/tracer_msgs/build/tracer_msgs': CMAKE_PREFIX_PATH=/opt/ros/humble /usr/bin/cmake /root/tracer_control_ws/src/tracer_ros/tracer_msgs -DCMAKE_INSTALL_PREFIX=/root/tracer_control_ws/src/tracer_ros/tracer_msgs/install/tracer_msgs
[0.163s] -- The C compiler identification is GNU 11.4.0
[0.290s] -- The CXX compiler identification is GNU 11.4.0
[0.310s] -- Detecting C compiler ABI info
[0.477s] -- Detecting C compiler ABI info - done
[0.496s] -- Check for working C compiler: /usr/bin/cc - skipped
[0.496s] -- Detecting C compile features
[0.498s] -- Detecting C compile features - done
[0.509s] -- Detecting CXX compiler ABI info
[0.695s] -- Detecting CXX compiler ABI info - done
[0.717s] -- Check for working CXX compiler: /usr/bin/c++ - skipped
[0.718s] -- Detecting CXX compile features
[0.720s] -- Detecting CXX compile features - done
[0.728s] -- Found ament_cmake: 1.3.11 (/opt/ros/humble/share/ament_cmake/cmake)
[1.112s] -- Found Python3: /usr/bin/python3 (found version "3.10.12") found components: Interpreter 
[1.345s] -- Found rosidl_default_generators: 1.2.0 (/opt/ros/humble/share/rosidl_default_generators/cmake)
[1.354s] -- Using all available rosidl_typesupport_c: rosidl_typesupport_fastrtps_c;rosidl_typesupport_introspection_c
[1.373s] -- Found rosidl_adapter: 3.1.6 (/opt/ros/humble/share/rosidl_adapter/cmake)
[1.469s] -- Using all available rosidl_typesupport_cpp: rosidl_typesupport_fastrtps_cpp;rosidl_typesupport_introspection_cpp
[1.545s] -- Found std_msgs: 4.8.0 (/opt/ros/humble/share/std_msgs/cmake)
[2.085s] [31mCMake Error at /opt/ros/humble/share/rosidl_cmake/cmake/rosidl_generate_interfaces.cmake:229 (message):
[2.085s]   Packages installing interfaces must include
[2.085s]   '<member_of_group>rosidl_interface_packages</member_of_group>' in their
[2.086s]   package.xml
[2.086s] Call Stack (most recent call first):
[2.086s]   CMakeLists.txt:20 (rosidl_generate_interfaces)
[2.086s] 
[2.087s] [0m
[2.087s] -- Configuring incomplete, errors occurred!
[2.087s] See also "/root/tracer_control_ws/src/tracer_ros/tracer_msgs/build/tracer_msgs/CMakeFiles/CMakeOutput.log".
[2.102s] Invoked command in '/root/tracer_control_ws/src/tracer_ros/tracer_msgs/build/tracer_msgs' returned '1': CMAKE_PREFIX_PATH=/opt/ros/humble /usr/bin/cmake /root/tracer_control_ws/src/tracer_ros/tracer_msgs -DCMAKE_INSTALL_PREFIX=/root/tracer_control_ws/src/tracer_ros/tracer_msgs/install/tracer_msgs
