[0.033s] Invoking command in '/root/tracer_control_ws/build/tracer_msgs': CMAKE_PREFIX_PATH=/root/tracer_control_ws/install/tracer_base:/opt/ros/humble:/root/tracer_control_ws/install/ugv_sdk:/root/tracer_control_ws/install/tracer_msgs /usr/bin/cmake --build /root/tracer_control_ws/build/tracer_msgs -- -j12 -l12
[0.163s] [ 11%] Built target tracer_msgs__rosidl_generator_c
[0.169s] [ 12%] Built target tracer_msgs__cpp
[0.177s] [ 12%] Built target ament_cmake_python_symlink_tracer_msgs
[0.241s] [ 23%] Built target tracer_msgs__rosidl_typesupport_introspection_c
[0.249s] [ 35%] Built target tracer_msgs__rosidl_typesupport_fastrtps_c
[0.254s] [ 46%] Built target tracer_msgs__rosidl_typesupport_c
[0.275s] [ 57%] Built target tracer_msgs__rosidl_typesupport_fastrtps_cpp
[0.281s] [ 69%] Built target tracer_msgs__rosidl_typesupport_introspection_cpp
[0.284s] [ 80%] Built target tracer_msgs__rosidl_typesupport_cpp
[0.341s] [ 80%] Built target tracer_msgs
[0.397s] [ 81%] Built target tracer_msgs__py
[0.464s] [ 91%] Built target tracer_msgs__rosidl_generator_py
[0.521s] [ 97%] Built target tracer_msgs__rosidl_typesupport_fastrtps_c__pyext
[0.522s] [ 97%] Built target tracer_msgs__rosidl_typesupport_introspection_c__pyext
[0.529s] [100%] Built target tracer_msgs__rosidl_typesupport_c__pyext
[0.777s] running egg_info
[0.779s] writing tracer_msgs.egg-info/PKG-INFO
[0.780s] writing dependency_links to tracer_msgs.egg-info/dependency_links.txt
[0.780s] writing top-level names to tracer_msgs.egg-info/top_level.txt
[0.787s] reading manifest file 'tracer_msgs.egg-info/SOURCES.txt'
[0.788s] writing manifest file 'tracer_msgs.egg-info/SOURCES.txt'
[0.869s] [100%] Built target ament_cmake_python_build_tracer_msgs_egg
[0.899s] Invoked command in '/root/tracer_control_ws/build/tracer_msgs' returned '0': CMAKE_PREFIX_PATH=/root/tracer_control_ws/install/tracer_base:/opt/ros/humble:/root/tracer_control_ws/install/ugv_sdk:/root/tracer_control_ws/install/tracer_msgs /usr/bin/cmake --build /root/tracer_control_ws/build/tracer_msgs -- -j12 -l12
[0.903s] Invoking command in '/root/tracer_control_ws/build/tracer_msgs': CMAKE_PREFIX_PATH=/root/tracer_control_ws/install/tracer_base:/opt/ros/humble:/root/tracer_control_ws/install/ugv_sdk:/root/tracer_control_ws/install/tracer_msgs /usr/bin/cmake --install /root/tracer_control_ws/build/tracer_msgs
[0.924s] -- Install configuration: ""
[0.925s] -- Execute custom install script
[0.925s] -- Up-to-date symlink: /root/tracer_control_ws/install/tracer_msgs/share/ament_index/resource_index/rosidl_interfaces/tracer_msgs
[0.927s] -- Up-to-date symlink: /root/tracer_control_ws/install/tracer_msgs/include/tracer_msgs/tracer_msgs/msg/detail/tracer_light_cmd__functions.h
[0.927s] -- Up-to-date symlink: /root/tracer_control_ws/install/tracer_msgs/include/tracer_msgs/tracer_msgs/msg/detail/tracer_light_cmd__struct.h
[0.927s] -- Up-to-date symlink: /root/tracer_control_ws/install/tracer_msgs/include/tracer_msgs/tracer_msgs/msg/detail/tracer_light_cmd__type_support.h
[0.927s] -- Up-to-date symlink: /root/tracer_control_ws/install/tracer_msgs/include/tracer_msgs/tracer_msgs/msg/detail/tracer_light_state__functions.h
[0.928s] -- Up-to-date symlink: /root/tracer_control_ws/install/tracer_msgs/include/tracer_msgs/tracer_msgs/msg/detail/tracer_light_state__struct.h
[0.928s] -- Up-to-date symlink: /root/tracer_control_ws/install/tracer_msgs/include/tracer_msgs/tracer_msgs/msg/detail/tracer_light_state__type_support.h
[0.928s] -- Up-to-date symlink: /root/tracer_control_ws/install/tracer_msgs/include/tracer_msgs/tracer_msgs/msg/detail/tracer_motor_state__functions.h
[0.928s] -- Up-to-date symlink: /root/tracer_control_ws/install/tracer_msgs/include/tracer_msgs/tracer_msgs/msg/detail/tracer_motor_state__struct.h
[0.929s] -- Up-to-date symlink: /root/tracer_control_ws/install/tracer_msgs/include/tracer_msgs/tracer_msgs/msg/detail/tracer_motor_state__type_support.h
[0.929s] -- Up-to-date symlink: /root/tracer_control_ws/install/tracer_msgs/include/tracer_msgs/tracer_msgs/msg/detail/tracer_status__functions.h
[0.929s] -- Up-to-date symlink: /root/tracer_control_ws/install/tracer_msgs/include/tracer_msgs/tracer_msgs/msg/detail/tracer_status__struct.h
[0.929s] -- Up-to-date symlink: /root/tracer_control_ws/install/tracer_msgs/include/tracer_msgs/tracer_msgs/msg/detail/tracer_status__type_support.h
[0.930s] -- Up-to-date symlink: /root/tracer_control_ws/install/tracer_msgs/include/tracer_msgs/tracer_msgs/msg/detail/uart_tracer_motor_state__functions.h
[0.930s] -- Up-to-date symlink: /root/tracer_control_ws/install/tracer_msgs/include/tracer_msgs/tracer_msgs/msg/detail/uart_tracer_motor_state__struct.h
[0.930s] -- Up-to-date symlink: /root/tracer_control_ws/install/tracer_msgs/include/tracer_msgs/tracer_msgs/msg/detail/uart_tracer_motor_state__type_support.h
[0.930s] -- Up-to-date symlink: /root/tracer_control_ws/install/tracer_msgs/include/tracer_msgs/tracer_msgs/msg/detail/uart_tracer_status__functions.h
[0.931s] -- Up-to-date symlink: /root/tracer_control_ws/install/tracer_msgs/include/tracer_msgs/tracer_msgs/msg/detail/uart_tracer_status__struct.h
[0.931s] -- Up-to-date symlink: /root/tracer_control_ws/install/tracer_msgs/include/tracer_msgs/tracer_msgs/msg/detail/uart_tracer_status__type_support.h
[0.931s] -- Up-to-date symlink: /root/tracer_control_ws/install/tracer_msgs/include/tracer_msgs/tracer_msgs/msg/rosidl_generator_c__visibility_control.h
[0.931s] -- Up-to-date symlink: /root/tracer_control_ws/install/tracer_msgs/include/tracer_msgs/tracer_msgs/msg/tracer_light_cmd.h
[0.931s] -- Up-to-date symlink: /root/tracer_control_ws/install/tracer_msgs/include/tracer_msgs/tracer_msgs/msg/tracer_light_state.h
[0.932s] -- Up-to-date symlink: /root/tracer_control_ws/install/tracer_msgs/include/tracer_msgs/tracer_msgs/msg/tracer_motor_state.h
[0.932s] -- Up-to-date symlink: /root/tracer_control_ws/install/tracer_msgs/include/tracer_msgs/tracer_msgs/msg/tracer_status.h
[0.932s] -- Up-to-date symlink: /root/tracer_control_ws/install/tracer_msgs/include/tracer_msgs/tracer_msgs/msg/uart_tracer_motor_state.h
[0.932s] -- Up-to-date symlink: /root/tracer_control_ws/install/tracer_msgs/include/tracer_msgs/tracer_msgs/msg/uart_tracer_status.h
[0.932s] -- Up-to-date symlink: /root/tracer_control_ws/install/tracer_msgs/share/tracer_msgs/environment/library_path.sh
[0.933s] -- Up-to-date symlink: /root/tracer_control_ws/install/tracer_msgs/share/tracer_msgs/environment/library_path.dsv
[0.934s] -- Up-to-date symlink: /root/tracer_control_ws/install/tracer_msgs/include/tracer_msgs/tracer_msgs/msg/detail/tracer_light_cmd__rosidl_typesupport_fastrtps_c.h
[0.934s] -- Up-to-date symlink: /root/tracer_control_ws/install/tracer_msgs/include/tracer_msgs/tracer_msgs/msg/detail/tracer_light_state__rosidl_typesupport_fastrtps_c.h
[0.934s] -- Up-to-date symlink: /root/tracer_control_ws/install/tracer_msgs/include/tracer_msgs/tracer_msgs/msg/detail/tracer_motor_state__rosidl_typesupport_fastrtps_c.h
[0.934s] -- Up-to-date symlink: /root/tracer_control_ws/install/tracer_msgs/include/tracer_msgs/tracer_msgs/msg/detail/tracer_status__rosidl_typesupport_fastrtps_c.h
[0.935s] -- Up-to-date symlink: /root/tracer_control_ws/install/tracer_msgs/include/tracer_msgs/tracer_msgs/msg/detail/uart_tracer_motor_state__rosidl_typesupport_fastrtps_c.h
[0.935s] -- Up-to-date symlink: /root/tracer_control_ws/install/tracer_msgs/include/tracer_msgs/tracer_msgs/msg/detail/uart_tracer_status__rosidl_typesupport_fastrtps_c.h
[0.936s] -- Up-to-date symlink: /root/tracer_control_ws/install/tracer_msgs/include/tracer_msgs/tracer_msgs/msg/rosidl_typesupport_fastrtps_c__visibility_control.h
[0.936s] -- Up-to-date symlink: /root/tracer_control_ws/install/tracer_msgs/include/tracer_msgs/tracer_msgs/msg/detail/tracer_light_cmd__rosidl_typesupport_introspection_c.h
[0.937s] -- Up-to-date symlink: /root/tracer_control_ws/install/tracer_msgs/include/tracer_msgs/tracer_msgs/msg/detail/tracer_light_state__rosidl_typesupport_introspection_c.h
[0.937s] -- Up-to-date symlink: /root/tracer_control_ws/install/tracer_msgs/include/tracer_msgs/tracer_msgs/msg/detail/tracer_motor_state__rosidl_typesupport_introspection_c.h
[0.937s] -- Up-to-date symlink: /root/tracer_control_ws/install/tracer_msgs/include/tracer_msgs/tracer_msgs/msg/detail/tracer_status__rosidl_typesupport_introspection_c.h
[0.937s] -- Up-to-date symlink: /root/tracer_control_ws/install/tracer_msgs/include/tracer_msgs/tracer_msgs/msg/detail/uart_tracer_motor_state__rosidl_typesupport_introspection_c.h
[0.938s] -- Up-to-date symlink: /root/tracer_control_ws/install/tracer_msgs/include/tracer_msgs/tracer_msgs/msg/detail/uart_tracer_status__rosidl_typesupport_introspection_c.h
[0.938s] -- Up-to-date symlink: /root/tracer_control_ws/install/tracer_msgs/include/tracer_msgs/tracer_msgs/msg/rosidl_typesupport_introspection_c__visibility_control.h
[0.939s] -- Up-to-date symlink: /root/tracer_control_ws/install/tracer_msgs/include/tracer_msgs/tracer_msgs/msg/detail/tracer_light_cmd__builder.hpp
[0.939s] -- Up-to-date symlink: /root/tracer_control_ws/install/tracer_msgs/include/tracer_msgs/tracer_msgs/msg/detail/tracer_light_cmd__struct.hpp
[0.940s] -- Up-to-date symlink: /root/tracer_control_ws/install/tracer_msgs/include/tracer_msgs/tracer_msgs/msg/detail/tracer_light_cmd__traits.hpp
[0.940s] -- Up-to-date symlink: /root/tracer_control_ws/install/tracer_msgs/include/tracer_msgs/tracer_msgs/msg/detail/tracer_light_cmd__type_support.hpp
[0.940s] -- Up-to-date symlink: /root/tracer_control_ws/install/tracer_msgs/include/tracer_msgs/tracer_msgs/msg/detail/tracer_light_state__builder.hpp
[0.940s] -- Up-to-date symlink: /root/tracer_control_ws/install/tracer_msgs/include/tracer_msgs/tracer_msgs/msg/detail/tracer_light_state__struct.hpp
[0.941s] -- Up-to-date symlink: /root/tracer_control_ws/install/tracer_msgs/include/tracer_msgs/tracer_msgs/msg/detail/tracer_light_state__traits.hpp
[0.941s] -- Up-to-date symlink: /root/tracer_control_ws/install/tracer_msgs/include/tracer_msgs/tracer_msgs/msg/detail/tracer_light_state__type_support.hpp
[0.941s] -- Up-to-date symlink: /root/tracer_control_ws/install/tracer_msgs/include/tracer_msgs/tracer_msgs/msg/detail/tracer_motor_state__builder.hpp
[0.941s] -- Up-to-date symlink: /root/tracer_control_ws/install/tracer_msgs/include/tracer_msgs/tracer_msgs/msg/detail/tracer_motor_state__struct.hpp
[0.941s] -- Up-to-date symlink: /root/tracer_control_ws/install/tracer_msgs/include/tracer_msgs/tracer_msgs/msg/detail/tracer_motor_state__traits.hpp
[0.942s] -- Up-to-date symlink: /root/tracer_control_ws/install/tracer_msgs/include/tracer_msgs/tracer_msgs/msg/detail/tracer_motor_state__type_support.hpp
[0.942s] -- Up-to-date symlink: /root/tracer_control_ws/install/tracer_msgs/include/tracer_msgs/tracer_msgs/msg/detail/tracer_status__builder.hpp
[0.942s] -- Up-to-date symlink: /root/tracer_control_ws/install/tracer_msgs/include/tracer_msgs/tracer_msgs/msg/detail/tracer_status__struct.hpp
[0.942s] -- Up-to-date symlink: /root/tracer_control_ws/install/tracer_msgs/include/tracer_msgs/tracer_msgs/msg/detail/tracer_status__traits.hpp
[0.942s] -- Up-to-date symlink: /root/tracer_control_ws/install/tracer_msgs/include/tracer_msgs/tracer_msgs/msg/detail/tracer_status__type_support.hpp
[0.944s] -- Up-to-date symlink: /root/tracer_control_ws/install/tracer_msgs/include/tracer_msgs/tracer_msgs/msg/detail/uart_tracer_motor_state__builder.hpp
[0.944s] -- Up-to-date symlink: /root/tracer_control_ws/install/tracer_msgs/include/tracer_msgs/tracer_msgs/msg/detail/uart_tracer_motor_state__struct.hpp
[0.945s] -- Up-to-date symlink: /root/tracer_control_ws/install/tracer_msgs/include/tracer_msgs/tracer_msgs/msg/detail/uart_tracer_motor_state__traits.hpp
[0.945s] -- Up-to-date symlink: /root/tracer_control_ws/install/tracer_msgs/include/tracer_msgs/tracer_msgs/msg/detail/uart_tracer_motor_state__type_support.hpp
[0.945s] -- Up-to-date symlink: /root/tracer_control_ws/install/tracer_msgs/include/tracer_msgs/tracer_msgs/msg/detail/uart_tracer_status__builder.hpp
[0.945s] -- Up-to-date symlink: /root/tracer_control_ws/install/tracer_msgs/include/tracer_msgs/tracer_msgs/msg/detail/uart_tracer_status__struct.hpp
[0.945s] -- Up-to-date symlink: /root/tracer_control_ws/install/tracer_msgs/include/tracer_msgs/tracer_msgs/msg/detail/uart_tracer_status__traits.hpp
[0.946s] -- Up-to-date symlink: /root/tracer_control_ws/install/tracer_msgs/include/tracer_msgs/tracer_msgs/msg/detail/uart_tracer_status__type_support.hpp
[0.946s] -- Up-to-date symlink: /root/tracer_control_ws/install/tracer_msgs/include/tracer_msgs/tracer_msgs/msg/rosidl_generator_cpp__visibility_control.hpp
[0.946s] -- Up-to-date symlink: /root/tracer_control_ws/install/tracer_msgs/include/tracer_msgs/tracer_msgs/msg/tracer_light_cmd.hpp
[0.946s] -- Up-to-date symlink: /root/tracer_control_ws/install/tracer_msgs/include/tracer_msgs/tracer_msgs/msg/tracer_light_state.hpp
[0.946s] -- Up-to-date symlink: /root/tracer_control_ws/install/tracer_msgs/include/tracer_msgs/tracer_msgs/msg/tracer_motor_state.hpp
[0.947s] -- Up-to-date symlink: /root/tracer_control_ws/install/tracer_msgs/include/tracer_msgs/tracer_msgs/msg/tracer_status.hpp
[0.947s] -- Up-to-date symlink: /root/tracer_control_ws/install/tracer_msgs/include/tracer_msgs/tracer_msgs/msg/uart_tracer_motor_state.hpp
[0.947s] -- Up-to-date symlink: /root/tracer_control_ws/install/tracer_msgs/include/tracer_msgs/tracer_msgs/msg/uart_tracer_status.hpp
[0.949s] -- Up-to-date symlink: /root/tracer_control_ws/install/tracer_msgs/include/tracer_msgs/tracer_msgs/msg/detail/tracer_light_cmd__rosidl_typesupport_fastrtps_cpp.hpp
[0.950s] -- Up-to-date symlink: /root/tracer_control_ws/install/tracer_msgs/include/tracer_msgs/tracer_msgs/msg/detail/tracer_light_state__rosidl_typesupport_fastrtps_cpp.hpp
[0.950s] -- Up-to-date symlink: /root/tracer_control_ws/install/tracer_msgs/include/tracer_msgs/tracer_msgs/msg/detail/tracer_motor_state__rosidl_typesupport_fastrtps_cpp.hpp
[0.951s] -- Up-to-date symlink: /root/tracer_control_ws/install/tracer_msgs/include/tracer_msgs/tracer_msgs/msg/detail/tracer_status__rosidl_typesupport_fastrtps_cpp.hpp
[0.951s] -- Up-to-date symlink: /root/tracer_control_ws/install/tracer_msgs/include/tracer_msgs/tracer_msgs/msg/detail/uart_tracer_motor_state__rosidl_typesupport_fastrtps_cpp.hpp
[0.951s] -- Up-to-date symlink: /root/tracer_control_ws/install/tracer_msgs/include/tracer_msgs/tracer_msgs/msg/detail/uart_tracer_status__rosidl_typesupport_fastrtps_cpp.hpp
[0.951s] -- Up-to-date symlink: /root/tracer_control_ws/install/tracer_msgs/include/tracer_msgs/tracer_msgs/msg/rosidl_typesupport_fastrtps_cpp__visibility_control.h
[0.951s] -- Up-to-date symlink: /root/tracer_control_ws/install/tracer_msgs/include/tracer_msgs/tracer_msgs/msg/detail/tracer_light_cmd__rosidl_typesupport_introspection_cpp.hpp
[0.952s] -- Up-to-date symlink: /root/tracer_control_ws/install/tracer_msgs/include/tracer_msgs/tracer_msgs/msg/detail/tracer_light_state__rosidl_typesupport_introspection_cpp.hpp
[0.952s] -- Up-to-date symlink: /root/tracer_control_ws/install/tracer_msgs/include/tracer_msgs/tracer_msgs/msg/detail/tracer_motor_state__rosidl_typesupport_introspection_cpp.hpp
[0.952s] -- Up-to-date symlink: /root/tracer_control_ws/install/tracer_msgs/include/tracer_msgs/tracer_msgs/msg/detail/tracer_status__rosidl_typesupport_introspection_cpp.hpp
[0.952s] -- Up-to-date symlink: /root/tracer_control_ws/install/tracer_msgs/include/tracer_msgs/tracer_msgs/msg/detail/uart_tracer_motor_state__rosidl_typesupport_introspection_cpp.hpp
[0.952s] -- Up-to-date symlink: /root/tracer_control_ws/install/tracer_msgs/include/tracer_msgs/tracer_msgs/msg/detail/uart_tracer_status__rosidl_typesupport_introspection_cpp.hpp
[0.952s] -- Up-to-date symlink: /root/tracer_control_ws/install/tracer_msgs/share/tracer_msgs/environment/pythonpath.sh
[0.953s] -- Up-to-date symlink: /root/tracer_control_ws/install/tracer_msgs/share/tracer_msgs/environment/pythonpath.dsv
[0.953s] -- Up-to-date symlink: /root/tracer_control_ws/install/tracer_msgs/local/lib/python3.10/dist-packages/tracer_msgs-0.3.3-py3.10.egg-info/PKG-INFO
[0.953s] -- Up-to-date symlink: /root/tracer_control_ws/install/tracer_msgs/local/lib/python3.10/dist-packages/tracer_msgs-0.3.3-py3.10.egg-info/SOURCES.txt
[0.954s] -- Up-to-date symlink: /root/tracer_control_ws/install/tracer_msgs/local/lib/python3.10/dist-packages/tracer_msgs-0.3.3-py3.10.egg-info/dependency_links.txt
[0.954s] -- Up-to-date symlink: /root/tracer_control_ws/install/tracer_msgs/local/lib/python3.10/dist-packages/tracer_msgs-0.3.3-py3.10.egg-info/top_level.txt
[0.955s] -- Up-to-date symlink: /root/tracer_control_ws/install/tracer_msgs/local/lib/python3.10/dist-packages/tracer_msgs/__init__.py
[0.955s] -- Up-to-date symlink: /root/tracer_control_ws/install/tracer_msgs/local/lib/python3.10/dist-packages/tracer_msgs/_tracer_msgs_s.ep.rosidl_typesupport_c.c
[0.956s] -- Up-to-date symlink: /root/tracer_control_ws/install/tracer_msgs/local/lib/python3.10/dist-packages/tracer_msgs/_tracer_msgs_s.ep.rosidl_typesupport_fastrtps_c.c
[0.956s] -- Up-to-date symlink: /root/tracer_control_ws/install/tracer_msgs/local/lib/python3.10/dist-packages/tracer_msgs/_tracer_msgs_s.ep.rosidl_typesupport_introspection_c.c
[0.956s] -- Up-to-date symlink: /root/tracer_control_ws/install/tracer_msgs/local/lib/python3.10/dist-packages/tracer_msgs/libtracer_msgs__rosidl_generator_py.so
[0.956s] -- Up-to-date symlink: /root/tracer_control_ws/install/tracer_msgs/local/lib/python3.10/dist-packages/tracer_msgs/msg/__init__.py
[0.957s] -- Up-to-date symlink: /root/tracer_control_ws/install/tracer_msgs/local/lib/python3.10/dist-packages/tracer_msgs/msg/_tracer_light_cmd.py
[0.957s] -- Up-to-date symlink: /root/tracer_control_ws/install/tracer_msgs/local/lib/python3.10/dist-packages/tracer_msgs/msg/_tracer_light_cmd_s.c
[0.957s] -- Up-to-date symlink: /root/tracer_control_ws/install/tracer_msgs/local/lib/python3.10/dist-packages/tracer_msgs/msg/_tracer_light_state.py
[0.957s] -- Up-to-date symlink: /root/tracer_control_ws/install/tracer_msgs/local/lib/python3.10/dist-packages/tracer_msgs/msg/_tracer_light_state_s.c
[0.957s] -- Up-to-date symlink: /root/tracer_control_ws/install/tracer_msgs/local/lib/python3.10/dist-packages/tracer_msgs/msg/_tracer_motor_state.py
[0.958s] -- Up-to-date symlink: /root/tracer_control_ws/install/tracer_msgs/local/lib/python3.10/dist-packages/tracer_msgs/msg/_tracer_motor_state_s.c
[0.958s] -- Up-to-date symlink: /root/tracer_control_ws/install/tracer_msgs/local/lib/python3.10/dist-packages/tracer_msgs/msg/_tracer_status.py
[0.958s] -- Up-to-date symlink: /root/tracer_control_ws/install/tracer_msgs/local/lib/python3.10/dist-packages/tracer_msgs/msg/_tracer_status_s.c
[0.958s] -- Up-to-date symlink: /root/tracer_control_ws/install/tracer_msgs/local/lib/python3.10/dist-packages/tracer_msgs/msg/_uart_tracer_motor_state.py
[0.959s] -- Up-to-date symlink: /root/tracer_control_ws/install/tracer_msgs/local/lib/python3.10/dist-packages/tracer_msgs/msg/_uart_tracer_motor_state_s.c
[0.959s] -- Up-to-date symlink: /root/tracer_control_ws/install/tracer_msgs/local/lib/python3.10/dist-packages/tracer_msgs/msg/_uart_tracer_status.py
[0.959s] -- Up-to-date symlink: /root/tracer_control_ws/install/tracer_msgs/local/lib/python3.10/dist-packages/tracer_msgs/msg/_uart_tracer_status_s.c
[0.959s] -- Up-to-date symlink: /root/tracer_control_ws/install/tracer_msgs/local/lib/python3.10/dist-packages/tracer_msgs/tracer_msgs_s__rosidl_typesupport_c.cpython-310-aarch64-linux-gnu.so
[0.959s] -- Up-to-date symlink: /root/tracer_control_ws/install/tracer_msgs/local/lib/python3.10/dist-packages/tracer_msgs/tracer_msgs_s__rosidl_typesupport_fastrtps_c.cpython-310-aarch64-linux-gnu.so
[0.960s] -- Up-to-date symlink: /root/tracer_control_ws/install/tracer_msgs/local/lib/python3.10/dist-packages/tracer_msgs/tracer_msgs_s__rosidl_typesupport_introspection_c.cpython-310-aarch64-linux-gnu.so
[0.960s] -- Up-to-date symlink: /root/tracer_control_ws/install/tracer_msgs/local/lib/python3.10/dist-packages/tracer_msgs/tracer_msgs_s__rosidl_typesupport_fastrtps_c.cpython-310-aarch64-linux-gnu.so
[0.961s] -- Up-to-date symlink: /root/tracer_control_ws/install/tracer_msgs/local/lib/python3.10/dist-packages/tracer_msgs/tracer_msgs_s__rosidl_typesupport_introspection_c.cpython-310-aarch64-linux-gnu.so
[0.961s] -- Up-to-date symlink: /root/tracer_control_ws/install/tracer_msgs/local/lib/python3.10/dist-packages/tracer_msgs/tracer_msgs_s__rosidl_typesupport_c.cpython-310-aarch64-linux-gnu.so
[0.961s] -- Up-to-date symlink: /root/tracer_control_ws/install/tracer_msgs/share/tracer_msgs/msg/TracerMotorState.idl
[0.962s] -- Up-to-date symlink: /root/tracer_control_ws/install/tracer_msgs/share/tracer_msgs/msg/UartTracerMotorState.idl
[0.962s] -- Up-to-date symlink: /root/tracer_control_ws/install/tracer_msgs/share/tracer_msgs/msg/TracerLightState.idl
[0.962s] -- Up-to-date symlink: /root/tracer_control_ws/install/tracer_msgs/share/tracer_msgs/msg/TracerLightCmd.idl
[0.963s] -- Up-to-date symlink: /root/tracer_control_ws/install/tracer_msgs/share/tracer_msgs/msg/TracerStatus.idl
[0.963s] -- Up-to-date symlink: /root/tracer_control_ws/install/tracer_msgs/share/tracer_msgs/msg/UartTracerStatus.idl
[0.963s] -- Up-to-date symlink: /root/tracer_control_ws/install/tracer_msgs/share/tracer_msgs/msg/TracerMotorState.msg
[0.963s] -- Up-to-date symlink: /root/tracer_control_ws/install/tracer_msgs/share/tracer_msgs/msg/UartTracerMotorState.msg
[0.964s] -- Up-to-date symlink: /root/tracer_control_ws/install/tracer_msgs/share/tracer_msgs/msg/TracerLightState.msg
[0.964s] -- Up-to-date symlink: /root/tracer_control_ws/install/tracer_msgs/share/tracer_msgs/msg/TracerLightCmd.msg
[0.964s] -- Up-to-date symlink: /root/tracer_control_ws/install/tracer_msgs/share/tracer_msgs/msg/TracerStatus.msg
[0.965s] -- Up-to-date symlink: /root/tracer_control_ws/install/tracer_msgs/share/tracer_msgs/msg/UartTracerStatus.msg
[0.965s] -- Up-to-date symlink: /root/tracer_control_ws/install/tracer_msgs/share/tracer_msgs/msg/TracerLightCmd.msg
[0.965s] -- Up-to-date symlink: /root/tracer_control_ws/install/tracer_msgs/share/tracer_msgs/msg/TracerLightState.msg
[0.966s] -- Up-to-date symlink: /root/tracer_control_ws/install/tracer_msgs/share/tracer_msgs/msg/TracerMotorState.msg
[0.966s] -- Up-to-date symlink: /root/tracer_control_ws/install/tracer_msgs/share/tracer_msgs/msg/TracerRsStatus.msg
[0.966s] -- Up-to-date symlink: /root/tracer_control_ws/install/tracer_msgs/share/tracer_msgs/msg/TracerStatus.msg
[0.966s] -- Up-to-date symlink: /root/tracer_control_ws/install/tracer_msgs/share/tracer_msgs/msg/UartTracerMotorState.msg
[0.966s] -- Up-to-date symlink: /root/tracer_control_ws/install/tracer_msgs/share/tracer_msgs/msg/UartTracerStatus.msg
[0.967s] -- Up-to-date symlink: /root/tracer_control_ws/install/tracer_msgs/share/ament_index/resource_index/package_run_dependencies/tracer_msgs
[0.967s] -- Up-to-date symlink: /root/tracer_control_ws/install/tracer_msgs/share/ament_index/resource_index/parent_prefix_path/tracer_msgs
[0.967s] -- Up-to-date symlink: /root/tracer_control_ws/install/tracer_msgs/share/tracer_msgs/environment/ament_prefix_path.sh
[0.968s] -- Up-to-date symlink: /root/tracer_control_ws/install/tracer_msgs/share/tracer_msgs/environment/ament_prefix_path.dsv
[0.968s] -- Up-to-date symlink: /root/tracer_control_ws/install/tracer_msgs/share/tracer_msgs/environment/path.sh
[0.968s] -- Up-to-date symlink: /root/tracer_control_ws/install/tracer_msgs/share/tracer_msgs/environment/path.dsv
[0.969s] -- Up-to-date symlink: /root/tracer_control_ws/install/tracer_msgs/share/tracer_msgs/local_setup.bash
[0.969s] -- Up-to-date symlink: /root/tracer_control_ws/install/tracer_msgs/share/tracer_msgs/local_setup.sh
[0.969s] -- Up-to-date symlink: /root/tracer_control_ws/install/tracer_msgs/share/tracer_msgs/local_setup.zsh
[0.969s] -- Up-to-date symlink: /root/tracer_control_ws/install/tracer_msgs/share/tracer_msgs/local_setup.dsv
[0.970s] -- Symlinking: /root/tracer_control_ws/install/tracer_msgs/share/tracer_msgs/package.dsv
[0.992s] -- Up-to-date symlink: /root/tracer_control_ws/install/tracer_msgs/share/ament_index/resource_index/packages/tracer_msgs
[0.993s] -- Up-to-date symlink: /root/tracer_control_ws/install/tracer_msgs/share/tracer_msgs/cmake/rosidl_cmake-extras.cmake
[0.993s] -- Up-to-date symlink: /root/tracer_control_ws/install/tracer_msgs/share/tracer_msgs/cmake/ament_cmake_export_dependencies-extras.cmake
[0.993s] -- Up-to-date symlink: /root/tracer_control_ws/install/tracer_msgs/share/tracer_msgs/cmake/ament_cmake_export_include_directories-extras.cmake
[0.993s] -- Up-to-date symlink: /root/tracer_control_ws/install/tracer_msgs/share/tracer_msgs/cmake/ament_cmake_export_libraries-extras.cmake
[0.993s] -- Up-to-date symlink: /root/tracer_control_ws/install/tracer_msgs/share/tracer_msgs/cmake/ament_cmake_export_targets-extras.cmake
[0.994s] -- Up-to-date symlink: /root/tracer_control_ws/install/tracer_msgs/share/tracer_msgs/cmake/rosidl_cmake_export_typesupport_targets-extras.cmake
[0.994s] -- Up-to-date symlink: /root/tracer_control_ws/install/tracer_msgs/share/tracer_msgs/cmake/rosidl_cmake_export_typesupport_libraries-extras.cmake
[0.994s] -- Up-to-date symlink: /root/tracer_control_ws/install/tracer_msgs/share/tracer_msgs/cmake/tracer_msgsConfig.cmake
[0.994s] -- Up-to-date symlink: /root/tracer_control_ws/install/tracer_msgs/share/tracer_msgs/cmake/tracer_msgsConfig-version.cmake
[0.995s] -- Up-to-date symlink: /root/tracer_control_ws/install/tracer_msgs/share/tracer_msgs/package.xml
[0.995s] -- Up-to-date: /root/tracer_control_ws/install/tracer_msgs/lib/libtracer_msgs__rosidl_generator_c.so
[0.996s] -- Up-to-date: /root/tracer_control_ws/install/tracer_msgs/lib/libtracer_msgs__rosidl_typesupport_fastrtps_c.so
[0.996s] -- Up-to-date: /root/tracer_control_ws/install/tracer_msgs/lib/libtracer_msgs__rosidl_typesupport_introspection_c.so
[0.997s] -- Up-to-date: /root/tracer_control_ws/install/tracer_msgs/lib/libtracer_msgs__rosidl_typesupport_c.so
[0.997s] -- Up-to-date: /root/tracer_control_ws/install/tracer_msgs/lib/libtracer_msgs__rosidl_typesupport_fastrtps_cpp.so
[0.998s] -- Up-to-date: /root/tracer_control_ws/install/tracer_msgs/lib/libtracer_msgs__rosidl_typesupport_introspection_cpp.so
[0.998s] -- Up-to-date: /root/tracer_control_ws/install/tracer_msgs/lib/libtracer_msgs__rosidl_typesupport_cpp.so
[1.074s] Listing '/root/tracer_control_ws/install/tracer_msgs/local/lib/python3.10/dist-packages/tracer_msgs'...
[1.075s] Listing '/root/tracer_control_ws/install/tracer_msgs/local/lib/python3.10/dist-packages/tracer_msgs/msg'...
[1.086s] -- Up-to-date: /root/tracer_control_ws/install/tracer_msgs/lib/libtracer_msgs__rosidl_generator_py.so
[1.086s] -- Up-to-date: /root/tracer_control_ws/install/tracer_msgs/share/tracer_msgs/cmake/export_tracer_msgs__rosidl_generator_cExport.cmake
[1.087s] -- Up-to-date: /root/tracer_control_ws/install/tracer_msgs/share/tracer_msgs/cmake/export_tracer_msgs__rosidl_generator_cExport-noconfig.cmake
[1.087s] -- Up-to-date: /root/tracer_control_ws/install/tracer_msgs/share/tracer_msgs/cmake/export_tracer_msgs__rosidl_typesupport_fastrtps_cExport.cmake
[1.087s] -- Up-to-date: /root/tracer_control_ws/install/tracer_msgs/share/tracer_msgs/cmake/export_tracer_msgs__rosidl_typesupport_fastrtps_cExport-noconfig.cmake
[1.088s] -- Up-to-date: /root/tracer_control_ws/install/tracer_msgs/share/tracer_msgs/cmake/tracer_msgs__rosidl_typesupport_introspection_cExport.cmake
[1.088s] -- Up-to-date: /root/tracer_control_ws/install/tracer_msgs/share/tracer_msgs/cmake/tracer_msgs__rosidl_typesupport_introspection_cExport-noconfig.cmake
[1.088s] -- Up-to-date: /root/tracer_control_ws/install/tracer_msgs/share/tracer_msgs/cmake/tracer_msgs__rosidl_typesupport_cExport.cmake
[1.088s] -- Up-to-date: /root/tracer_control_ws/install/tracer_msgs/share/tracer_msgs/cmake/tracer_msgs__rosidl_typesupport_cExport-noconfig.cmake
[1.088s] -- Up-to-date: /root/tracer_control_ws/install/tracer_msgs/share/tracer_msgs/cmake/export_tracer_msgs__rosidl_generator_cppExport.cmake
[1.089s] -- Up-to-date: /root/tracer_control_ws/install/tracer_msgs/share/tracer_msgs/cmake/export_tracer_msgs__rosidl_typesupport_fastrtps_cppExport.cmake
[1.089s] -- Up-to-date: /root/tracer_control_ws/install/tracer_msgs/share/tracer_msgs/cmake/export_tracer_msgs__rosidl_typesupport_fastrtps_cppExport-noconfig.cmake
[1.089s] -- Up-to-date: /root/tracer_control_ws/install/tracer_msgs/share/tracer_msgs/cmake/tracer_msgs__rosidl_typesupport_introspection_cppExport.cmake
[1.089s] -- Up-to-date: /root/tracer_control_ws/install/tracer_msgs/share/tracer_msgs/cmake/tracer_msgs__rosidl_typesupport_introspection_cppExport-noconfig.cmake
[1.090s] -- Up-to-date: /root/tracer_control_ws/install/tracer_msgs/share/tracer_msgs/cmake/tracer_msgs__rosidl_typesupport_cppExport.cmake
[1.090s] -- Up-to-date: /root/tracer_control_ws/install/tracer_msgs/share/tracer_msgs/cmake/tracer_msgs__rosidl_typesupport_cppExport-noconfig.cmake
[1.090s] -- Up-to-date: /root/tracer_control_ws/install/tracer_msgs/share/tracer_msgs/cmake/export_tracer_msgs__rosidl_generator_pyExport.cmake
[1.090s] -- Up-to-date: /root/tracer_control_ws/install/tracer_msgs/share/tracer_msgs/cmake/export_tracer_msgs__rosidl_generator_pyExport-noconfig.cmake
[1.099s] Invoked command in '/root/tracer_control_ws/build/tracer_msgs' returned '0': CMAKE_PREFIX_PATH=/root/tracer_control_ws/install/tracer_base:/opt/ros/humble:/root/tracer_control_ws/install/ugv_sdk:/root/tracer_control_ws/install/tracer_msgs /usr/bin/cmake --install /root/tracer_control_ws/build/tracer_msgs
