[0.232s] DEBUG:colcon:Command line arguments: ['/usr/bin/colcon', 'build', '--packages-select', 'tracer_msgs', '--event-handlers', 'console_stderr+']
[0.232s] DEBUG:colcon:Parsed command line arguments: Namespace(log_base=None, log_level=None, verb_name='build', build_base='build', install_base='install', merge_install=False, symlink_install=False, test_result_base=None, continue_on_error=False, executor='parallel', parallel_workers=12, event_handlers=['console_stderr+'], ignore_user_meta=False, metas=['./colcon.meta'], base_paths=['.'], packages_ignore=None, packages_ignore_regex=None, paths=None, packages_up_to=None, packages_up_to_regex=None, packages_above=None, packages_above_and_dependencies=None, packages_above_depth=None, packages_select_by_dep=None, packages_skip_by_dep=None, packages_skip_up_to=None, packages_select_build_failed=False, packages_skip_build_finished=False, packages_select_test_failures=False, packages_skip_test_passed=False, packages_select=['tracer_msgs'], packages_skip=None, packages_select_regex=None, packages_skip_regex=None, packages_start=None, packages_end=None, allow_overriding=[], cmake_args=None, cmake_target=None, cmake_target_skip_unavailable=False, cmake_clean_cache=False, cmake_clean_first=False, cmake_force_configure=False, ament_cmake_args=None, catkin_cmake_args=None, catkin_skip_building_tests=False, verb_parser=<colcon_defaults.argument_parser.defaults.DefaultArgumentsDecorator object at 0xffffb8394490>, verb_extension=<colcon_core.verb.build.BuildVerb object at 0xffffb8363f10>, main=<bound method BuildVerb.main of <colcon_core.verb.build.BuildVerb object at 0xffffb8363f10>>)
[0.606s] Level 1:colcon.colcon_core.package_discovery:discover_packages(colcon_meta) check parameters
[0.607s] Level 1:colcon.colcon_core.package_discovery:discover_packages(recursive) check parameters
[0.607s] Level 1:colcon.colcon_core.package_discovery:discover_packages(ignore) check parameters
[0.607s] Level 1:colcon.colcon_core.package_discovery:discover_packages(path) check parameters
[0.607s] Level 1:colcon.colcon_core.package_discovery:discover_packages(colcon_meta) discover
[0.607s] Level 1:colcon.colcon_core.package_discovery:discover_packages(recursive) discover
[0.607s] INFO:colcon.colcon_core.package_discovery:Crawling recursively for packages in '/root/tracer_control_ws/src/tracer_ros/tracer_msgs'
[0.607s] Level 1:colcon.colcon_core.package_identification:_identify(.) by extensions ['ignore', 'ignore_ament_install']
[0.608s] Level 1:colcon.colcon_core.package_identification:_identify(.) by extension 'ignore'
[0.608s] Level 1:colcon.colcon_core.package_identification:_identify(.) by extension 'ignore_ament_install'
[0.608s] Level 1:colcon.colcon_core.package_identification:_identify(.) by extensions ['colcon_pkg']
[0.608s] Level 1:colcon.colcon_core.package_identification:_identify(.) by extension 'colcon_pkg'
[0.608s] Level 1:colcon.colcon_core.package_identification:_identify(.) by extensions ['colcon_meta']
[0.608s] Level 1:colcon.colcon_core.package_identification:_identify(.) by extension 'colcon_meta'
[0.609s] Level 1:colcon.colcon_core.package_identification:_identify(.) by extensions ['ros']
[0.609s] Level 1:colcon.colcon_core.package_identification:_identify(.) by extension 'ros'
[0.639s] DEBUG:colcon.colcon_core.package_identification:Package '.' with type 'ros.ament_cmake' and name 'tracer_msgs'
[0.639s] Level 1:colcon.colcon_core.package_discovery:discover_packages(recursive) using defaults
[0.639s] Level 1:colcon.colcon_core.package_discovery:discover_packages(ignore) discover
[0.639s] Level 1:colcon.colcon_core.package_discovery:discover_packages(ignore) using defaults
[0.639s] Level 1:colcon.colcon_core.package_discovery:discover_packages(path) discover
[0.639s] Level 1:colcon.colcon_core.package_discovery:discover_packages(path) using defaults
[0.681s] Level 1:colcon.colcon_core.package_discovery:discover_packages(prefix_path) check parameters
[0.681s] Level 1:colcon.colcon_core.package_discovery:discover_packages(prefix_path) discover
[0.687s] DEBUG:colcon.colcon_installed_package_information.package_discovery:Found 319 installed packages in /opt/ros/humble
[0.719s] Level 1:colcon.colcon_core.package_discovery:discover_packages(prefix_path) using defaults
[0.812s] Level 5:colcon.colcon_core.verb:set package 'tracer_msgs' build argument 'cmake_args' from command line to 'None'
[0.812s] Level 5:colcon.colcon_core.verb:set package 'tracer_msgs' build argument 'cmake_target' from command line to 'None'
[0.812s] Level 5:colcon.colcon_core.verb:set package 'tracer_msgs' build argument 'cmake_target_skip_unavailable' from command line to 'False'
[0.812s] Level 5:colcon.colcon_core.verb:set package 'tracer_msgs' build argument 'cmake_clean_cache' from command line to 'False'
[0.813s] Level 5:colcon.colcon_core.verb:set package 'tracer_msgs' build argument 'cmake_clean_first' from command line to 'False'
[0.813s] Level 5:colcon.colcon_core.verb:set package 'tracer_msgs' build argument 'cmake_force_configure' from command line to 'False'
[0.813s] Level 5:colcon.colcon_core.verb:set package 'tracer_msgs' build argument 'ament_cmake_args' from command line to 'None'
[0.813s] Level 5:colcon.colcon_core.verb:set package 'tracer_msgs' build argument 'catkin_cmake_args' from command line to 'None'
[0.813s] Level 5:colcon.colcon_core.verb:set package 'tracer_msgs' build argument 'catkin_skip_building_tests' from command line to 'False'
[0.813s] DEBUG:colcon.colcon_core.verb:Building package 'tracer_msgs' with the following arguments: {'ament_cmake_args': None, 'build_base': '/root/tracer_control_ws/src/tracer_ros/tracer_msgs/build/tracer_msgs', 'catkin_cmake_args': None, 'catkin_skip_building_tests': False, 'cmake_args': None, 'cmake_clean_cache': False, 'cmake_clean_first': False, 'cmake_force_configure': False, 'cmake_target': None, 'cmake_target_skip_unavailable': False, 'install_base': '/root/tracer_control_ws/src/tracer_ros/tracer_msgs/install/tracer_msgs', 'merge_install': False, 'path': '/root/tracer_control_ws/src/tracer_ros/tracer_msgs', 'symlink_install': False, 'test_result_base': None}
[0.813s] INFO:colcon.colcon_core.executor:Executing jobs using 'parallel' executor
[0.816s] DEBUG:colcon.colcon_parallel_executor.executor.parallel:run_until_complete
[0.816s] INFO:colcon.colcon_ros.task.ament_cmake.build:Building ROS package in '/root/tracer_control_ws/src/tracer_ros/tracer_msgs' with build type 'ament_cmake'
[0.817s] INFO:colcon.colcon_cmake.task.cmake.build:Building CMake package in '/root/tracer_control_ws/src/tracer_ros/tracer_msgs'
[0.822s] INFO:colcon.colcon_core.plugin_system:Skipping extension 'colcon_core.shell.bat': Not used on non-Windows systems
[0.823s] INFO:colcon.colcon_core.shell:Skip shell extension 'powershell' for command environment: Not usable outside of PowerShell
[0.823s] DEBUG:colcon.colcon_core.shell:Skip shell extension 'dsv' for command environment
[0.839s] DEBUG:colcon.colcon_core.event_handler.log_command:Invoking command in '/root/tracer_control_ws/src/tracer_ros/tracer_msgs/build/tracer_msgs': CMAKE_PREFIX_PATH=/opt/ros/humble /usr/bin/cmake /root/tracer_control_ws/src/tracer_ros/tracer_msgs -DCMAKE_INSTALL_PREFIX=/root/tracer_control_ws/src/tracer_ros/tracer_msgs/install/tracer_msgs
[1.934s] DEBUG:colcon.colcon_core.event_handler.log_command:Invoked command in '/root/tracer_control_ws/src/tracer_ros/tracer_msgs/build/tracer_msgs' returned '1': CMAKE_PREFIX_PATH=/opt/ros/humble /usr/bin/cmake /root/tracer_control_ws/src/tracer_ros/tracer_msgs -DCMAKE_INSTALL_PREFIX=/root/tracer_control_ws/src/tracer_ros/tracer_msgs/install/tracer_msgs
[1.964s] Level 1:colcon.colcon_core.environment:create_environment_scripts_only(tracer_msgs)
[1.972s] Level 1:colcon.colcon_core.environment:checking '/root/tracer_control_ws/src/tracer_ros/tracer_msgs/install/tracer_msgs' for CMake module files
[1.972s] Level 1:colcon.colcon_core.environment:checking '/root/tracer_control_ws/src/tracer_ros/tracer_msgs/install/tracer_msgs' for CMake config files
[1.974s] Level 1:colcon.colcon_core.environment:checking '/root/tracer_control_ws/src/tracer_ros/tracer_msgs/install/tracer_msgs/bin'
[1.974s] Level 1:colcon.colcon_core.environment:checking '/root/tracer_control_ws/src/tracer_ros/tracer_msgs/install/tracer_msgs/lib/pkgconfig/tracer_msgs.pc'
[1.974s] Level 1:colcon.colcon_core.environment:checking '/root/tracer_control_ws/src/tracer_ros/tracer_msgs/install/tracer_msgs/lib/python3.10/site-packages'
[1.975s] Level 1:colcon.colcon_core.environment:checking '/root/tracer_control_ws/src/tracer_ros/tracer_msgs/install/tracer_msgs/bin'
[1.976s] INFO:colcon.colcon_core.shell:Creating package script '/root/tracer_control_ws/src/tracer_ros/tracer_msgs/install/tracer_msgs/share/tracer_msgs/package.ps1'
[1.979s] INFO:colcon.colcon_core.shell:Creating package descriptor '/root/tracer_control_ws/src/tracer_ros/tracer_msgs/install/tracer_msgs/share/tracer_msgs/package.dsv'
[1.980s] INFO:colcon.colcon_core.shell:Creating package script '/root/tracer_control_ws/src/tracer_ros/tracer_msgs/install/tracer_msgs/share/tracer_msgs/package.sh'
[1.982s] INFO:colcon.colcon_core.shell:Creating package script '/root/tracer_control_ws/src/tracer_ros/tracer_msgs/install/tracer_msgs/share/tracer_msgs/package.bash'
[1.985s] INFO:colcon.colcon_core.shell:Creating package script '/root/tracer_control_ws/src/tracer_ros/tracer_msgs/install/tracer_msgs/share/tracer_msgs/package.zsh'
[1.986s] Level 1:colcon.colcon_core.environment:create_file_with_runtime_dependencies(/root/tracer_control_ws/src/tracer_ros/tracer_msgs/install/tracer_msgs/share/colcon-core/packages/tracer_msgs)
[1.997s] DEBUG:colcon.colcon_parallel_executor.executor.parallel:closing loop
[1.998s] DEBUG:colcon.colcon_parallel_executor.executor.parallel:loop closed
[1.999s] DEBUG:colcon.colcon_parallel_executor.executor.parallel:run_until_complete finished with '1'
[1.999s] DEBUG:colcon.colcon_core.event_reactor:joining thread
[2.014s] INFO:colcon.colcon_core.plugin_system:Skipping extension 'colcon_notification.desktop_notification.notify_send': Could not find 'notify-send'
[2.014s] INFO:colcon.colcon_core.plugin_system:Skipping extension 'colcon_notification.desktop_notification.terminal_notifier': Not used on non-Darwin systems
[2.015s] INFO:colcon.colcon_core.plugin_system:Skipping extension 'colcon_notification.desktop_notification.win32': Not used on non-Windows systems
[2.015s] INFO:colcon.colcon_notification.desktop_notification:Sending desktop notification using 'notify2'
[2.024s] DEBUG:colcon.colcon_notification.desktop_notification.notify2:Failed to initialize notify2: org.freedesktop.DBus.Error.Spawn.ExecFailed: /usr/bin/dbus-launch terminated abnormally without any error message
[2.025s] DEBUG:colcon.colcon_core.event_reactor:joined thread
[2.027s] INFO:colcon.colcon_core.shell:Creating prefix script '/root/tracer_control_ws/src/tracer_ros/tracer_msgs/install/local_setup.ps1'
[2.031s] INFO:colcon.colcon_core.shell:Creating prefix util module '/root/tracer_control_ws/src/tracer_ros/tracer_msgs/install/_local_setup_util_ps1.py'
[2.035s] INFO:colcon.colcon_core.shell:Creating prefix chain script '/root/tracer_control_ws/src/tracer_ros/tracer_msgs/install/setup.ps1'
[2.039s] INFO:colcon.colcon_core.shell:Creating prefix script '/root/tracer_control_ws/src/tracer_ros/tracer_msgs/install/local_setup.sh'
[2.040s] INFO:colcon.colcon_core.shell:Creating prefix util module '/root/tracer_control_ws/src/tracer_ros/tracer_msgs/install/_local_setup_util_sh.py'
[2.042s] INFO:colcon.colcon_core.shell:Creating prefix chain script '/root/tracer_control_ws/src/tracer_ros/tracer_msgs/install/setup.sh'
[2.046s] INFO:colcon.colcon_core.shell:Creating prefix script '/root/tracer_control_ws/src/tracer_ros/tracer_msgs/install/local_setup.bash'
[2.048s] INFO:colcon.colcon_core.shell:Creating prefix chain script '/root/tracer_control_ws/src/tracer_ros/tracer_msgs/install/setup.bash'
[2.051s] INFO:colcon.colcon_core.shell:Creating prefix script '/root/tracer_control_ws/src/tracer_ros/tracer_msgs/install/local_setup.zsh'
[2.053s] INFO:colcon.colcon_core.shell:Creating prefix chain script '/root/tracer_control_ws/src/tracer_ros/tracer_msgs/install/setup.zsh'
