[0.028s] Invoking command in '/root/tracer_control_ws/build/ugv_sdk': /usr/bin/cmake --build /root/tracer_control_ws/build/ugv_sdk -- -j12 -l12
[0.212s] [ 42%] Built target ugv_sdk
[0.328s] [ 50%] Built target demo_tracer_robot
[0.331s] [ 57%] Built target demo_scout_robot
[0.333s] [ 64%] Built target demo_ranger_robot
[0.337s] [ 71%] Built target demo_scout_mini_omni_robot
[0.341s] [ 78%] Built target demo_bunker_robot
[0.350s] [ 85%] Built target demo_protocol_detector
[0.356s] [ 92%] Built target demo_hunter_robot
[0.403s] [100%] Built target demo_robot_version
[0.439s] Invoked command in '/root/tracer_control_ws/build/ugv_sdk' returned '0': /usr/bin/cmake --build /root/tracer_control_ws/build/ugv_sdk -- -j12 -l12
[0.467s] Invoking command in '/root/tracer_control_ws/build/ugv_sdk': /usr/bin/cmake --install /root/tracer_control_ws/build/ugv_sdk
[0.487s] -- Install configuration: "Release"
[0.487s] -- Up-to-date: /root/tracer_control_ws/install/ugv_sdk/lib/libugv_sdk.a
[0.488s] -- Up-to-date: /root/tracer_control_ws/install/ugv_sdk/include/ugv_sdk
[0.488s] -- Up-to-date: /root/tracer_control_ws/install/ugv_sdk/include/ugv_sdk/details
[0.488s] -- Up-to-date: /root/tracer_control_ws/install/ugv_sdk/include/ugv_sdk/details/async_port
[0.488s] -- Up-to-date: /root/tracer_control_ws/install/ugv_sdk/include/ugv_sdk/details/async_port/async_serial.hpp
[0.488s] -- Up-to-date: /root/tracer_control_ws/install/ugv_sdk/include/ugv_sdk/details/async_port/ring_buffer.hpp
[0.489s] -- Up-to-date: /root/tracer_control_ws/install/ugv_sdk/include/ugv_sdk/details/async_port/async_can.hpp
[0.489s] -- Up-to-date: /root/tracer_control_ws/install/ugv_sdk/include/ugv_sdk/details/robot_base
[0.489s] -- Up-to-date: /root/tracer_control_ws/install/ugv_sdk/include/ugv_sdk/details/robot_base/scout_base.hpp
[0.490s] -- Up-to-date: /root/tracer_control_ws/install/ugv_sdk/include/ugv_sdk/details/robot_base/agilex_base.hpp
[0.490s] -- Up-to-date: /root/tracer_control_ws/install/ugv_sdk/include/ugv_sdk/details/robot_base/bunker_base.hpp
[0.490s] -- Up-to-date: /root/tracer_control_ws/install/ugv_sdk/include/ugv_sdk/details/robot_base/ranger_base.hpp
[0.490s] -- Up-to-date: /root/tracer_control_ws/install/ugv_sdk/include/ugv_sdk/details/robot_base/titan_base.hpp
[0.490s] -- Up-to-date: /root/tracer_control_ws/install/ugv_sdk/include/ugv_sdk/details/robot_base/tracer_base.hpp
[0.490s] -- Up-to-date: /root/tracer_control_ws/install/ugv_sdk/include/ugv_sdk/details/robot_base/hunter_base.hpp
[0.490s] -- Up-to-date: /root/tracer_control_ws/install/ugv_sdk/include/ugv_sdk/details/protocol_v2
[0.491s] -- Up-to-date: /root/tracer_control_ws/install/ugv_sdk/include/ugv_sdk/details/protocol_v2/protocol_v2_parser.hpp
[0.491s] -- Up-to-date: /root/tracer_control_ws/install/ugv_sdk/include/ugv_sdk/details/protocol_v1
[0.491s] -- Up-to-date: /root/tracer_control_ws/install/ugv_sdk/include/ugv_sdk/details/protocol_v1/robot_limits.hpp
[0.491s] -- Up-to-date: /root/tracer_control_ws/install/ugv_sdk/include/ugv_sdk/details/protocol_v1/agilex_msg_parser_v1.h
[0.491s] -- Up-to-date: /root/tracer_control_ws/install/ugv_sdk/include/ugv_sdk/details/protocol_v1/protocol_v1_parser.hpp
[0.491s] -- Up-to-date: /root/tracer_control_ws/install/ugv_sdk/include/ugv_sdk/details/interface
[0.491s] -- Up-to-date: /root/tracer_control_ws/install/ugv_sdk/include/ugv_sdk/details/interface/scout_interface.hpp
[0.491s] -- Up-to-date: /root/tracer_control_ws/install/ugv_sdk/include/ugv_sdk/details/interface/robot_common_interface.hpp
[0.492s] -- Up-to-date: /root/tracer_control_ws/install/ugv_sdk/include/ugv_sdk/details/interface/bunker_interface.hpp
[0.492s] -- Up-to-date: /root/tracer_control_ws/install/ugv_sdk/include/ugv_sdk/details/interface/agilex_message.h
[0.492s] -- Up-to-date: /root/tracer_control_ws/install/ugv_sdk/include/ugv_sdk/details/interface/ranger_interface.hpp
[0.492s] -- Up-to-date: /root/tracer_control_ws/install/ugv_sdk/include/ugv_sdk/details/interface/titan_interface.hpp
[0.492s] -- Up-to-date: /root/tracer_control_ws/install/ugv_sdk/include/ugv_sdk/details/interface/agilex_types.h
[0.492s] -- Up-to-date: /root/tracer_control_ws/install/ugv_sdk/include/ugv_sdk/details/interface/tracer_interface.hpp
[0.492s] -- Up-to-date: /root/tracer_control_ws/install/ugv_sdk/include/ugv_sdk/details/interface/hunter_interface.hpp
[0.493s] -- Up-to-date: /root/tracer_control_ws/install/ugv_sdk/include/ugv_sdk/details/parser_base.hpp
[0.493s] -- Up-to-date: /root/tracer_control_ws/install/ugv_sdk/include/ugv_sdk/mobile_robot
[0.493s] -- Up-to-date: /root/tracer_control_ws/install/ugv_sdk/include/ugv_sdk/mobile_robot/bunker_robot.hpp
[0.493s] -- Up-to-date: /root/tracer_control_ws/install/ugv_sdk/include/ugv_sdk/mobile_robot/ranger_robot.hpp
[0.493s] -- Up-to-date: /root/tracer_control_ws/install/ugv_sdk/include/ugv_sdk/mobile_robot/scout_robot.hpp
[0.493s] -- Up-to-date: /root/tracer_control_ws/install/ugv_sdk/include/ugv_sdk/mobile_robot/tracer_robot.hpp
[0.493s] -- Up-to-date: /root/tracer_control_ws/install/ugv_sdk/include/ugv_sdk/mobile_robot/hunter_robot.hpp
[0.494s] -- Up-to-date: /root/tracer_control_ws/install/ugv_sdk/include/ugv_sdk/mobile_robot/titan_robot.hpp
[0.494s] -- Up-to-date: /root/tracer_control_ws/install/ugv_sdk/include/ugv_sdk/utilities
[0.494s] -- Up-to-date: /root/tracer_control_ws/install/ugv_sdk/include/ugv_sdk/utilities/protocol_detector.hpp
[0.494s] -- Up-to-date: /root/tracer_control_ws/install/ugv_sdk/lib/cmake/ugv_sdk/ugv_sdkTargets.cmake
[0.494s] -- Up-to-date: /root/tracer_control_ws/install/ugv_sdk/lib/cmake/ugv_sdk/ugv_sdkTargets-release.cmake
[0.495s] -- Up-to-date: /root/tracer_control_ws/install/ugv_sdk/lib/cmake/ugv_sdk/ugv_sdkConfig.cmake
[0.496s] -- Up-to-date: /root/tracer_control_ws/install/ugv_sdk/lib/cmake/ugv_sdk/ugv_sdkConfigVersion.cmake
[0.501s] Invoked command in '/root/tracer_control_ws/build/ugv_sdk' returned '0': /usr/bin/cmake --install /root/tracer_control_ws/build/ugv_sdk
