[0.238s] DEBUG:colcon:Command line arguments: ['/usr/bin/colcon', 'build', '--symlink-install']
[0.238s] DEBUG:colcon:Parsed command line arguments: Namespace(log_base=None, log_level=None, verb_name='build', build_base='build', install_base='install', merge_install=False, symlink_install=True, test_result_base=None, continue_on_error=False, executor='parallel', parallel_workers=12, event_handlers=None, ignore_user_meta=False, metas=['./colcon.meta'], base_paths=['.'], packages_ignore=None, packages_ignore_regex=None, paths=None, packages_up_to=None, packages_up_to_regex=None, packages_above=None, packages_above_and_dependencies=None, packages_above_depth=None, packages_select_by_dep=None, packages_skip_by_dep=None, packages_skip_up_to=None, packages_select_build_failed=False, packages_skip_build_finished=False, packages_select_test_failures=False, packages_skip_test_passed=False, packages_select=None, packages_skip=None, packages_select_regex=None, packages_skip_regex=None, packages_start=None, packages_end=None, allow_overriding=[], cmake_args=None, cmake_target=None, cmake_target_skip_unavailable=False, cmake_clean_cache=False, cmake_clean_first=False, cmake_force_configure=False, ament_cmake_args=None, catkin_cmake_args=None, catkin_skip_building_tests=False, verb_parser=<colcon_defaults.argument_parser.defaults.DefaultArgumentsDecorator object at 0xffff83c14460>, verb_extension=<colcon_core.verb.build.BuildVerb object at 0xffff83dacb80>, main=<bound method BuildVerb.main of <colcon_core.verb.build.BuildVerb object at 0xffff83dacb80>>)
[0.621s] Level 1:colcon.colcon_core.package_discovery:discover_packages(colcon_meta) check parameters
[0.621s] Level 1:colcon.colcon_core.package_discovery:discover_packages(recursive) check parameters
[0.621s] Level 1:colcon.colcon_core.package_discovery:discover_packages(ignore) check parameters
[0.621s] Level 1:colcon.colcon_core.package_discovery:discover_packages(path) check parameters
[0.622s] Level 1:colcon.colcon_core.package_discovery:discover_packages(colcon_meta) discover
[0.622s] Level 1:colcon.colcon_core.package_discovery:discover_packages(recursive) discover
[0.622s] INFO:colcon.colcon_core.package_discovery:Crawling recursively for packages in '/root/tracer_control_ws'
[0.622s] Level 1:colcon.colcon_core.package_identification:_identify(.) by extensions ['ignore', 'ignore_ament_install']
[0.623s] Level 1:colcon.colcon_core.package_identification:_identify(.) by extension 'ignore'
[0.623s] Level 1:colcon.colcon_core.package_identification:_identify(.) by extension 'ignore_ament_install'
[0.623s] Level 1:colcon.colcon_core.package_identification:_identify(.) by extensions ['colcon_pkg']
[0.623s] Level 1:colcon.colcon_core.package_identification:_identify(.) by extension 'colcon_pkg'
[0.623s] Level 1:colcon.colcon_core.package_identification:_identify(.) by extensions ['colcon_meta']
[0.623s] Level 1:colcon.colcon_core.package_identification:_identify(.) by extension 'colcon_meta'
[0.623s] Level 1:colcon.colcon_core.package_identification:_identify(.) by extensions ['ros']
[0.623s] Level 1:colcon.colcon_core.package_identification:_identify(.) by extension 'ros'
[0.650s] Level 1:colcon.colcon_core.package_identification:_identify(.) by extensions ['cmake', 'python']
[0.651s] Level 1:colcon.colcon_core.package_identification:_identify(.) by extension 'cmake'
[0.651s] Level 1:colcon.colcon_core.package_identification:_identify(.) by extension 'python'
[0.651s] Level 1:colcon.colcon_core.package_identification:_identify(.) by extensions ['python_setup_py']
[0.651s] Level 1:colcon.colcon_core.package_identification:_identify(.) by extension 'python_setup_py'
[0.651s] Level 1:colcon.colcon_core.package_identification:_identify(build) by extensions ['ignore', 'ignore_ament_install']
[0.651s] Level 1:colcon.colcon_core.package_identification:_identify(build) by extension 'ignore'
[0.652s] Level 1:colcon.colcon_core.package_identification:_identify(build) ignored
[0.652s] Level 1:colcon.colcon_core.package_identification:_identify(install) by extensions ['ignore', 'ignore_ament_install']
[0.652s] Level 1:colcon.colcon_core.package_identification:_identify(install) by extension 'ignore'
[0.652s] Level 1:colcon.colcon_core.package_identification:_identify(install) ignored
[0.653s] Level 1:colcon.colcon_core.package_identification:_identify(log) by extensions ['ignore', 'ignore_ament_install']
[0.653s] Level 1:colcon.colcon_core.package_identification:_identify(log) by extension 'ignore'
[0.653s] Level 1:colcon.colcon_core.package_identification:_identify(log) ignored
[0.653s] Level 1:colcon.colcon_core.package_identification:_identify(src) by extensions ['ignore', 'ignore_ament_install']
[0.653s] Level 1:colcon.colcon_core.package_identification:_identify(src) by extension 'ignore'
[0.653s] Level 1:colcon.colcon_core.package_identification:_identify(src) by extension 'ignore_ament_install'
[0.654s] Level 1:colcon.colcon_core.package_identification:_identify(src) by extensions ['colcon_pkg']
[0.654s] Level 1:colcon.colcon_core.package_identification:_identify(src) by extension 'colcon_pkg'
[0.654s] Level 1:colcon.colcon_core.package_identification:_identify(src) by extensions ['colcon_meta']
[0.654s] Level 1:colcon.colcon_core.package_identification:_identify(src) by extension 'colcon_meta'
[0.654s] Level 1:colcon.colcon_core.package_identification:_identify(src) by extensions ['ros']
[0.654s] Level 1:colcon.colcon_core.package_identification:_identify(src) by extension 'ros'
[0.654s] Level 1:colcon.colcon_core.package_identification:_identify(src) by extensions ['cmake', 'python']
[0.654s] Level 1:colcon.colcon_core.package_identification:_identify(src) by extension 'cmake'
[0.654s] Level 1:colcon.colcon_core.package_identification:_identify(src) by extension 'python'
[0.654s] Level 1:colcon.colcon_core.package_identification:_identify(src) by extensions ['python_setup_py']
[0.655s] Level 1:colcon.colcon_core.package_identification:_identify(src) by extension 'python_setup_py'
[0.655s] Level 1:colcon.colcon_core.package_identification:_identify(src/tracer_ros) by extensions ['ignore', 'ignore_ament_install']
[0.655s] Level 1:colcon.colcon_core.package_identification:_identify(src/tracer_ros) by extension 'ignore'
[0.655s] Level 1:colcon.colcon_core.package_identification:_identify(src/tracer_ros) by extension 'ignore_ament_install'
[0.655s] Level 1:colcon.colcon_core.package_identification:_identify(src/tracer_ros) by extensions ['colcon_pkg']
[0.655s] Level 1:colcon.colcon_core.package_identification:_identify(src/tracer_ros) by extension 'colcon_pkg'
[0.655s] Level 1:colcon.colcon_core.package_identification:_identify(src/tracer_ros) by extensions ['colcon_meta']
[0.655s] Level 1:colcon.colcon_core.package_identification:_identify(src/tracer_ros) by extension 'colcon_meta'
[0.656s] Level 1:colcon.colcon_core.package_identification:_identify(src/tracer_ros) by extensions ['ros']
[0.656s] Level 1:colcon.colcon_core.package_identification:_identify(src/tracer_ros) by extension 'ros'
[0.656s] Level 1:colcon.colcon_core.package_identification:_identify(src/tracer_ros) by extensions ['cmake', 'python']
[0.656s] Level 1:colcon.colcon_core.package_identification:_identify(src/tracer_ros) by extension 'cmake'
[0.656s] Level 1:colcon.colcon_core.package_identification:_identify(src/tracer_ros) by extension 'python'
[0.656s] Level 1:colcon.colcon_core.package_identification:_identify(src/tracer_ros) by extensions ['python_setup_py']
[0.656s] Level 1:colcon.colcon_core.package_identification:_identify(src/tracer_ros) by extension 'python_setup_py'
[0.656s] Level 1:colcon.colcon_core.package_identification:_identify(src/tracer_ros/tracer_base) by extensions ['ignore', 'ignore_ament_install']
[0.657s] Level 1:colcon.colcon_core.package_identification:_identify(src/tracer_ros/tracer_base) by extension 'ignore'
[0.657s] Level 1:colcon.colcon_core.package_identification:_identify(src/tracer_ros/tracer_base) by extension 'ignore_ament_install'
[0.657s] Level 1:colcon.colcon_core.package_identification:_identify(src/tracer_ros/tracer_base) by extensions ['colcon_pkg']
[0.657s] Level 1:colcon.colcon_core.package_identification:_identify(src/tracer_ros/tracer_base) by extension 'colcon_pkg'
[0.657s] Level 1:colcon.colcon_core.package_identification:_identify(src/tracer_ros/tracer_base) by extensions ['colcon_meta']
[0.657s] Level 1:colcon.colcon_core.package_identification:_identify(src/tracer_ros/tracer_base) by extension 'colcon_meta'
[0.657s] Level 1:colcon.colcon_core.package_identification:_identify(src/tracer_ros/tracer_base) by extensions ['ros']
[0.657s] Level 1:colcon.colcon_core.package_identification:_identify(src/tracer_ros/tracer_base) by extension 'ros'
[0.664s] DEBUG:colcon.colcon_core.package_identification:Package 'src/tracer_ros/tracer_base' with type 'ros.catkin' and name 'tracer_base'
[0.665s] Level 1:colcon.colcon_core.package_identification:_identify(src/tracer_ros/tracer_msgs) by extensions ['ignore', 'ignore_ament_install']
[0.665s] Level 1:colcon.colcon_core.package_identification:_identify(src/tracer_ros/tracer_msgs) by extension 'ignore'
[0.665s] Level 1:colcon.colcon_core.package_identification:_identify(src/tracer_ros/tracer_msgs) by extension 'ignore_ament_install'
[0.665s] Level 1:colcon.colcon_core.package_identification:_identify(src/tracer_ros/tracer_msgs) by extensions ['colcon_pkg']
[0.665s] Level 1:colcon.colcon_core.package_identification:_identify(src/tracer_ros/tracer_msgs) by extension 'colcon_pkg'
[0.665s] Level 1:colcon.colcon_core.package_identification:_identify(src/tracer_ros/tracer_msgs) by extensions ['colcon_meta']
[0.665s] Level 1:colcon.colcon_core.package_identification:_identify(src/tracer_ros/tracer_msgs) by extension 'colcon_meta'
[0.666s] Level 1:colcon.colcon_core.package_identification:_identify(src/tracer_ros/tracer_msgs) by extensions ['ros']
[0.666s] Level 1:colcon.colcon_core.package_identification:_identify(src/tracer_ros/tracer_msgs) by extension 'ros'
[0.667s] DEBUG:colcon.colcon_core.package_identification:Package 'src/tracer_ros/tracer_msgs' with type 'ros.ament_cmake' and name 'tracer_msgs'
[0.668s] Level 1:colcon.colcon_core.package_identification:_identify(src/ugv_sdk) by extensions ['ignore', 'ignore_ament_install']
[0.668s] Level 1:colcon.colcon_core.package_identification:_identify(src/ugv_sdk) by extension 'ignore'
[0.668s] Level 1:colcon.colcon_core.package_identification:_identify(src/ugv_sdk) by extension 'ignore_ament_install'
[0.668s] Level 1:colcon.colcon_core.package_identification:_identify(src/ugv_sdk) by extensions ['colcon_pkg']
[0.668s] Level 1:colcon.colcon_core.package_identification:_identify(src/ugv_sdk) by extension 'colcon_pkg'
[0.668s] Level 1:colcon.colcon_core.package_identification:_identify(src/ugv_sdk) by extensions ['colcon_meta']
[0.668s] Level 1:colcon.colcon_core.package_identification:_identify(src/ugv_sdk) by extension 'colcon_meta'
[0.669s] Level 1:colcon.colcon_core.package_identification:_identify(src/ugv_sdk) by extensions ['ros']
[0.669s] Level 1:colcon.colcon_core.package_identification:_identify(src/ugv_sdk) by extension 'ros'
[0.674s] DEBUG:colcon.colcon_core.package_identification:Package 'src/ugv_sdk' with type 'ros.catkin' and name 'ugv_sdk'
[0.674s] Level 1:colcon.colcon_core.package_discovery:discover_packages(recursive) using defaults
[0.674s] Level 1:colcon.colcon_core.package_discovery:discover_packages(ignore) discover
[0.674s] Level 1:colcon.colcon_core.package_discovery:discover_packages(ignore) using defaults
[0.674s] Level 1:colcon.colcon_core.package_discovery:discover_packages(path) discover
[0.674s] Level 1:colcon.colcon_core.package_discovery:discover_packages(path) using defaults
[0.721s] Level 1:colcon.colcon_core.package_discovery:discover_packages(prefix_path) check parameters
[0.721s] Level 1:colcon.colcon_core.package_discovery:discover_packages(prefix_path) discover
[0.727s] DEBUG:colcon.colcon_installed_package_information.package_discovery:Found 319 installed packages in /opt/ros/humble
[0.763s] Level 1:colcon.colcon_core.package_discovery:discover_packages(prefix_path) using defaults
[0.859s] Level 5:colcon.colcon_core.verb:set package 'tracer_msgs' build argument 'cmake_args' from command line to 'None'
[0.859s] Level 5:colcon.colcon_core.verb:set package 'tracer_msgs' build argument 'cmake_target' from command line to 'None'
[0.859s] Level 5:colcon.colcon_core.verb:set package 'tracer_msgs' build argument 'cmake_target_skip_unavailable' from command line to 'False'
[0.860s] Level 5:colcon.colcon_core.verb:set package 'tracer_msgs' build argument 'cmake_clean_cache' from command line to 'False'
[0.860s] Level 5:colcon.colcon_core.verb:set package 'tracer_msgs' build argument 'cmake_clean_first' from command line to 'False'
[0.860s] Level 5:colcon.colcon_core.verb:set package 'tracer_msgs' build argument 'cmake_force_configure' from command line to 'False'
[0.860s] Level 5:colcon.colcon_core.verb:set package 'tracer_msgs' build argument 'ament_cmake_args' from command line to 'None'
[0.860s] Level 5:colcon.colcon_core.verb:set package 'tracer_msgs' build argument 'catkin_cmake_args' from command line to 'None'
[0.860s] Level 5:colcon.colcon_core.verb:set package 'tracer_msgs' build argument 'catkin_skip_building_tests' from command line to 'False'
[0.860s] DEBUG:colcon.colcon_core.verb:Building package 'tracer_msgs' with the following arguments: {'ament_cmake_args': None, 'build_base': '/root/tracer_control_ws/build/tracer_msgs', 'catkin_cmake_args': None, 'catkin_skip_building_tests': False, 'cmake_args': None, 'cmake_clean_cache': False, 'cmake_clean_first': False, 'cmake_force_configure': False, 'cmake_target': None, 'cmake_target_skip_unavailable': False, 'install_base': '/root/tracer_control_ws/install/tracer_msgs', 'merge_install': False, 'path': '/root/tracer_control_ws/src/tracer_ros/tracer_msgs', 'symlink_install': True, 'test_result_base': None}
[0.861s] Level 5:colcon.colcon_core.verb:set package 'ugv_sdk' build argument 'cmake_args' from command line to 'None'
[0.861s] Level 5:colcon.colcon_core.verb:set package 'ugv_sdk' build argument 'cmake_target' from command line to 'None'
[0.861s] Level 5:colcon.colcon_core.verb:set package 'ugv_sdk' build argument 'cmake_target_skip_unavailable' from command line to 'False'
[0.861s] Level 5:colcon.colcon_core.verb:set package 'ugv_sdk' build argument 'cmake_clean_cache' from command line to 'False'
[0.861s] Level 5:colcon.colcon_core.verb:set package 'ugv_sdk' build argument 'cmake_clean_first' from command line to 'False'
[0.861s] Level 5:colcon.colcon_core.verb:set package 'ugv_sdk' build argument 'cmake_force_configure' from command line to 'False'
[0.861s] Level 5:colcon.colcon_core.verb:set package 'ugv_sdk' build argument 'ament_cmake_args' from command line to 'None'
[0.861s] Level 5:colcon.colcon_core.verb:set package 'ugv_sdk' build argument 'catkin_cmake_args' from command line to 'None'
[0.861s] Level 5:colcon.colcon_core.verb:set package 'ugv_sdk' build argument 'catkin_skip_building_tests' from command line to 'False'
[0.861s] DEBUG:colcon.colcon_core.verb:Building package 'ugv_sdk' with the following arguments: {'ament_cmake_args': None, 'build_base': '/root/tracer_control_ws/build/ugv_sdk', 'catkin_cmake_args': None, 'catkin_skip_building_tests': False, 'cmake_args': None, 'cmake_clean_cache': False, 'cmake_clean_first': False, 'cmake_force_configure': False, 'cmake_target': None, 'cmake_target_skip_unavailable': False, 'install_base': '/root/tracer_control_ws/install/ugv_sdk', 'merge_install': False, 'path': '/root/tracer_control_ws/src/ugv_sdk', 'symlink_install': True, 'test_result_base': None}
[0.862s] Level 5:colcon.colcon_core.verb:set package 'tracer_base' build argument 'cmake_args' from command line to 'None'
[0.862s] Level 5:colcon.colcon_core.verb:set package 'tracer_base' build argument 'cmake_target' from command line to 'None'
[0.862s] Level 5:colcon.colcon_core.verb:set package 'tracer_base' build argument 'cmake_target_skip_unavailable' from command line to 'False'
[0.862s] Level 5:colcon.colcon_core.verb:set package 'tracer_base' build argument 'cmake_clean_cache' from command line to 'False'
[0.862s] Level 5:colcon.colcon_core.verb:set package 'tracer_base' build argument 'cmake_clean_first' from command line to 'False'
[0.862s] Level 5:colcon.colcon_core.verb:set package 'tracer_base' build argument 'cmake_force_configure' from command line to 'False'
[0.862s] Level 5:colcon.colcon_core.verb:set package 'tracer_base' build argument 'ament_cmake_args' from command line to 'None'
[0.862s] Level 5:colcon.colcon_core.verb:set package 'tracer_base' build argument 'catkin_cmake_args' from command line to 'None'
[0.863s] Level 5:colcon.colcon_core.verb:set package 'tracer_base' build argument 'catkin_skip_building_tests' from command line to 'False'
[0.863s] DEBUG:colcon.colcon_core.verb:Building package 'tracer_base' with the following arguments: {'ament_cmake_args': None, 'build_base': '/root/tracer_control_ws/build/tracer_base', 'catkin_cmake_args': None, 'catkin_skip_building_tests': False, 'cmake_args': None, 'cmake_clean_cache': False, 'cmake_clean_first': False, 'cmake_force_configure': False, 'cmake_target': None, 'cmake_target_skip_unavailable': False, 'install_base': '/root/tracer_control_ws/install/tracer_base', 'merge_install': False, 'path': '/root/tracer_control_ws/src/tracer_ros/tracer_base', 'symlink_install': True, 'test_result_base': None}
[0.863s] INFO:colcon.colcon_core.executor:Executing jobs using 'parallel' executor
[0.865s] DEBUG:colcon.colcon_parallel_executor.executor.parallel:run_until_complete
[0.866s] INFO:colcon.colcon_ros.task.ament_cmake.build:Building ROS package in '/root/tracer_control_ws/src/tracer_ros/tracer_msgs' with build type 'ament_cmake'
[0.866s] INFO:colcon.colcon_cmake.task.cmake.build:Building CMake package in '/root/tracer_control_ws/src/tracer_ros/tracer_msgs'
[0.873s] INFO:colcon.colcon_core.plugin_system:Skipping extension 'colcon_core.shell.bat': Not used on non-Windows systems
[0.874s] INFO:colcon.colcon_core.shell:Skip shell extension 'powershell' for command environment: Not usable outside of PowerShell
[0.874s] DEBUG:colcon.colcon_core.shell:Skip shell extension 'dsv' for command environment
[0.882s] INFO:colcon.colcon_ros.task.catkin.build:Building ROS package in '/root/tracer_control_ws/src/ugv_sdk' with build type 'catkin'
[0.882s] INFO:colcon.colcon_cmake.task.cmake.build:Building CMake package in '/root/tracer_control_ws/src/ugv_sdk'
[0.883s] INFO:colcon.colcon_core.shell:Skip shell extension 'powershell' for command environment: Not usable outside of PowerShell
[0.883s] DEBUG:colcon.colcon_core.shell:Skip shell extension 'dsv' for command environment
[0.897s] DEBUG:colcon.colcon_core.event_handler.log_command:Invoking command in '/root/tracer_control_ws/build/tracer_msgs': CMAKE_PREFIX_PATH=/opt/ros/humble /usr/bin/cmake --build /root/tracer_control_ws/build/tracer_msgs -- -j12 -l12
[0.918s] DEBUG:colcon.colcon_core.event_handler.log_command:Invoking command in '/root/tracer_control_ws/build/ugv_sdk': /usr/bin/cmake --build /root/tracer_control_ws/build/ugv_sdk -- -j12 -l12
[1.236s] DEBUG:colcon.colcon_core.event_handler.log_command:Invoked command in '/root/tracer_control_ws/build/ugv_sdk' returned '0': /usr/bin/cmake --build /root/tracer_control_ws/build/ugv_sdk -- -j12 -l12
[1.264s] DEBUG:colcon.colcon_core.event_handler.log_command:Invoking command in '/root/tracer_control_ws/build/ugv_sdk': /usr/bin/cmake --install /root/tracer_control_ws/build/ugv_sdk
[1.294s] Level 1:colcon.colcon_core.shell:create_environment_hook('ugv_sdk', 'ros_package_path')
[1.294s] INFO:colcon.colcon_core.shell:Creating environment hook '/root/tracer_control_ws/install/ugv_sdk/share/ugv_sdk/hook/ros_package_path.ps1'
[1.297s] DEBUG:colcon.colcon_core.event_handler.log_command:Invoked command in '/root/tracer_control_ws/build/ugv_sdk' returned '0': /usr/bin/cmake --install /root/tracer_control_ws/build/ugv_sdk
[1.297s] INFO:colcon.colcon_core.shell:Creating environment descriptor '/root/tracer_control_ws/install/ugv_sdk/share/ugv_sdk/hook/ros_package_path.dsv'
[1.299s] INFO:colcon.colcon_core.shell:Creating environment hook '/root/tracer_control_ws/install/ugv_sdk/share/ugv_sdk/hook/ros_package_path.sh'
[1.301s] Level 1:colcon.colcon_core.shell:create_environment_hook('ugv_sdk', 'pkg_config_path')
[1.302s] INFO:colcon.colcon_core.shell:Creating environment hook '/root/tracer_control_ws/install/ugv_sdk/share/ugv_sdk/hook/pkg_config_path.ps1'
[1.303s] INFO:colcon.colcon_core.shell:Creating environment descriptor '/root/tracer_control_ws/install/ugv_sdk/share/ugv_sdk/hook/pkg_config_path.dsv'
[1.304s] INFO:colcon.colcon_core.shell:Creating environment hook '/root/tracer_control_ws/install/ugv_sdk/share/ugv_sdk/hook/pkg_config_path.sh'
[1.308s] Level 1:colcon.colcon_core.shell:create_environment_hook('ugv_sdk', 'pkg_config_path_multiarch')
[1.309s] INFO:colcon.colcon_core.shell:Creating environment hook '/root/tracer_control_ws/install/ugv_sdk/share/ugv_sdk/hook/pkg_config_path_multiarch.ps1'
[1.311s] INFO:colcon.colcon_core.shell:Creating environment descriptor '/root/tracer_control_ws/install/ugv_sdk/share/ugv_sdk/hook/pkg_config_path_multiarch.dsv'
[1.313s] INFO:colcon.colcon_core.shell:Creating environment hook '/root/tracer_control_ws/install/ugv_sdk/share/ugv_sdk/hook/pkg_config_path_multiarch.sh'
[1.315s] Level 1:colcon.colcon_core.environment:create_environment_scripts_only(ugv_sdk)
[1.323s] Level 1:colcon.colcon_core.environment:checking '/root/tracer_control_ws/install/ugv_sdk' for CMake module files
[1.325s] Level 1:colcon.colcon_core.environment:checking '/root/tracer_control_ws/install/ugv_sdk' for CMake config files
[1.327s] Level 1:colcon.colcon_core.shell:create_environment_hook('ugv_sdk', 'cmake_prefix_path')
[1.328s] INFO:colcon.colcon_core.shell:Creating environment hook '/root/tracer_control_ws/install/ugv_sdk/share/ugv_sdk/hook/cmake_prefix_path.ps1'
[1.330s] INFO:colcon.colcon_core.shell:Creating environment descriptor '/root/tracer_control_ws/install/ugv_sdk/share/ugv_sdk/hook/cmake_prefix_path.dsv'
[1.331s] INFO:colcon.colcon_core.shell:Creating environment hook '/root/tracer_control_ws/install/ugv_sdk/share/ugv_sdk/hook/cmake_prefix_path.sh'
[1.333s] Level 1:colcon.colcon_core.environment:checking '/root/tracer_control_ws/install/ugv_sdk/lib'
[1.333s] Level 1:colcon.colcon_core.environment:checking '/root/tracer_control_ws/install/ugv_sdk/bin'
[1.333s] Level 1:colcon.colcon_core.environment:checking '/root/tracer_control_ws/install/ugv_sdk/lib/pkgconfig/ugv_sdk.pc'
[1.334s] Level 1:colcon.colcon_core.environment:checking '/root/tracer_control_ws/install/ugv_sdk/lib/python3.10/site-packages'
[1.335s] Level 1:colcon.colcon_core.environment:checking '/root/tracer_control_ws/install/ugv_sdk/bin'
[1.336s] INFO:colcon.colcon_core.shell:Creating package script '/root/tracer_control_ws/install/ugv_sdk/share/ugv_sdk/package.ps1'
[1.338s] INFO:colcon.colcon_core.shell:Creating package descriptor '/root/tracer_control_ws/install/ugv_sdk/share/ugv_sdk/package.dsv'
[1.339s] INFO:colcon.colcon_core.shell:Creating package script '/root/tracer_control_ws/install/ugv_sdk/share/ugv_sdk/package.sh'
[1.341s] INFO:colcon.colcon_core.shell:Creating package script '/root/tracer_control_ws/install/ugv_sdk/share/ugv_sdk/package.bash'
[1.343s] INFO:colcon.colcon_core.shell:Creating package script '/root/tracer_control_ws/install/ugv_sdk/share/ugv_sdk/package.zsh'
[1.345s] Level 1:colcon.colcon_core.environment:create_file_with_runtime_dependencies(/root/tracer_control_ws/install/ugv_sdk/share/colcon-core/packages/ugv_sdk)
[1.806s] DEBUG:colcon.colcon_core.event_handler.log_command:Invoked command in '/root/tracer_control_ws/build/tracer_msgs' returned '0': CMAKE_PREFIX_PATH=/opt/ros/humble /usr/bin/cmake --build /root/tracer_control_ws/build/tracer_msgs -- -j12 -l12
[1.811s] DEBUG:colcon.colcon_core.event_handler.log_command:Invoking command in '/root/tracer_control_ws/build/tracer_msgs': CMAKE_PREFIX_PATH=/opt/ros/humble /usr/bin/cmake --install /root/tracer_control_ws/build/tracer_msgs
[1.995s] Level 1:colcon.colcon_core.environment:create_environment_scripts_only(tracer_msgs)
[1.996s] Level 1:colcon.colcon_core.environment:checking '/root/tracer_control_ws/install/tracer_msgs' for CMake module files
[1.997s] DEBUG:colcon.colcon_core.event_handler.log_command:Invoked command in '/root/tracer_control_ws/build/tracer_msgs' returned '0': CMAKE_PREFIX_PATH=/opt/ros/humble /usr/bin/cmake --install /root/tracer_control_ws/build/tracer_msgs
[1.999s] Level 1:colcon.colcon_core.environment:checking '/root/tracer_control_ws/install/tracer_msgs' for CMake config files
[2.003s] Level 1:colcon.colcon_core.shell:create_environment_hook('tracer_msgs', 'cmake_prefix_path')
[2.005s] INFO:colcon.colcon_core.shell:Creating environment hook '/root/tracer_control_ws/install/tracer_msgs/share/tracer_msgs/hook/cmake_prefix_path.ps1'
[2.007s] INFO:colcon.colcon_core.shell:Creating environment descriptor '/root/tracer_control_ws/install/tracer_msgs/share/tracer_msgs/hook/cmake_prefix_path.dsv'
[2.008s] INFO:colcon.colcon_core.shell:Creating environment hook '/root/tracer_control_ws/install/tracer_msgs/share/tracer_msgs/hook/cmake_prefix_path.sh'
[2.010s] Level 1:colcon.colcon_core.environment:checking '/root/tracer_control_ws/install/tracer_msgs/lib'
[2.010s] Level 1:colcon.colcon_core.shell:create_environment_hook('tracer_msgs', 'ld_library_path_lib')
[2.011s] INFO:colcon.colcon_core.shell:Creating environment hook '/root/tracer_control_ws/install/tracer_msgs/share/tracer_msgs/hook/ld_library_path_lib.ps1'
[2.012s] INFO:colcon.colcon_core.shell:Creating environment descriptor '/root/tracer_control_ws/install/tracer_msgs/share/tracer_msgs/hook/ld_library_path_lib.dsv'
[2.013s] INFO:colcon.colcon_core.shell:Creating environment hook '/root/tracer_control_ws/install/tracer_msgs/share/tracer_msgs/hook/ld_library_path_lib.sh'
[2.014s] Level 1:colcon.colcon_core.environment:checking '/root/tracer_control_ws/install/tracer_msgs/bin'
[2.014s] Level 1:colcon.colcon_core.environment:checking '/root/tracer_control_ws/install/tracer_msgs/lib/pkgconfig/tracer_msgs.pc'
[2.015s] Level 1:colcon.colcon_core.environment:checking '/root/tracer_control_ws/install/tracer_msgs/lib/python3.10/site-packages'
[2.015s] Level 1:colcon.colcon_core.environment:checking '/root/tracer_control_ws/install/tracer_msgs/bin'
[2.016s] INFO:colcon.colcon_core.shell:Creating package script '/root/tracer_control_ws/install/tracer_msgs/share/tracer_msgs/package.ps1'
[2.018s] INFO:colcon.colcon_core.shell:Creating package descriptor '/root/tracer_control_ws/install/tracer_msgs/share/tracer_msgs/package.dsv'
[2.020s] INFO:colcon.colcon_core.shell:Creating package script '/root/tracer_control_ws/install/tracer_msgs/share/tracer_msgs/package.sh'
[2.021s] INFO:colcon.colcon_core.shell:Creating package script '/root/tracer_control_ws/install/tracer_msgs/share/tracer_msgs/package.bash'
[2.022s] INFO:colcon.colcon_core.shell:Creating package script '/root/tracer_control_ws/install/tracer_msgs/share/tracer_msgs/package.zsh'
[2.023s] Level 1:colcon.colcon_core.environment:create_file_with_runtime_dependencies(/root/tracer_control_ws/install/tracer_msgs/share/colcon-core/packages/tracer_msgs)
[2.025s] Level 1:colcon.colcon_core.environment:create_environment_scripts_only(tracer_msgs)
[2.025s] Level 1:colcon.colcon_core.environment:checking '/root/tracer_control_ws/install/tracer_msgs' for CMake module files
[2.026s] Level 1:colcon.colcon_core.environment:checking '/root/tracer_control_ws/install/tracer_msgs' for CMake config files
[2.029s] Level 1:colcon.colcon_core.shell:create_environment_hook('tracer_msgs', 'cmake_prefix_path')
[2.030s] INFO:colcon.colcon_core.shell:Creating environment hook '/root/tracer_control_ws/install/tracer_msgs/share/tracer_msgs/hook/cmake_prefix_path.ps1'
[2.031s] INFO:colcon.colcon_core.shell:Creating environment descriptor '/root/tracer_control_ws/install/tracer_msgs/share/tracer_msgs/hook/cmake_prefix_path.dsv'
[2.032s] INFO:colcon.colcon_core.shell:Creating environment hook '/root/tracer_control_ws/install/tracer_msgs/share/tracer_msgs/hook/cmake_prefix_path.sh'
[2.033s] Level 1:colcon.colcon_core.environment:checking '/root/tracer_control_ws/install/tracer_msgs/lib'
[2.034s] Level 1:colcon.colcon_core.shell:create_environment_hook('tracer_msgs', 'ld_library_path_lib')
[2.034s] INFO:colcon.colcon_core.shell:Creating environment hook '/root/tracer_control_ws/install/tracer_msgs/share/tracer_msgs/hook/ld_library_path_lib.ps1'
[2.036s] INFO:colcon.colcon_core.shell:Creating environment descriptor '/root/tracer_control_ws/install/tracer_msgs/share/tracer_msgs/hook/ld_library_path_lib.dsv'
[2.037s] INFO:colcon.colcon_core.shell:Creating environment hook '/root/tracer_control_ws/install/tracer_msgs/share/tracer_msgs/hook/ld_library_path_lib.sh'
[2.038s] Level 1:colcon.colcon_core.environment:checking '/root/tracer_control_ws/install/tracer_msgs/bin'
[2.038s] Level 1:colcon.colcon_core.environment:checking '/root/tracer_control_ws/install/tracer_msgs/lib/pkgconfig/tracer_msgs.pc'
[2.039s] Level 1:colcon.colcon_core.environment:checking '/root/tracer_control_ws/install/tracer_msgs/lib/python3.10/site-packages'
[2.039s] Level 1:colcon.colcon_core.environment:checking '/root/tracer_control_ws/install/tracer_msgs/bin'
[2.040s] INFO:colcon.colcon_core.shell:Creating package script '/root/tracer_control_ws/install/tracer_msgs/share/tracer_msgs/package.ps1'
[2.042s] INFO:colcon.colcon_core.shell:Creating package descriptor '/root/tracer_control_ws/install/tracer_msgs/share/tracer_msgs/package.dsv'
[2.044s] INFO:colcon.colcon_core.shell:Creating package script '/root/tracer_control_ws/install/tracer_msgs/share/tracer_msgs/package.sh'
[2.045s] INFO:colcon.colcon_core.shell:Creating package script '/root/tracer_control_ws/install/tracer_msgs/share/tracer_msgs/package.bash'
[2.046s] INFO:colcon.colcon_core.shell:Creating package script '/root/tracer_control_ws/install/tracer_msgs/share/tracer_msgs/package.zsh'
[2.047s] Level 1:colcon.colcon_core.environment:create_file_with_runtime_dependencies(/root/tracer_control_ws/install/tracer_msgs/share/colcon-core/packages/tracer_msgs)
[2.048s] INFO:colcon.colcon_ros.task.catkin.build:Building ROS package in '/root/tracer_control_ws/src/tracer_ros/tracer_base' with build type 'catkin'
[2.048s] INFO:colcon.colcon_cmake.task.cmake.build:Building CMake package in '/root/tracer_control_ws/src/tracer_ros/tracer_base'
[2.049s] INFO:colcon.colcon_core.shell:Skip shell extension 'powershell' for command environment: Not usable outside of PowerShell
[2.049s] DEBUG:colcon.colcon_core.shell:Skip shell extension 'dsv' for command environment
[2.078s] DEBUG:colcon.colcon_core.event_handler.log_command:Invoking command in '/root/tracer_control_ws/build/tracer_base': AMENT_PREFIX_PATH=/root/tracer_control_ws/install/tracer_msgs:${AMENT_PREFIX_PATH} CMAKE_PREFIX_PATH=/root/tracer_control_ws/install/ugv_sdk:/root/tracer_control_ws/install/tracer_msgs LD_LIBRARY_PATH=/root/tracer_control_ws/install/tracer_msgs/lib:/opt/ros/humble/opt/rviz_ogre_vendor/lib:/opt/ros/humble/lib/aarch64-linux-gnu:/opt/ros/humble/lib:/usr/local/cuda/lib64 PKG_CONFIG_PATH=/root/tracer_control_ws/install/ugv_sdk/lib/aarch64-linux-gnu/pkgconfig:/root/tracer_control_ws/install/ugv_sdk/lib/pkgconfig PYTHONPATH=/root/tracer_control_ws/install/tracer_msgs/local/lib/python3.10/dist-packages:${PYTHONPATH} ROS_PACKAGE_PATH=/root/tracer_control_ws/install/ugv_sdk/share /usr/bin/cmake --build /root/tracer_control_ws/build/tracer_base -- -j12 -l12
[3.846s] DEBUG:colcon.colcon_core.event_handler.log_command:Invoked command in '/root/tracer_control_ws/build/tracer_base' returned '2': AMENT_PREFIX_PATH=/root/tracer_control_ws/install/tracer_msgs:${AMENT_PREFIX_PATH} CMAKE_PREFIX_PATH=/root/tracer_control_ws/install/ugv_sdk:/root/tracer_control_ws/install/tracer_msgs LD_LIBRARY_PATH=/root/tracer_control_ws/install/tracer_msgs/lib:/opt/ros/humble/opt/rviz_ogre_vendor/lib:/opt/ros/humble/lib/aarch64-linux-gnu:/opt/ros/humble/lib:/usr/local/cuda/lib64 PKG_CONFIG_PATH=/root/tracer_control_ws/install/ugv_sdk/lib/aarch64-linux-gnu/pkgconfig:/root/tracer_control_ws/install/ugv_sdk/lib/pkgconfig PYTHONPATH=/root/tracer_control_ws/install/tracer_msgs/local/lib/python3.10/dist-packages:${PYTHONPATH} ROS_PACKAGE_PATH=/root/tracer_control_ws/install/ugv_sdk/share /usr/bin/cmake --build /root/tracer_control_ws/build/tracer_base -- -j12 -l12
[3.846s] Level 1:colcon.colcon_core.shell:create_environment_hook('tracer_base', 'ros_package_path')
[3.847s] INFO:colcon.colcon_core.shell:Creating environment hook '/root/tracer_control_ws/install/tracer_base/share/tracer_base/hook/ros_package_path.ps1'
[3.850s] INFO:colcon.colcon_core.shell:Creating environment descriptor '/root/tracer_control_ws/install/tracer_base/share/tracer_base/hook/ros_package_path.dsv'
[3.853s] INFO:colcon.colcon_core.shell:Creating environment hook '/root/tracer_control_ws/install/tracer_base/share/tracer_base/hook/ros_package_path.sh'
[3.857s] Level 1:colcon.colcon_core.shell:create_environment_hook('tracer_base', 'pkg_config_path')
[3.858s] INFO:colcon.colcon_core.shell:Creating environment hook '/root/tracer_control_ws/install/tracer_base/share/tracer_base/hook/pkg_config_path.ps1'
[3.860s] INFO:colcon.colcon_core.shell:Creating environment descriptor '/root/tracer_control_ws/install/tracer_base/share/tracer_base/hook/pkg_config_path.dsv'
[3.861s] INFO:colcon.colcon_core.shell:Creating environment hook '/root/tracer_control_ws/install/tracer_base/share/tracer_base/hook/pkg_config_path.sh'
[3.862s] Level 1:colcon.colcon_core.shell:create_environment_hook('tracer_base', 'pkg_config_path_multiarch')
[3.862s] INFO:colcon.colcon_core.shell:Creating environment hook '/root/tracer_control_ws/install/tracer_base/share/tracer_base/hook/pkg_config_path_multiarch.ps1'
[3.864s] INFO:colcon.colcon_core.shell:Creating environment descriptor '/root/tracer_control_ws/install/tracer_base/share/tracer_base/hook/pkg_config_path_multiarch.dsv'
[3.866s] INFO:colcon.colcon_core.shell:Creating environment hook '/root/tracer_control_ws/install/tracer_base/share/tracer_base/hook/pkg_config_path_multiarch.sh'
[3.868s] Level 1:colcon.colcon_core.environment:create_environment_scripts_only(tracer_base)
[3.870s] Level 1:colcon.colcon_core.environment:checking '/root/tracer_control_ws/install/tracer_base' for CMake module files
[3.871s] Level 1:colcon.colcon_core.environment:checking '/root/tracer_control_ws/install/tracer_base' for CMake config files
[3.873s] Level 1:colcon.colcon_core.environment:checking '/root/tracer_control_ws/install/tracer_base/bin'
[3.873s] Level 1:colcon.colcon_core.environment:checking '/root/tracer_control_ws/install/tracer_base/lib/pkgconfig/tracer_base.pc'
[3.874s] Level 1:colcon.colcon_core.environment:checking '/root/tracer_control_ws/install/tracer_base/lib/python3.10/site-packages'
[3.874s] Level 1:colcon.colcon_core.environment:checking '/root/tracer_control_ws/install/tracer_base/bin'
[3.875s] INFO:colcon.colcon_core.shell:Creating package script '/root/tracer_control_ws/install/tracer_base/share/tracer_base/package.ps1'
[3.877s] INFO:colcon.colcon_core.shell:Creating package descriptor '/root/tracer_control_ws/install/tracer_base/share/tracer_base/package.dsv'
[3.879s] INFO:colcon.colcon_core.shell:Creating package script '/root/tracer_control_ws/install/tracer_base/share/tracer_base/package.sh'
[3.881s] INFO:colcon.colcon_core.shell:Creating package script '/root/tracer_control_ws/install/tracer_base/share/tracer_base/package.bash'
[3.882s] INFO:colcon.colcon_core.shell:Creating package script '/root/tracer_control_ws/install/tracer_base/share/tracer_base/package.zsh'
[3.883s] Level 1:colcon.colcon_core.environment:create_file_with_runtime_dependencies(/root/tracer_control_ws/install/tracer_base/share/colcon-core/packages/tracer_base)
[3.885s] DEBUG:colcon.colcon_parallel_executor.executor.parallel:closing loop
[3.886s] DEBUG:colcon.colcon_parallel_executor.executor.parallel:loop closed
[3.886s] DEBUG:colcon.colcon_parallel_executor.executor.parallel:run_until_complete finished with '2'
[3.887s] DEBUG:colcon.colcon_core.event_reactor:joining thread
[3.904s] INFO:colcon.colcon_core.plugin_system:Skipping extension 'colcon_notification.desktop_notification.notify_send': Could not find 'notify-send'
[3.905s] INFO:colcon.colcon_core.plugin_system:Skipping extension 'colcon_notification.desktop_notification.terminal_notifier': Not used on non-Darwin systems
[3.905s] INFO:colcon.colcon_core.plugin_system:Skipping extension 'colcon_notification.desktop_notification.win32': Not used on non-Windows systems
[3.905s] INFO:colcon.colcon_notification.desktop_notification:Sending desktop notification using 'notify2'
[3.912s] DEBUG:colcon.colcon_notification.desktop_notification.notify2:Failed to initialize notify2: org.freedesktop.DBus.Error.Spawn.ExecFailed: /usr/bin/dbus-launch terminated abnormally without any error message
[3.912s] DEBUG:colcon.colcon_core.event_reactor:joined thread
[3.914s] INFO:colcon.colcon_core.shell:Creating prefix script '/root/tracer_control_ws/install/local_setup.ps1'
[3.918s] INFO:colcon.colcon_core.shell:Creating prefix util module '/root/tracer_control_ws/install/_local_setup_util_ps1.py'
[3.922s] INFO:colcon.colcon_core.shell:Creating prefix chain script '/root/tracer_control_ws/install/setup.ps1'
[3.925s] INFO:colcon.colcon_core.shell:Creating prefix script '/root/tracer_control_ws/install/local_setup.sh'
[3.926s] INFO:colcon.colcon_core.shell:Creating prefix util module '/root/tracer_control_ws/install/_local_setup_util_sh.py'
[3.929s] INFO:colcon.colcon_core.shell:Creating prefix chain script '/root/tracer_control_ws/install/setup.sh'
[3.933s] INFO:colcon.colcon_core.shell:Creating prefix script '/root/tracer_control_ws/install/local_setup.bash'
[3.935s] INFO:colcon.colcon_core.shell:Creating prefix chain script '/root/tracer_control_ws/install/setup.bash'
[3.938s] INFO:colcon.colcon_core.shell:Creating prefix script '/root/tracer_control_ws/install/local_setup.zsh'
[3.939s] INFO:colcon.colcon_core.shell:Creating prefix chain script '/root/tracer_control_ws/install/setup.zsh'
