[35m[1mConsolidate compiler generated dependencies of target tracer_messenger[0m
[ 25%] [32mBuilding CXX object CMakeFiles/tracer_messenger.dir/src/tracer_messenger.cpp.o[0m
[ 50%] [32m[1mLinking CXX static library libtracer_messenger.a[0m
[ 50%] Built target tracer_messenger
[ 75%] [32mBuilding CXX object CMakeFiles/tracer_base_node.dir/src/tracer_base_node.cpp.o[0m
In file included from [01m[K/usr/include/aarch64-linux-gnu/c++/11/bits/c++allocator.h:33[m[K,
                 from [01m[K/usr/include/c++/11/bits/allocator.h:46[m[K,
                 from [01m[K/usr/include/c++/11/memory:64[m[K,
                 from [01m[K/root/tracer_control_ws/src/tracer_ros/tracer_base/src/tracer_base_node.cpp:1[m[K:
/usr/include/c++/11/ext/new_allocator.h: In instantiation of ‘[01m[Kvoid __gnu_cxx::new_allocator<_Tp>::construct(_Up*, _Args&& ...) [with _Up = westonrobot::TracerROSMessenger; _Args = {westonrobot::TracerBaseV2*, TracerBaseNode*}; _Tp = westonrobot::TracerROSMessenger][m[K’:
[01m[K/usr/include/c++/11/bits/alloc_traits.h:516:17:[m[K   required from ‘[01m[Kstatic void std::allocator_traits<std::allocator<_Tp1> >::construct(std::allocator_traits<std::allocator<_Tp1> >::allocator_type&, _Up*, _Args&& ...) [with _Up = westonrobot::TracerROSMessenger; _Args = {westonrobot::TracerBaseV2*, TracerBaseNode*}; _Tp = westonrobot::TracerROSMessenger; std::allocator_traits<std::allocator<_Tp1> >::allocator_type = std::allocator<westonrobot::TracerROSMessenger>][m[K’
[01m[K/usr/include/c++/11/bits/shared_ptr_base.h:519:39:[m[K   required from ‘[01m[Kstd::_Sp_counted_ptr_inplace<_Tp, _Alloc, _Lp>::_Sp_counted_ptr_inplace(_Alloc, _Args&& ...) [with _Args = {westonrobot::TracerBaseV2*, TracerBaseNode*}; _Tp = westonrobot::TracerROSMessenger; _Alloc = std::allocator<westonrobot::TracerROSMessenger>; __gnu_cxx::_Lock_policy _Lp = __gnu_cxx::_S_atomic][m[K’
[01m[K/usr/include/c++/11/bits/shared_ptr_base.h:650:16:[m[K   required from ‘[01m[Kstd::__shared_count<_Lp>::__shared_count(_Tp*&, std::_Sp_alloc_shared_tag<_Alloc>, _Args&& ...) [with _Tp = westonrobot::TracerROSMessenger; _Alloc = std::allocator<westonrobot::TracerROSMessenger>; _Args = {westonrobot::TracerBaseV2*, TracerBaseNode*}; __gnu_cxx::_Lock_policy _Lp = __gnu_cxx::_S_atomic][m[K’
[01m[K/usr/include/c++/11/bits/shared_ptr_base.h:1342:14:[m[K   required from ‘[01m[Kstd::__shared_ptr<_Tp, _Lp>::__shared_ptr(std::_Sp_alloc_shared_tag<_Tp>, _Args&& ...) [with _Alloc = std::allocator<westonrobot::TracerROSMessenger>; _Args = {westonrobot::TracerBaseV2*, TracerBaseNode*}; _Tp = westonrobot::TracerROSMessenger; __gnu_cxx::_Lock_policy _Lp = __gnu_cxx::_S_atomic][m[K’
[01m[K/usr/include/c++/11/bits/shared_ptr.h:409:59:[m[K   required from ‘[01m[Kstd::shared_ptr<_Tp>::shared_ptr(std::_Sp_alloc_shared_tag<_Tp>, _Args&& ...) [with _Alloc = std::allocator<westonrobot::TracerROSMessenger>; _Args = {westonrobot::TracerBaseV2*, TracerBaseNode*}; _Tp = westonrobot::TracerROSMessenger][m[K’
[01m[K/usr/include/c++/11/bits/shared_ptr.h:862:14:[m[K   required from ‘[01m[Kstd::shared_ptr<_Tp> std::allocate_shared(const _Alloc&, _Args&& ...) [with _Tp = westonrobot::TracerROSMessenger; _Alloc = std::allocator<westonrobot::TracerROSMessenger>; _Args = {westonrobot::TracerBaseV2*, TracerBaseNode*}][m[K’
[01m[K/usr/include/c++/11/bits/shared_ptr.h:878:39:[m[K   required from ‘[01m[Kstd::shared_ptr<_Tp> std::make_shared(_Args&& ...) [with _Tp = westonrobot::TracerROSMessenger; _Args = {westonrobot::TracerBaseV2*, TracerBaseNode*}][m[K’
[01m[K/root/tracer_control_ws/src/tracer_ros/tracer_base/src/tracer_base_node.cpp:32:54:[m[K   required from here
[01m[K/usr/include/c++/11/ext/new_allocator.h:162:11:[m[K [01;31m[Kerror: [m[Kno matching function for call to ‘[01m[Kwestonrobot::TracerROSMessenger::TracerROSMessenger(westonrobot::TracerBaseV2*, TracerBaseNode*)[m[K’
  162 |         { [01;31m[K::new((void *)__p) _Up(std::forward<_Args>(__args)...)[m[K; }
      |           [01;31m[K^~~~~~~~~~~~~~~~~~~~~~~~~~~~~~~~~~~~~~~~~~~~~~~~~~~~~~[m[K
In file included from [01m[K/root/tracer_control_ws/src/tracer_ros/tracer_base/src/tracer_base_node.cpp:8[m[K:
[01m[K/root/tracer_control_ws/src/tracer_ros/tracer_base/include/tracer_base/tracer_messenger.hpp:25:5:[m[K [01;36m[Knote: [m[Kcandidate: ‘[01m[Kwestonrobot::TracerROSMessenger::TracerROSMessenger(westonrobot::TracerRobot*, rclcpp::Node::SharedPtr)[m[K’
   25 |     [01;36m[KTracerROSMessenger[m[K(TracerRobot *Tracer, rclcpp::Node::SharedPtr nh);
      |     [01;36m[K^~~~~~~~~~~~~~~~~~[m[K
[01m[K/root/tracer_control_ws/src/tracer_ros/tracer_base/include/tracer_base/tracer_messenger.hpp:25:69:[m[K [01;36m[Knote: [m[K  no known conversion for argument 2 from ‘[01m[KTracerBaseNode*[m[K’ to ‘[01m[Krclcpp::Node::SharedPtr[m[K’ {aka ‘[01m[Kstd::shared_ptr<rclcpp::Node>[m[K’}
   25 |     TracerROSMessenger(TracerRobot *Tracer, [01;36m[Krclcpp::Node::SharedPtr nh[m[K);
      |                                             [01;36m[K~~~~~~~~~~~~~~~~~~~~~~~~^~[m[K
[01m[K/root/tracer_control_ws/src/tracer_ros/tracer_base/include/tracer_base/tracer_messenger.hpp:24:14:[m[K [01;36m[Knote: [m[Kcandidate: ‘[01m[Kwestonrobot::TracerROSMessenger::TracerROSMessenger(rclcpp::Node::SharedPtr)[m[K’
   24 |     explicit [01;36m[KTracerROSMessenger[m[K(rclcpp::Node::SharedPtr nh);
      |              [01;36m[K^~~~~~~~~~~~~~~~~~[m[K
[01m[K/root/tracer_control_ws/src/tracer_ros/tracer_base/include/tracer_base/tracer_messenger.hpp:24:14:[m[K [01;36m[Knote: [m[K  candidate expects 1 argument, 2 provided
gmake[2]: *** [CMakeFiles/tracer_base_node.dir/build.make:76: CMakeFiles/tracer_base_node.dir/src/tracer_base_node.cpp.o] Error 1
gmake[1]: *** [CMakeFiles/Makefile2:165: CMakeFiles/tracer_base_node.dir/all] Error 2
gmake: *** [Makefile:146: all] Error 2
