[0.034s] Invoking command in '/root/tracer_control_ws/build/tracer_base': CMAKE_PREFIX_PATH=/opt/ros/humble:/root/tracer_control_ws/install/ugv_sdk:/root/tracer_control_ws/install/tracer_msgs:/root/tracer_control_ws/install/tracer_base LD_LIBRARY_PATH=/root/tracer_control_ws/install/tracer_msgs/lib:/root/tracer_control_ws/install/tracer_base/lib:/opt/ros/humble/opt/rviz_ogre_vendor/lib:/opt/ros/humble/lib/aarch64-linux-gnu:/opt/ros/humble/lib:/usr/local/cuda/lib64 /usr/bin/cmake --build /root/tracer_control_ws/build/tracer_base -- -j12 -l12
[0.151s] [35m[1mConsolidate compiler generated dependencies of target tracer_messenger[0m
[0.220s] [ 50%] Built target tracer_messenger
[0.280s] [35m[1mConsolidate compiler generated dependencies of target tracer_base_node[0m
[0.380s] [ 75%] [32mBuilding CXX object CMakeFiles/tracer_base_node.dir/src/tracer_base_node.cpp.o[0m
[8.630s] In file included from [01m[K/opt/ros/humble/include/rclcpp/rclcpp/logging.hpp:24[m[K,
[8.630s]                  from [01m[K/opt/ros/humble/include/rclcpp/rclcpp/client.hpp:40[m[K,
[8.631s]                  from [01m[K/opt/ros/humble/include/rclcpp/rclcpp/callback_group.hpp:24[m[K,
[8.631s]                  from [01m[K/opt/ros/humble/include/rclcpp/rclcpp/any_executable.hpp:20[m[K,
[8.631s]                  from [01m[K/opt/ros/humble/include/rclcpp/rclcpp/memory_strategy.hpp:25[m[K,
[8.631s]                  from [01m[K/opt/ros/humble/include/rclcpp/rclcpp/memory_strategies.hpp:18[m[K,
[8.631s]                  from [01m[K/opt/ros/humble/include/rclcpp/rclcpp/executor_options.hpp:20[m[K,
[8.631s]                  from [01m[K/opt/ros/humble/include/rclcpp/rclcpp/executor.hpp:37[m[K,
[8.631s]                  from [01m[K/opt/ros/humble/include/rclcpp/rclcpp/executors/multi_threaded_executor.hpp:25[m[K,
[8.632s]                  from [01m[K/opt/ros/humble/include/rclcpp/rclcpp/executors.hpp:21[m[K,
[8.632s]                  from [01m[K/opt/ros/humble/include/rclcpp/rclcpp/rclcpp.hpp:155[m[K,
[8.632s]                  from [01m[K/root/tracer_control_ws/src/tracer_ros/tracer_base/src/tracer_base_node.cpp:5[m[K:
[8.632s] [01m[K/root/tracer_control_ws/src/tracer_ros/tracer_base/src/tracer_base_node.cpp:[m[K In function ‘[01m[Kint main(int, char**)[m[K’:
[8.632s] [01m[K/root/tracer_control_ws/src/tracer_ros/tracer_base/src/tracer_base_node.cpp:24:37:[m[K [01;35m[Kwarning: [m[Kformat ‘[01m[K%p[m[K’ expects argument of type ‘[01m[Kvoid*[m[K’, but argument 5 has type ‘[01m[Kstd::__shared_ptr<westonrobot::TracerBaseV2, __gnu_cxx::_S_atomic>::element_type*[m[K’ {aka ‘[01m[Kwestonrobot::TracerBaseV2*[m[K’} [[01;35m[K-Wformat=[m[K]
[8.632s]    24 |     RCLCPP_INFO(node->get_logger(), [01;35m[K"Robot object created at %p"[m[K, [32m[Krobot.get()[m[K);
[8.632s]       |                                     [01;35m[K^~~~~~~~~~~~~~~~~~~~~~~~~~~~[m[K  [32m[K~~~~~~~~~~~[m[K
[8.633s]       |                                                                            [32m[K|[m[K
[8.633s]       |                                                                            [32m[Kstd::__shared_ptr<westonrobot::TracerBaseV2, __gnu_cxx::_S_atomic>::element_type* {aka westonrobot::TracerBaseV2*}[m[K
[8.633s] [01m[K/root/tracer_control_ws/src/tracer_ros/tracer_base/src/tracer_base_node.cpp:24:63:[m[K [01;36m[Knote: [m[Kformat string is defined here
[8.633s]    24 |   RCLCPP_INFO(node->get_logger(), "Robot object created at [01;36m[K%p[m[K", robot.get());
[8.633s]       |                                                            [01;36m[K~^[m[K
[8.633s]       |                                                             [01;36m[K|[m[K
[8.633s]       |                                                             [01;36m[Kvoid*[m[K
[8.633s] 
[8.636s] In file included from [01m[K/opt/ros/humble/include/rclcpp/rclcpp/logging.hpp:24[m[K,
[8.637s]                  from [01m[K/opt/ros/humble/include/rclcpp/rclcpp/client.hpp:40[m[K,
[8.637s]                  from [01m[K/opt/ros/humble/include/rclcpp/rclcpp/callback_group.hpp:24[m[K,
[8.637s]                  from [01m[K/opt/ros/humble/include/rclcpp/rclcpp/any_executable.hpp:20[m[K,
[8.637s]                  from [01m[K/opt/ros/humble/include/rclcpp/rclcpp/memory_strategy.hpp:25[m[K,
[8.637s]                  from [01m[K/opt/ros/humble/include/rclcpp/rclcpp/memory_strategies.hpp:18[m[K,
[8.638s]                  from [01m[K/opt/ros/humble/include/rclcpp/rclcpp/executor_options.hpp:20[m[K,
[8.638s]                  from [01m[K/opt/ros/humble/include/rclcpp/rclcpp/executor.hpp:37[m[K,
[8.638s]                  from [01m[K/opt/ros/humble/include/rclcpp/rclcpp/executors/multi_threaded_executor.hpp:25[m[K,
[8.638s]                  from [01m[K/opt/ros/humble/include/rclcpp/rclcpp/executors.hpp:21[m[K,
[8.638s]                  from [01m[K/opt/ros/humble/include/rclcpp/rclcpp/rclcpp.hpp:155[m[K,
[8.638s]                  from [01m[K/root/tracer_control_ws/src/tracer_ros/tracer_base/src/tracer_base_node.cpp:5[m[K:
[8.638s] [01m[K/root/tracer_control_ws/src/tracer_ros/tracer_base/src/tracer_base_node.cpp:28:37:[m[K [01;35m[Kwarning: [m[Kformat ‘[01m[K%p[m[K’ expects argument of type ‘[01m[Kvoid*[m[K’, but argument 5 has type ‘[01m[Kstd::__shared_ptr<westonrobot::TracerROSMessenger, __gnu_cxx::_S_atomic>::element_type*[m[K’ {aka ‘[01m[Kwestonrobot::TracerROSMessenger*[m[K’} [[01;35m[K-Wformat=[m[K]
[8.639s]    28 |     RCLCPP_INFO(node->get_logger(), [01;35m[K"Messenger object created at %p"[m[K, [32m[Kmessenger.get()[m[K);
[8.639s]       |                                     [01;35m[K^~~~~~~~~~~~~~~~~~~~~~~~~~~~~~~~[m[K  [32m[K~~~~~~~~~~~~~~~[m[K
[8.639s]       |                                                                                    [32m[K|[m[K
[8.639s]       |                                                                                    [32m[Kstd::__shared_ptr<westonrobot::TracerROSMessenger, __gnu_cxx::_S_atomic>::element_type* {aka westonrobot::TracerROSMessenger*}[m[K
[8.640s] [01m[K/root/tracer_control_ws/src/tracer_ros/tracer_base/src/tracer_base_node.cpp:28:67:[m[K [01;36m[Knote: [m[Kformat string is defined here
[8.640s]    28 | LCPP_INFO(node->get_logger(), "Messenger object created at [01;36m[K%p[m[K", messenger.get());
[8.640s]       |                                                            [01;36m[K~^[m[K
[8.640s]       |                                                             [01;36m[K|[m[K
[8.640s]       |                                                             [01;36m[Kvoid*[m[K
[8.642s] 
[11.041s] [100%] [32m[1mLinking CXX executable tracer_base_node[0m
[28.582s] [100%] Built target tracer_base_node
[28.608s] Invoked command in '/root/tracer_control_ws/build/tracer_base' returned '0': CMAKE_PREFIX_PATH=/opt/ros/humble:/root/tracer_control_ws/install/ugv_sdk:/root/tracer_control_ws/install/tracer_msgs:/root/tracer_control_ws/install/tracer_base LD_LIBRARY_PATH=/root/tracer_control_ws/install/tracer_msgs/lib:/root/tracer_control_ws/install/tracer_base/lib:/opt/ros/humble/opt/rviz_ogre_vendor/lib:/opt/ros/humble/lib/aarch64-linux-gnu:/opt/ros/humble/lib:/usr/local/cuda/lib64 /usr/bin/cmake --build /root/tracer_control_ws/build/tracer_base -- -j12 -l12
[28.613s] Invoking command in '/root/tracer_control_ws/build/tracer_base': CMAKE_PREFIX_PATH=/opt/ros/humble:/root/tracer_control_ws/install/ugv_sdk:/root/tracer_control_ws/install/tracer_msgs:/root/tracer_control_ws/install/tracer_base LD_LIBRARY_PATH=/root/tracer_control_ws/install/tracer_msgs/lib:/root/tracer_control_ws/install/tracer_base/lib:/opt/ros/humble/opt/rviz_ogre_vendor/lib:/opt/ros/humble/lib/aarch64-linux-gnu:/opt/ros/humble/lib:/usr/local/cuda/lib64 /usr/bin/cmake --install /root/tracer_control_ws/build/tracer_base
[28.633s] -- Install configuration: ""
[28.633s] -- Execute custom install script
[28.634s] -- Symlinking: /root/tracer_control_ws/install/tracer_base/lib/tracer_base/tracer_base_node
[28.654s] -- Symlinking: /root/tracer_control_ws/install/tracer_base/lib/libtracer_messenger.a
[28.677s] -- Symlinking: /root/tracer_control_ws/install/tracer_base/include/tracer_base/tracer_messenger.hpp
[28.697s] -- Symlinking: /root/tracer_control_ws/install/tracer_base/share/tracer_base/launch/tracer_base.launch
[28.720s] -- Symlinking: /root/tracer_control_ws/install/tracer_base/share/tracer_base/urdf/agilex_tracer.urdf
[28.741s] -- Symlinking: /root/tracer_control_ws/install/tracer_base/share/tracer_base/environment/library_path.sh
[28.762s] -- Symlinking: /root/tracer_control_ws/install/tracer_base/share/tracer_base/environment/library_path.dsv
[28.785s] -- Symlinking: /root/tracer_control_ws/install/tracer_base/share/ament_index/resource_index/package_run_dependencies/tracer_base
[28.808s] -- Symlinking: /root/tracer_control_ws/install/tracer_base/share/ament_index/resource_index/parent_prefix_path/tracer_base
[28.831s] -- Symlinking: /root/tracer_control_ws/install/tracer_base/share/tracer_base/environment/ament_prefix_path.sh
[28.853s] -- Symlinking: /root/tracer_control_ws/install/tracer_base/share/tracer_base/environment/ament_prefix_path.dsv
[28.875s] -- Symlinking: /root/tracer_control_ws/install/tracer_base/share/tracer_base/environment/path.sh
[28.895s] -- Symlinking: /root/tracer_control_ws/install/tracer_base/share/tracer_base/environment/path.dsv
[28.916s] -- Symlinking: /root/tracer_control_ws/install/tracer_base/share/tracer_base/local_setup.bash
[28.938s] -- Symlinking: /root/tracer_control_ws/install/tracer_base/share/tracer_base/local_setup.sh
[28.958s] -- Symlinking: /root/tracer_control_ws/install/tracer_base/share/tracer_base/local_setup.zsh
[28.980s] -- Symlinking: /root/tracer_control_ws/install/tracer_base/share/tracer_base/local_setup.dsv
[29.000s] -- Symlinking: /root/tracer_control_ws/install/tracer_base/share/tracer_base/package.dsv
[29.020s] -- Symlinking: /root/tracer_control_ws/install/tracer_base/share/ament_index/resource_index/packages/tracer_base
[29.043s] -- Symlinking: /root/tracer_control_ws/install/tracer_base/share/tracer_base/cmake/ament_cmake_export_include_directories-extras.cmake
[29.066s] -- Symlinking: /root/tracer_control_ws/install/tracer_base/share/tracer_base/cmake/ament_cmake_export_libraries-extras.cmake
[29.086s] -- Symlinking: /root/tracer_control_ws/install/tracer_base/share/tracer_base/cmake/ament_cmake_export_dependencies-extras.cmake
[29.115s] -- Symlinking: /root/tracer_control_ws/install/tracer_base/share/tracer_base/cmake/tracer_baseConfig.cmake
[29.142s] -- Symlinking: /root/tracer_control_ws/install/tracer_base/share/tracer_base/cmake/tracer_baseConfig-version.cmake
[29.162s] -- Symlinking: /root/tracer_control_ws/install/tracer_base/share/tracer_base/package.xml
[29.191s] Invoked command in '/root/tracer_control_ws/build/tracer_base' returned '0': CMAKE_PREFIX_PATH=/opt/ros/humble:/root/tracer_control_ws/install/ugv_sdk:/root/tracer_control_ws/install/tracer_msgs:/root/tracer_control_ws/install/tracer_base LD_LIBRARY_PATH=/root/tracer_control_ws/install/tracer_msgs/lib:/root/tracer_control_ws/install/tracer_base/lib:/opt/ros/humble/opt/rviz_ogre_vendor/lib:/opt/ros/humble/lib/aarch64-linux-gnu:/opt/ros/humble/lib:/usr/local/cuda/lib64 /usr/bin/cmake --install /root/tracer_control_ws/build/tracer_base
