[33mCMake Warning:
  Manually-specified variables were not used by the project:

    CATKIN_INSTALL_INTO_PREFIX_ROOT
    CATKIN_SYMLINK_INSTALL

[0m
/usr/bin/ld: CMakeFiles/tracer_base_node.dir/src/tracer_base_node.cpp.o: in function `westonrobot::ProtocolV2Parser::ProtocolV2Parser()':
tracer_base_node.cpp:(.text._ZN11westonrobot16ProtocolV2ParserC2Ev[_ZN11westonrobot16ProtocolV2ParserC5Ev]+0x14): undefined reference to `vtable for westonrobot::ProtocolV2Parser'
/usr/bin/ld: tracer_base_node.cpp:(.text._ZN11westonrobot16ProtocolV2ParserC2Ev[_ZN11westonrobot16ProtocolV2ParserC5Ev]+0x18): undefined reference to `vtable for westonrobot::ProtocolV2Parser'
/usr/bin/ld: CMakeFiles/tracer_base_node.dir/src/tracer_base_node.cpp.o: in function `westonrobot::ProtocolV2Parser::~ProtocolV2Parser()':
tracer_base_node.cpp:(.text._ZN11westonrobot16ProtocolV2ParserD2Ev[_ZN11westonrobot16ProtocolV2ParserD5Ev]+0xc): undefined reference to `vtable for westonrobot::ProtocolV2Parser'
/usr/bin/ld: tracer_base_node.cpp:(.text._ZN11westonrobot16ProtocolV2ParserD2Ev[_ZN11westonrobot16ProtocolV2ParserD5Ev]+0x10): undefined reference to `vtable for westonrobot::ProtocolV2Parser'
/usr/bin/ld: CMakeFiles/tracer_base_node.dir/src/tracer_base_node.cpp.o: in function `westonrobot::AgilexBase<westonrobot::ProtocolV2Parser>::SendMotionCommand(double, double, double, double)':
tracer_base_node.cpp:(.text._ZN11westonrobot10AgilexBaseINS_16ProtocolV2ParserEE17SendMotionCommandEdddd[_ZN11westonrobot10AgilexBaseINS_16ProtocolV2ParserEE17SendMotionCommandEdddd]+0x5c): undefined reference to `westonrobot::AsyncCAN::IsOpened() const'
/usr/bin/ld: tracer_base_node.cpp:(.text._ZN11westonrobot10AgilexBaseINS_16ProtocolV2ParserEE17SendMotionCommandEdddd[_ZN11westonrobot10AgilexBaseINS_16ProtocolV2ParserEE17SendMotionCommandEdddd]+0x16c): undefined reference to `westonrobot::ProtocolV2Parser::EncodeMessage(AgxMessage const*, can_frame*)'
/usr/bin/ld: tracer_base_node.cpp:(.text._ZN11westonrobot10AgilexBaseINS_16ProtocolV2ParserEE17SendMotionCommandEdddd[_ZN11westonrobot10AgilexBaseINS_16ProtocolV2ParserEE17SendMotionCommandEdddd]+0x198): undefined reference to `westonrobot::AsyncCAN::SendFrame(can_frame const&)'
/usr/bin/ld: CMakeFiles/tracer_base_node.dir/src/tracer_base_node.cpp.o: in function `westonrobot::AgilexBase<westonrobot::ProtocolV2Parser>::SendLightCommand(AgxLightMode, unsigned char, AgxLightMode, unsigned char)':
tracer_base_node.cpp:(.text._ZN11westonrobot10AgilexBaseINS_16ProtocolV2ParserEE16SendLightCommandE12AgxLightModehS3_h[_ZN11westonrobot10AgilexBaseINS_16ProtocolV2ParserEE16SendLightCommandE12AgxLightModehS3_h]+0x58): undefined reference to `westonrobot::AsyncCAN::IsOpened() const'
/usr/bin/ld: tracer_base_node.cpp:(.text._ZN11westonrobot10AgilexBaseINS_16ProtocolV2ParserEE16SendLightCommandE12AgxLightModehS3_h[_ZN11westonrobot10AgilexBaseINS_16ProtocolV2ParserEE16SendLightCommandE12AgxLightModehS3_h]+0xbc): undefined reference to `westonrobot::ProtocolV2Parser::EncodeMessage(AgxMessage const*, can_frame*)'
/usr/bin/ld: tracer_base_node.cpp:(.text._ZN11westonrobot10AgilexBaseINS_16ProtocolV2ParserEE16SendLightCommandE12AgxLightModehS3_h[_ZN11westonrobot10AgilexBaseINS_16ProtocolV2ParserEE16SendLightCommandE12AgxLightModehS3_h]+0xe8): undefined reference to `westonrobot::AsyncCAN::SendFrame(can_frame const&)'
/usr/bin/ld: CMakeFiles/tracer_base_node.dir/src/tracer_base_node.cpp.o: in function `westonrobot::AgilexBase<westonrobot::ProtocolV2Parser>::DisableLightControl()':
tracer_base_node.cpp:(.text._ZN11westonrobot10AgilexBaseINS_16ProtocolV2ParserEE19DisableLightControlEv[_ZN11westonrobot10AgilexBaseINS_16ProtocolV2ParserEE19DisableLightControlEv]+0x48): undefined reference to `westonrobot::AsyncCAN::IsOpened() const'
/usr/bin/ld: tracer_base_node.cpp:(.text._ZN11westonrobot10AgilexBaseINS_16ProtocolV2ParserEE19DisableLightControlEv[_ZN11westonrobot10AgilexBaseINS_16ProtocolV2ParserEE19DisableLightControlEv]+0x88): undefined reference to `westonrobot::ProtocolV2Parser::EncodeMessage(AgxMessage const*, can_frame*)'
/usr/bin/ld: tracer_base_node.cpp:(.text._ZN11westonrobot10AgilexBaseINS_16ProtocolV2ParserEE19DisableLightControlEv[_ZN11westonrobot10AgilexBaseINS_16ProtocolV2ParserEE19DisableLightControlEv]+0xb4): undefined reference to `westonrobot::AsyncCAN::SendFrame(can_frame const&)'
/usr/bin/ld: CMakeFiles/tracer_base_node.dir/src/tracer_base_node.cpp.o: in function `westonrobot::AgilexBase<westonrobot::ProtocolV2Parser>::EnableCommandedMode()':
tracer_base_node.cpp:(.text._ZN11westonrobot10AgilexBaseINS_16ProtocolV2ParserEE19EnableCommandedModeEv[_ZN11westonrobot10AgilexBaseINS_16ProtocolV2ParserEE19EnableCommandedModeEv]+0x58): undefined reference to `westonrobot::AsyncCAN::IsOpened() const'
/usr/bin/ld: tracer_base_node.cpp:(.text._ZN11westonrobot10AgilexBaseINS_16ProtocolV2ParserEE19EnableCommandedModeEv[_ZN11westonrobot10AgilexBaseINS_16ProtocolV2ParserEE19EnableCommandedModeEv]+0x8c): undefined reference to `westonrobot::ProtocolV2Parser::EncodeMessage(AgxMessage const*, can_frame*)'
/usr/bin/ld: tracer_base_node.cpp:(.text._ZN11westonrobot10AgilexBaseINS_16ProtocolV2ParserEE19EnableCommandedModeEv[_ZN11westonrobot10AgilexBaseINS_16ProtocolV2ParserEE19EnableCommandedModeEv]+0xb8): undefined reference to `westonrobot::AsyncCAN::SendFrame(can_frame const&)'
/usr/bin/ld: CMakeFiles/tracer_base_node.dir/src/tracer_base_node.cpp.o: in function `westonrobot::AgilexBase<westonrobot::ProtocolV2Parser>::DisconnectPort()':
tracer_base_node.cpp:(.text._ZN11westonrobot10AgilexBaseINS_16ProtocolV2ParserEE14DisconnectPortEv[_ZN11westonrobot10AgilexBaseINS_16ProtocolV2ParserEE14DisconnectPortEv]+0x34): undefined reference to `westonrobot::AsyncCAN::IsOpened() const'
/usr/bin/ld: tracer_base_node.cpp:(.text._ZN11westonrobot10AgilexBaseINS_16ProtocolV2ParserEE14DisconnectPortEv[_ZN11westonrobot10AgilexBaseINS_16ProtocolV2ParserEE14DisconnectPortEv]+0x64): undefined reference to `westonrobot::AsyncCAN::Close()'
/usr/bin/ld: CMakeFiles/tracer_base_node.dir/src/tracer_base_node.cpp.o: in function `westonrobot::AgilexBase<westonrobot::ProtocolV2Parser>::ConnectPort(std::__cxx11::basic_string<char, std::char_traits<char>, std::allocator<char> >, std::function<void (can_frame*)>)':
tracer_base_node.cpp:(.text._ZN11westonrobot10AgilexBaseINS_16ProtocolV2ParserEE11ConnectPortENSt7__cxx1112basic_stringIcSt11char_traitsIcESaIcEEESt8functionIFvP9can_frameEE[_ZN11westonrobot10AgilexBaseINS_16ProtocolV2ParserEE11ConnectPortENSt7__cxx1112basic_stringIcSt11char_traitsIcESaIcEEESt8functionIFvP9can_frameEE]+0x94): undefined reference to `westonrobot::AsyncCAN::Open()'
/usr/bin/ld: CMakeFiles/tracer_base_node.dir/src/tracer_base_node.cpp.o: in function `westonrobot::AgilexBase<westonrobot::ProtocolV2Parser>::ParseCANFrame(can_frame*)':
tracer_base_node.cpp:(.text._ZN11westonrobot10AgilexBaseINS_16ProtocolV2ParserEE13ParseCANFrameEP9can_frame[_ZN11westonrobot10AgilexBaseINS_16ProtocolV2ParserEE13ParseCANFrameEP9can_frame]+0x38): undefined reference to `westonrobot::ProtocolV2Parser::DecodeMessage(can_frame const*, AgxMessage*)'
/usr/bin/ld: CMakeFiles/tracer_base_node.dir/src/tracer_base_node.cpp.o: in function `void __gnu_cxx::new_allocator<westonrobot::AsyncCAN>::construct<westonrobot::AsyncCAN, std::__cxx11::basic_string<char, std::char_traits<char>, std::allocator<char> >&>(westonrobot::AsyncCAN*, std::__cxx11::basic_string<char, std::char_traits<char>, std::allocator<char> >&)':
tracer_base_node.cpp:(.text._ZN9__gnu_cxx13new_allocatorIN11westonrobot8AsyncCANEE9constructIS2_JRNSt7__cxx1112basic_stringIcSt11char_traitsIcESaIcEEEEEEvPT_DpOT0_[_ZN9__gnu_cxx13new_allocatorIN11westonrobot8AsyncCANEE9constructIS2_JRNSt7__cxx1112basic_stringIcSt11char_traitsIcESaIcEEEEEEvPT_DpOT0_]+0x64): undefined reference to `westonrobot::AsyncCAN::AsyncCAN(std::__cxx11::basic_string<char, std::char_traits<char>, std::allocator<char> >)'
/usr/bin/ld: CMakeFiles/tracer_base_node.dir/src/tracer_base_node.cpp.o: in function `westonrobot::AgilexBase<westonrobot::ProtocolV2Parser>::RequestVersion[abi:cxx11](int)':
tracer_base_node.cpp:(.text._ZN11westonrobot10AgilexBaseINS_16ProtocolV2ParserEE14RequestVersionB5cxx11Ei[_ZN11westonrobot10AgilexBaseINS_16ProtocolV2ParserEE14RequestVersionB5cxx11Ei]+0x6c): undefined reference to `westonrobot::AsyncCAN::SendFrame(can_frame const&)'
/usr/bin/ld: CMakeFiles/tracer_base_node.dir/src/tracer_base_node.cpp.o: in function `void __gnu_cxx::new_allocator<westonrobot::AsyncCAN>::destroy<westonrobot::AsyncCAN>(westonrobot::AsyncCAN*)':
tracer_base_node.cpp:(.text._ZN9__gnu_cxx13new_allocatorIN11westonrobot8AsyncCANEE7destroyIS2_EEvPT_[_ZN9__gnu_cxx13new_allocatorIN11westonrobot8AsyncCANEE7destroyIS2_EEvPT_]+0x14): undefined reference to `westonrobot::AsyncCAN::~AsyncCAN()'
collect2: error: ld returned 1 exit status
gmake[2]: *** [CMakeFiles/tracer_base_node.dir/build.make:223: tracer_base_node] Error 1
gmake[1]: *** [CMakeFiles/Makefile2:165: CMakeFiles/tracer_base_node.dir/all] Error 2
gmake: *** [Makefile:146: all] Error 2
