[0.028s] Invoking command in '/root/tracer_control_ws/build/tracer_base': AMENT_PREFIX_PATH=/root/tracer_control_ws/install/tracer_msgs:${AMENT_PREFIX_PATH} CMAKE_PREFIX_PATH=/opt/ros/humble:/root/tracer_control_ws/install/ugv_sdk:/root/tracer_control_ws/install/tracer_msgs LD_LIBRARY_PATH=/root/tracer_control_ws/install/tracer_msgs/lib:/opt/ros/humble/opt/rviz_ogre_vendor/lib:/opt/ros/humble/lib/aarch64-linux-gnu:/opt/ros/humble/lib:/usr/local/cuda/lib64 PKG_CONFIG_PATH=/root/tracer_control_ws/install/ugv_sdk/lib/aarch64-linux-gnu/pkgconfig:/root/tracer_control_ws/install/ugv_sdk/lib/pkgconfig PYTHONPATH=/root/tracer_control_ws/install/tracer_msgs/local/lib/python3.10/dist-packages:${PYTHONPATH} ROS_PACKAGE_PATH=/root/tracer_control_ws/install/ugv_sdk/share /usr/bin/cmake /root/tracer_control_ws/src/tracer_ros/tracer_base -DAMENT_CMAKE_SYMLINK_INSTALL=1 -DCMAKE_INSTALL_PREFIX=/root/tracer_control_ws/install/tracer_base
[0.153s] -- The C compiler identification is GNU 11.4.0
[0.276s] -- The CXX compiler identification is GNU 11.4.0
[0.297s] -- Detecting C compiler ABI info
[0.464s] -- Detecting C compiler ABI info - done
[0.482s] -- Check for working C compiler: /usr/bin/cc - skipped
[0.483s] -- Detecting C compile features
[0.484s] -- Detecting C compile features - done
[0.492s] -- Detecting CXX compiler ABI info
[0.690s] -- Detecting CXX compiler ABI info - done
[0.710s] -- Check for working CXX compiler: /usr/bin/c++ - skipped
[0.711s] -- Detecting CXX compile features
[0.712s] -- Detecting CXX compile features - done
[0.721s] -- Found ament_cmake: 1.3.11 (/opt/ros/humble/share/ament_cmake/cmake)
[1.086s] -- Found Python3: /usr/bin/python3 (found version "3.10.12") found components: Interpreter 
[1.242s] -- Override CMake install command with custom implementation using symlinks instead of copying resources
[1.328s] -- Found rclcpp: 16.0.12 (/opt/ros/humble/share/rclcpp/cmake)
[1.430s] -- Found rosidl_generator_c: 3.1.6 (/opt/ros/humble/share/rosidl_generator_c/cmake)
[1.441s] -- Found rosidl_adapter: 3.1.6 (/opt/ros/humble/share/rosidl_adapter/cmake)
[1.462s] -- Found rosidl_generator_cpp: 3.1.6 (/opt/ros/humble/share/rosidl_generator_cpp/cmake)
[1.488s] -- Using all available rosidl_typesupport_c: rosidl_typesupport_fastrtps_c;rosidl_typesupport_introspection_c
[1.524s] -- Using all available rosidl_typesupport_cpp: rosidl_typesupport_fastrtps_cpp;rosidl_typesupport_introspection_cpp
[1.621s] -- Found rmw_implementation_cmake: 6.1.2 (/opt/ros/humble/share/rmw_implementation_cmake/cmake)
[1.627s] -- Found rmw_fastrtps_cpp: 6.2.7 (/opt/ros/humble/share/rmw_fastrtps_cpp/cmake)
[1.869s] -- Found OpenSSL: /usr/lib/aarch64-linux-gnu/libcrypto.so (found version "3.0.2")  
[1.946s] -- Found FastRTPS: /opt/ros/humble/include  
[2.067s] -- Using RMW implementation 'rmw_fastrtps_cpp' as default
[2.090s] -- Looking for pthread.h
[2.270s] -- Looking for pthread.h - found
[2.271s] -- Performing Test CMAKE_HAVE_LIBC_PTHREAD
[2.450s] -- Performing Test CMAKE_HAVE_LIBC_PTHREAD - Success
[2.457s] -- Found Threads: TRUE  
[2.589s] -- Found sensor_msgs: 4.8.0 (/opt/ros/humble/share/sensor_msgs/cmake)
[2.656s] -- Found tf2: 0.25.12 (/opt/ros/humble/share/tf2/cmake)
[2.686s] -- Found tf2_ros: 0.25.12 (/opt/ros/humble/share/tf2_ros/cmake)
[2.874s] -- Found tf2_geometry_msgs: 0.25.12 (/opt/ros/humble/share/tf2_geometry_msgs/cmake)
[2.913s] -- Found eigen3_cmake_module: 0.1.1 (/opt/ros/humble/share/eigen3_cmake_module/cmake)
[2.915s] -- Found Eigen3: TRUE (found version "3.4.0") 
[2.916s] -- Ensuring Eigen3 include directory is part of orocos-kdl CMake target
[2.923s] -- Found tracer_msgs: 0.3.3 (/root/tracer_control_ws/install/tracer_msgs/share/tracer_msgs/cmake)
[2.952s] -- Found nav_msgs: 4.8.0 (/opt/ros/humble/share/nav_msgs/cmake)
[2.996s] [33mCMake Warning at CMakeLists.txt:38 (message):
[2.996s]   libsocketcan not found - CAN support may be limited
[2.997s] 
[2.997s] [0m
[2.997s] [33mCMake Warning at CMakeLists.txt:43 (message):
[2.997s]   libpcan not found - PCAN support disabled
[2.998s] 
[2.998s] [0m
[4.403s] -- Found ament_lint_auto: 0.12.12 (/opt/ros/humble/share/ament_lint_auto/cmake)
[4.599s] -- Added test 'copyright' to check source files copyright and LICENSE
[4.602s] -- Added test 'cppcheck' to perform static code analysis on C / C++ code
[4.608s] -- Configured cppcheck include dirs: /root/tracer_control_ws/src/tracer_ros/tracer_base/include
[4.608s] -- Configured cppcheck exclude dirs and/or files: 
[4.611s] -- Added test 'cpplint' to check C / C++ code against the Google style
[4.611s] -- Configured cpplint exclude dirs and/or files: 
[4.612s] -- Added test 'lint_cmake' to check CMake code style
[4.615s] -- Added test 'uncrustify' to check C / C++ code style
[4.616s] -- Configured uncrustify additional arguments: 
[4.616s] -- Added test 'xmllint' to check XML markup files
[4.624s] -- Configuring done
[4.639s] [0mCMake Error: The following variables are used in this project, but they are set to NOTFOUND.
[4.639s] Please set them or make sure they are set and tested correctly in the CMake files:
[4.639s] PCAN_LIB
[4.640s]     linked by target "tracer_base_node" in directory /root/tracer_control_ws/src/tracer_ros/tracer_base
[4.640s]     linked by target "tracer_messenger" in directory /root/tracer_control_ws/src/tracer_ros/tracer_base
[4.640s] SOCKETCAN_LIB
[4.640s]     linked by target "tracer_base_node" in directory /root/tracer_control_ws/src/tracer_ros/tracer_base
[4.641s]     linked by target "tracer_messenger" in directory /root/tracer_control_ws/src/tracer_ros/tracer_base
[4.641s] [0m
[5.815s] -- Generating done
[5.819s] [0mCMake Generate step failed.  Build files cannot be regenerated correctly.[0m
[5.856s] Invoked command in '/root/tracer_control_ws/build/tracer_base' returned '1': AMENT_PREFIX_PATH=/root/tracer_control_ws/install/tracer_msgs:${AMENT_PREFIX_PATH} CMAKE_PREFIX_PATH=/opt/ros/humble:/root/tracer_control_ws/install/ugv_sdk:/root/tracer_control_ws/install/tracer_msgs LD_LIBRARY_PATH=/root/tracer_control_ws/install/tracer_msgs/lib:/opt/ros/humble/opt/rviz_ogre_vendor/lib:/opt/ros/humble/lib/aarch64-linux-gnu:/opt/ros/humble/lib:/usr/local/cuda/lib64 PKG_CONFIG_PATH=/root/tracer_control_ws/install/ugv_sdk/lib/aarch64-linux-gnu/pkgconfig:/root/tracer_control_ws/install/ugv_sdk/lib/pkgconfig PYTHONPATH=/root/tracer_control_ws/install/tracer_msgs/local/lib/python3.10/dist-packages:${PYTHONPATH} ROS_PACKAGE_PATH=/root/tracer_control_ws/install/ugv_sdk/share /usr/bin/cmake /root/tracer_control_ws/src/tracer_ros/tracer_base -DAMENT_CMAKE_SYMLINK_INSTALL=1 -DCMAKE_INSTALL_PREFIX=/root/tracer_control_ws/install/tracer_base
