[33mCMake Warning at CMakeLists.txt:38 (message):
  libsocketcan not found - CAN support may be limited

[0m
[33mCMake Warning at CMakeLists.txt:43 (message):
  libpcan not found - PCAN support disabled

[0m
[0mCMake Error: The following variables are used in this project, but they are set to NOTFOUND.
Please set them or make sure they are set and tested correctly in the CMake files:
PCAN_LIB
    linked by target "tracer_base_node" in directory /root/tracer_control_ws/src/tracer_ros/tracer_base
    linked by target "tracer_messenger" in directory /root/tracer_control_ws/src/tracer_ros/tracer_base
SOCKETCAN_LIB
    linked by target "tracer_base_node" in directory /root/tracer_control_ws/src/tracer_ros/tracer_base
    linked by target "tracer_messenger" in directory /root/tracer_control_ws/src/tracer_ros/tracer_base
[0m
[31mCMake Error at CMakeLists.txt:90 (add_executable):
  Target "tracer_base_node" links to target "ugv_sdk::ugv_sdk" but the target
  was not found.  Perhaps a find_package() call is missing for an IMPORTED
  target, or an ALIAS target is missing?

[0m
[0mCMake Generate step failed.  Build files cannot be regenerated correctly.[0m
