-- Found ament_cmake: 1.3.11 (/opt/ros/humble/share/ament_cmake/cmake)
-- Override CMake install command with custom implementation using symlinks instead of copying resources
-- Found rclcpp: 16.0.12 (/opt/ros/humble/share/rclcpp/cmake)
-- Found rosidl_generator_c: 3.1.6 (/opt/ros/humble/share/rosidl_generator_c/cmake)
-- Found rosidl_adapter: 3.1.6 (/opt/ros/humble/share/rosidl_adapter/cmake)
-- Found rosidl_generator_cpp: 3.1.6 (/opt/ros/humble/share/rosidl_generator_cpp/cmake)
-- Using all available rosidl_typesupport_c: rosidl_typesupport_fastrtps_c;rosidl_typesupport_introspection_c
-- Using all available rosidl_typesupport_cpp: rosidl_typesupport_fastrtps_cpp;rosidl_typesupport_introspection_cpp
-- Found rmw_implementation_cmake: 6.1.2 (/opt/ros/humble/share/rmw_implementation_cmake/cmake)
-- Found rmw_fastrtps_cpp: 6.2.7 (/opt/ros/humble/share/rmw_fastrtps_cpp/cmake)
-- Using RMW implementation 'rmw_fastrtps_cpp' as default
-- Found sensor_msgs: 4.8.0 (/opt/ros/humble/share/sensor_msgs/cmake)
-- Found tf2: 0.25.12 (/opt/ros/humble/share/tf2/cmake)
-- Found tf2_ros: 0.25.12 (/opt/ros/humble/share/tf2_ros/cmake)
-- Found tf2_geometry_msgs: 0.25.12 (/opt/ros/humble/share/tf2_geometry_msgs/cmake)
-- Found eigen3_cmake_module: 0.1.1 (/opt/ros/humble/share/eigen3_cmake_module/cmake)
-- Ensuring Eigen3 include directory is part of orocos-kdl CMake target
-- Found tracer_msgs: 0.3.3 (/root/tracer_control_ws/install/tracer_msgs/share/tracer_msgs/cmake)
-- Found nav_msgs: 4.8.0 (/opt/ros/humble/share/nav_msgs/cmake)
[33mCMake Warning at CMakeLists.txt:38 (message):
  libsocketcan not found - CAN support may be limited

[0m
[33mCMake Warning at CMakeLists.txt:43 (message):
  libpcan not found - PCAN support disabled

[0m
-- Found ament_lint_auto: 0.12.12 (/opt/ros/humble/share/ament_lint_auto/cmake)
-- Added test 'copyright' to check source files copyright and LICENSE
-- Added test 'cppcheck' to perform static code analysis on C / C++ code
-- Configured cppcheck include dirs: /root/tracer_control_ws/src/tracer_ros/tracer_base/include
-- Configured cppcheck exclude dirs and/or files: 
-- Added test 'cpplint' to check C / C++ code against the Google style
-- Configured cpplint exclude dirs and/or files: 
-- Added test 'lint_cmake' to check CMake code style
-- Added test 'uncrustify' to check C / C++ code style
-- Configured uncrustify additional arguments: 
-- Added test 'xmllint' to check XML markup files
-- Configuring done
[0mCMake Error: The following variables are used in this project, but they are set to NOTFOUND.
Please set them or make sure they are set and tested correctly in the CMake files:
PCAN_LIB
    linked by target "tracer_base_node" in directory /root/tracer_control_ws/src/tracer_ros/tracer_base
    linked by target "tracer_messenger" in directory /root/tracer_control_ws/src/tracer_ros/tracer_base
SOCKETCAN_LIB
    linked by target "tracer_base_node" in directory /root/tracer_control_ws/src/tracer_ros/tracer_base
    linked by target "tracer_messenger" in directory /root/tracer_control_ws/src/tracer_ros/tracer_base
[0m
[31mCMake Error at CMakeLists.txt:90 (add_executable):
  Target "tracer_base_node" links to target "ugv_sdk::ugv_sdk" but the target
  was not found.  Perhaps a find_package() call is missing for an IMPORTED
  target, or an ALIAS target is missing?

[0m
-- Generating done
[0mCMake Generate step failed.  Build files cannot be regenerated correctly.[0m
