-- Found ament_cmake: 1.3.11 (/opt/ros/humble/share/ament_cmake/cmake)
-- Override CMake install command with custom implementation using symlinks instead of copying resources
-- Found rosidl_default_generators: 1.2.0 (/opt/ros/humble/share/rosidl_default_generators/cmake)
-- Using all available rosidl_typesupport_c: rosidl_typesupport_fastrtps_c;rosidl_typesupport_introspection_c
-- Found rosidl_adapter: 3.1.6 (/opt/ros/humble/share/rosidl_adapter/cmake)
-- Using all available rosidl_typesupport_cpp: rosidl_typesupport_fastrtps_cpp;rosidl_typesupport_introspection_cpp
-- Found std_msgs: 4.8.0 (/opt/ros/humble/share/std_msgs/cmake)
-- Found ament_cmake_ros: 0.10.0 (/opt/ros/humble/share/ament_cmake_ros/cmake)
-- Using all available rosidl_typesupport_c: rosidl_typesupport_fastrtps_c;rosidl_typesupport_introspection_c
-- Using all available rosidl_typesupport_cpp: rosidl_typesupport_fastrtps_cpp;rosidl_typesupport_introspection_cpp
-- Found python_cmake_module: 0.10.0 (/opt/ros/humble/share/python_cmake_module/cmake)
-- Using PYTHON_EXECUTABLE: /usr/bin/python3
-- Using PYTHON_INCLUDE_DIRS: /usr/include/python3.10
-- Using PYTHON_LIBRARIES: /usr/lib/aarch64-linux-gnu/libpython3.10.so
-- Configuring done
-- Generating done
-- Build files have been written to: /root/tracer_control_ws/build/tracer_msgs
[35m[1mConsolidate compiler generated dependencies of target tracer_msgs__rosidl_generator_c[0m
[  1%] Built target tracer_msgs__cpp
[ 12%] Built target tracer_msgs__rosidl_generator_c
[ 12%] Built target ament_cmake_python_symlink_tracer_msgs
[35m[1mConsolidate compiler generated dependencies of target tracer_msgs__rosidl_typesupport_cpp[0m
[35m[1mConsolidate compiler generated dependencies of target tracer_msgs__rosidl_typesupport_introspection_cpp[0m
[35m[1mConsolidate compiler generated dependencies of target tracer_msgs__rosidl_typesupport_fastrtps_cpp[0m
[35m[1mConsolidate compiler generated dependencies of target tracer_msgs__rosidl_typesupport_c[0m
[35m[1mConsolidate compiler generated dependencies of target tracer_msgs__rosidl_typesupport_fastrtps_c[0m
[35m[1mConsolidate compiler generated dependencies of target tracer_msgs__rosidl_typesupport_introspection_c[0m
[ 57%] Built target tracer_msgs__rosidl_typesupport_cpp
[ 57%] Built target tracer_msgs__rosidl_typesupport_fastrtps_cpp
[ 57%] Built target tracer_msgs__rosidl_typesupport_introspection_cpp
[ 57%] Built target tracer_msgs__rosidl_typesupport_c
[ 69%] Built target tracer_msgs__rosidl_typesupport_introspection_c
[ 80%] Built target tracer_msgs__rosidl_typesupport_fastrtps_c
[ 80%] Built target tracer_msgs
[ 81%] Built target tracer_msgs__py
[35m[1mConsolidate compiler generated dependencies of target tracer_msgs__rosidl_generator_py[0m
[ 91%] Built target tracer_msgs__rosidl_generator_py
[35m[1mConsolidate compiler generated dependencies of target tracer_msgs__rosidl_typesupport_c__pyext[0m
[35m[1mConsolidate compiler generated dependencies of target tracer_msgs__rosidl_typesupport_fastrtps_c__pyext[0m
[35m[1mConsolidate compiler generated dependencies of target tracer_msgs__rosidl_typesupport_introspection_c__pyext[0m
[ 95%] Built target tracer_msgs__rosidl_typesupport_fastrtps_c__pyext
[ 97%] Built target tracer_msgs__rosidl_typesupport_introspection_c__pyext
[100%] Built target tracer_msgs__rosidl_typesupport_c__pyext
running egg_info
writing tracer_msgs.egg-info/PKG-INFO
writing dependency_links to tracer_msgs.egg-info/dependency_links.txt
writing top-level names to tracer_msgs.egg-info/top_level.txt
reading manifest file 'tracer_msgs.egg-info/SOURCES.txt'
writing manifest file 'tracer_msgs.egg-info/SOURCES.txt'
[100%] Built target ament_cmake_python_build_tracer_msgs_egg
-- Install configuration: ""
-- Execute custom install script
-- Up-to-date symlink: /root/tracer_control_ws/install/tracer_msgs/share/ament_index/resource_index/rosidl_interfaces/tracer_msgs
-- Up-to-date symlink: /root/tracer_control_ws/install/tracer_msgs/include/tracer_msgs/tracer_msgs/msg/detail/tracer_light_cmd__functions.h
-- Up-to-date symlink: /root/tracer_control_ws/install/tracer_msgs/include/tracer_msgs/tracer_msgs/msg/detail/tracer_light_cmd__struct.h
-- Up-to-date symlink: /root/tracer_control_ws/install/tracer_msgs/include/tracer_msgs/tracer_msgs/msg/detail/tracer_light_cmd__type_support.h
-- Up-to-date symlink: /root/tracer_control_ws/install/tracer_msgs/include/tracer_msgs/tracer_msgs/msg/detail/tracer_light_state__functions.h
-- Up-to-date symlink: /root/tracer_control_ws/install/tracer_msgs/include/tracer_msgs/tracer_msgs/msg/detail/tracer_light_state__struct.h
-- Up-to-date symlink: /root/tracer_control_ws/install/tracer_msgs/include/tracer_msgs/tracer_msgs/msg/detail/tracer_light_state__type_support.h
-- Up-to-date symlink: /root/tracer_control_ws/install/tracer_msgs/include/tracer_msgs/tracer_msgs/msg/detail/tracer_motor_state__functions.h
-- Up-to-date symlink: /root/tracer_control_ws/install/tracer_msgs/include/tracer_msgs/tracer_msgs/msg/detail/tracer_motor_state__struct.h
-- Up-to-date symlink: /root/tracer_control_ws/install/tracer_msgs/include/tracer_msgs/tracer_msgs/msg/detail/tracer_motor_state__type_support.h
-- Up-to-date symlink: /root/tracer_control_ws/install/tracer_msgs/include/tracer_msgs/tracer_msgs/msg/detail/tracer_status__functions.h
-- Up-to-date symlink: /root/tracer_control_ws/install/tracer_msgs/include/tracer_msgs/tracer_msgs/msg/detail/tracer_status__struct.h
-- Up-to-date symlink: /root/tracer_control_ws/install/tracer_msgs/include/tracer_msgs/tracer_msgs/msg/detail/tracer_status__type_support.h
-- Up-to-date symlink: /root/tracer_control_ws/install/tracer_msgs/include/tracer_msgs/tracer_msgs/msg/detail/uart_tracer_motor_state__functions.h
-- Up-to-date symlink: /root/tracer_control_ws/install/tracer_msgs/include/tracer_msgs/tracer_msgs/msg/detail/uart_tracer_motor_state__struct.h
-- Up-to-date symlink: /root/tracer_control_ws/install/tracer_msgs/include/tracer_msgs/tracer_msgs/msg/detail/uart_tracer_motor_state__type_support.h
-- Up-to-date symlink: /root/tracer_control_ws/install/tracer_msgs/include/tracer_msgs/tracer_msgs/msg/detail/uart_tracer_status__functions.h
-- Up-to-date symlink: /root/tracer_control_ws/install/tracer_msgs/include/tracer_msgs/tracer_msgs/msg/detail/uart_tracer_status__struct.h
-- Up-to-date symlink: /root/tracer_control_ws/install/tracer_msgs/include/tracer_msgs/tracer_msgs/msg/detail/uart_tracer_status__type_support.h
-- Up-to-date symlink: /root/tracer_control_ws/install/tracer_msgs/include/tracer_msgs/tracer_msgs/msg/rosidl_generator_c__visibility_control.h
-- Up-to-date symlink: /root/tracer_control_ws/install/tracer_msgs/include/tracer_msgs/tracer_msgs/msg/tracer_light_cmd.h
-- Up-to-date symlink: /root/tracer_control_ws/install/tracer_msgs/include/tracer_msgs/tracer_msgs/msg/tracer_light_state.h
-- Up-to-date symlink: /root/tracer_control_ws/install/tracer_msgs/include/tracer_msgs/tracer_msgs/msg/tracer_motor_state.h
-- Up-to-date symlink: /root/tracer_control_ws/install/tracer_msgs/include/tracer_msgs/tracer_msgs/msg/tracer_status.h
-- Up-to-date symlink: /root/tracer_control_ws/install/tracer_msgs/include/tracer_msgs/tracer_msgs/msg/uart_tracer_motor_state.h
-- Up-to-date symlink: /root/tracer_control_ws/install/tracer_msgs/include/tracer_msgs/tracer_msgs/msg/uart_tracer_status.h
-- Up-to-date symlink: /root/tracer_control_ws/install/tracer_msgs/share/tracer_msgs/environment/library_path.sh
-- Up-to-date symlink: /root/tracer_control_ws/install/tracer_msgs/share/tracer_msgs/environment/library_path.dsv
-- Up-to-date symlink: /root/tracer_control_ws/install/tracer_msgs/include/tracer_msgs/tracer_msgs/msg/detail/tracer_light_cmd__rosidl_typesupport_fastrtps_c.h
-- Up-to-date symlink: /root/tracer_control_ws/install/tracer_msgs/include/tracer_msgs/tracer_msgs/msg/detail/tracer_light_state__rosidl_typesupport_fastrtps_c.h
-- Up-to-date symlink: /root/tracer_control_ws/install/tracer_msgs/include/tracer_msgs/tracer_msgs/msg/detail/tracer_motor_state__rosidl_typesupport_fastrtps_c.h
-- Up-to-date symlink: /root/tracer_control_ws/install/tracer_msgs/include/tracer_msgs/tracer_msgs/msg/detail/tracer_status__rosidl_typesupport_fastrtps_c.h
-- Up-to-date symlink: /root/tracer_control_ws/install/tracer_msgs/include/tracer_msgs/tracer_msgs/msg/detail/uart_tracer_motor_state__rosidl_typesupport_fastrtps_c.h
-- Up-to-date symlink: /root/tracer_control_ws/install/tracer_msgs/include/tracer_msgs/tracer_msgs/msg/detail/uart_tracer_status__rosidl_typesupport_fastrtps_c.h
-- Up-to-date symlink: /root/tracer_control_ws/install/tracer_msgs/include/tracer_msgs/tracer_msgs/msg/rosidl_typesupport_fastrtps_c__visibility_control.h
-- Up-to-date symlink: /root/tracer_control_ws/install/tracer_msgs/include/tracer_msgs/tracer_msgs/msg/detail/tracer_light_cmd__rosidl_typesupport_introspection_c.h
-- Up-to-date symlink: /root/tracer_control_ws/install/tracer_msgs/include/tracer_msgs/tracer_msgs/msg/detail/tracer_light_state__rosidl_typesupport_introspection_c.h
-- Up-to-date symlink: /root/tracer_control_ws/install/tracer_msgs/include/tracer_msgs/tracer_msgs/msg/detail/tracer_motor_state__rosidl_typesupport_introspection_c.h
-- Up-to-date symlink: /root/tracer_control_ws/install/tracer_msgs/include/tracer_msgs/tracer_msgs/msg/detail/tracer_status__rosidl_typesupport_introspection_c.h
-- Up-to-date symlink: /root/tracer_control_ws/install/tracer_msgs/include/tracer_msgs/tracer_msgs/msg/detail/uart_tracer_motor_state__rosidl_typesupport_introspection_c.h
-- Up-to-date symlink: /root/tracer_control_ws/install/tracer_msgs/include/tracer_msgs/tracer_msgs/msg/detail/uart_tracer_status__rosidl_typesupport_introspection_c.h
-- Up-to-date symlink: /root/tracer_control_ws/install/tracer_msgs/include/tracer_msgs/tracer_msgs/msg/rosidl_typesupport_introspection_c__visibility_control.h
-- Up-to-date symlink: /root/tracer_control_ws/install/tracer_msgs/include/tracer_msgs/tracer_msgs/msg/detail/tracer_light_cmd__builder.hpp
-- Up-to-date symlink: /root/tracer_control_ws/install/tracer_msgs/include/tracer_msgs/tracer_msgs/msg/detail/tracer_light_cmd__struct.hpp
-- Up-to-date symlink: /root/tracer_control_ws/install/tracer_msgs/include/tracer_msgs/tracer_msgs/msg/detail/tracer_light_cmd__traits.hpp
-- Up-to-date symlink: /root/tracer_control_ws/install/tracer_msgs/include/tracer_msgs/tracer_msgs/msg/detail/tracer_light_cmd__type_support.hpp
-- Up-to-date symlink: /root/tracer_control_ws/install/tracer_msgs/include/tracer_msgs/tracer_msgs/msg/detail/tracer_light_state__builder.hpp
-- Up-to-date symlink: /root/tracer_control_ws/install/tracer_msgs/include/tracer_msgs/tracer_msgs/msg/detail/tracer_light_state__struct.hpp
-- Up-to-date symlink: /root/tracer_control_ws/install/tracer_msgs/include/tracer_msgs/tracer_msgs/msg/detail/tracer_light_state__traits.hpp
-- Up-to-date symlink: /root/tracer_control_ws/install/tracer_msgs/include/tracer_msgs/tracer_msgs/msg/detail/tracer_light_state__type_support.hpp
-- Up-to-date symlink: /root/tracer_control_ws/install/tracer_msgs/include/tracer_msgs/tracer_msgs/msg/detail/tracer_motor_state__builder.hpp
-- Up-to-date symlink: /root/tracer_control_ws/install/tracer_msgs/include/tracer_msgs/tracer_msgs/msg/detail/tracer_motor_state__struct.hpp
-- Up-to-date symlink: /root/tracer_control_ws/install/tracer_msgs/include/tracer_msgs/tracer_msgs/msg/detail/tracer_motor_state__traits.hpp
-- Up-to-date symlink: /root/tracer_control_ws/install/tracer_msgs/include/tracer_msgs/tracer_msgs/msg/detail/tracer_motor_state__type_support.hpp
-- Up-to-date symlink: /root/tracer_control_ws/install/tracer_msgs/include/tracer_msgs/tracer_msgs/msg/detail/tracer_status__builder.hpp
-- Up-to-date symlink: /root/tracer_control_ws/install/tracer_msgs/include/tracer_msgs/tracer_msgs/msg/detail/tracer_status__struct.hpp
-- Up-to-date symlink: /root/tracer_control_ws/install/tracer_msgs/include/tracer_msgs/tracer_msgs/msg/detail/tracer_status__traits.hpp
-- Up-to-date symlink: /root/tracer_control_ws/install/tracer_msgs/include/tracer_msgs/tracer_msgs/msg/detail/tracer_status__type_support.hpp
-- Up-to-date symlink: /root/tracer_control_ws/install/tracer_msgs/include/tracer_msgs/tracer_msgs/msg/detail/uart_tracer_motor_state__builder.hpp
-- Up-to-date symlink: /root/tracer_control_ws/install/tracer_msgs/include/tracer_msgs/tracer_msgs/msg/detail/uart_tracer_motor_state__struct.hpp
-- Up-to-date symlink: /root/tracer_control_ws/install/tracer_msgs/include/tracer_msgs/tracer_msgs/msg/detail/uart_tracer_motor_state__traits.hpp
-- Up-to-date symlink: /root/tracer_control_ws/install/tracer_msgs/include/tracer_msgs/tracer_msgs/msg/detail/uart_tracer_motor_state__type_support.hpp
-- Up-to-date symlink: /root/tracer_control_ws/install/tracer_msgs/include/tracer_msgs/tracer_msgs/msg/detail/uart_tracer_status__builder.hpp
-- Up-to-date symlink: /root/tracer_control_ws/install/tracer_msgs/include/tracer_msgs/tracer_msgs/msg/detail/uart_tracer_status__struct.hpp
-- Up-to-date symlink: /root/tracer_control_ws/install/tracer_msgs/include/tracer_msgs/tracer_msgs/msg/detail/uart_tracer_status__traits.hpp
-- Up-to-date symlink: /root/tracer_control_ws/install/tracer_msgs/include/tracer_msgs/tracer_msgs/msg/detail/uart_tracer_status__type_support.hpp
-- Up-to-date symlink: /root/tracer_control_ws/install/tracer_msgs/include/tracer_msgs/tracer_msgs/msg/rosidl_generator_cpp__visibility_control.hpp
-- Up-to-date symlink: /root/tracer_control_ws/install/tracer_msgs/include/tracer_msgs/tracer_msgs/msg/tracer_light_cmd.hpp
-- Up-to-date symlink: /root/tracer_control_ws/install/tracer_msgs/include/tracer_msgs/tracer_msgs/msg/tracer_light_state.hpp
-- Up-to-date symlink: /root/tracer_control_ws/install/tracer_msgs/include/tracer_msgs/tracer_msgs/msg/tracer_motor_state.hpp
-- Up-to-date symlink: /root/tracer_control_ws/install/tracer_msgs/include/tracer_msgs/tracer_msgs/msg/tracer_status.hpp
-- Up-to-date symlink: /root/tracer_control_ws/install/tracer_msgs/include/tracer_msgs/tracer_msgs/msg/uart_tracer_motor_state.hpp
-- Up-to-date symlink: /root/tracer_control_ws/install/tracer_msgs/include/tracer_msgs/tracer_msgs/msg/uart_tracer_status.hpp
-- Up-to-date symlink: /root/tracer_control_ws/install/tracer_msgs/include/tracer_msgs/tracer_msgs/msg/detail/tracer_light_cmd__rosidl_typesupport_fastrtps_cpp.hpp
-- Up-to-date symlink: /root/tracer_control_ws/install/tracer_msgs/include/tracer_msgs/tracer_msgs/msg/detail/tracer_light_state__rosidl_typesupport_fastrtps_cpp.hpp
-- Up-to-date symlink: /root/tracer_control_ws/install/tracer_msgs/include/tracer_msgs/tracer_msgs/msg/detail/tracer_motor_state__rosidl_typesupport_fastrtps_cpp.hpp
-- Up-to-date symlink: /root/tracer_control_ws/install/tracer_msgs/include/tracer_msgs/tracer_msgs/msg/detail/tracer_status__rosidl_typesupport_fastrtps_cpp.hpp
-- Up-to-date symlink: /root/tracer_control_ws/install/tracer_msgs/include/tracer_msgs/tracer_msgs/msg/detail/uart_tracer_motor_state__rosidl_typesupport_fastrtps_cpp.hpp
-- Up-to-date symlink: /root/tracer_control_ws/install/tracer_msgs/include/tracer_msgs/tracer_msgs/msg/detail/uart_tracer_status__rosidl_typesupport_fastrtps_cpp.hpp
-- Up-to-date symlink: /root/tracer_control_ws/install/tracer_msgs/include/tracer_msgs/tracer_msgs/msg/rosidl_typesupport_fastrtps_cpp__visibility_control.h
-- Up-to-date symlink: /root/tracer_control_ws/install/tracer_msgs/include/tracer_msgs/tracer_msgs/msg/detail/tracer_light_cmd__rosidl_typesupport_introspection_cpp.hpp
-- Up-to-date symlink: /root/tracer_control_ws/install/tracer_msgs/include/tracer_msgs/tracer_msgs/msg/detail/tracer_light_state__rosidl_typesupport_introspection_cpp.hpp
-- Up-to-date symlink: /root/tracer_control_ws/install/tracer_msgs/include/tracer_msgs/tracer_msgs/msg/detail/tracer_motor_state__rosidl_typesupport_introspection_cpp.hpp
-- Up-to-date symlink: /root/tracer_control_ws/install/tracer_msgs/include/tracer_msgs/tracer_msgs/msg/detail/tracer_status__rosidl_typesupport_introspection_cpp.hpp
-- Up-to-date symlink: /root/tracer_control_ws/install/tracer_msgs/include/tracer_msgs/tracer_msgs/msg/detail/uart_tracer_motor_state__rosidl_typesupport_introspection_cpp.hpp
-- Up-to-date symlink: /root/tracer_control_ws/install/tracer_msgs/include/tracer_msgs/tracer_msgs/msg/detail/uart_tracer_status__rosidl_typesupport_introspection_cpp.hpp
-- Up-to-date symlink: /root/tracer_control_ws/install/tracer_msgs/share/tracer_msgs/environment/pythonpath.sh
-- Up-to-date symlink: /root/tracer_control_ws/install/tracer_msgs/share/tracer_msgs/environment/pythonpath.dsv
-- Up-to-date symlink: /root/tracer_control_ws/install/tracer_msgs/local/lib/python3.10/dist-packages/tracer_msgs-0.3.3-py3.10.egg-info/PKG-INFO
-- Up-to-date symlink: /root/tracer_control_ws/install/tracer_msgs/local/lib/python3.10/dist-packages/tracer_msgs-0.3.3-py3.10.egg-info/SOURCES.txt
-- Up-to-date symlink: /root/tracer_control_ws/install/tracer_msgs/local/lib/python3.10/dist-packages/tracer_msgs-0.3.3-py3.10.egg-info/dependency_links.txt
-- Up-to-date symlink: /root/tracer_control_ws/install/tracer_msgs/local/lib/python3.10/dist-packages/tracer_msgs-0.3.3-py3.10.egg-info/top_level.txt
-- Up-to-date symlink: /root/tracer_control_ws/install/tracer_msgs/local/lib/python3.10/dist-packages/tracer_msgs/__init__.py
-- Up-to-date symlink: /root/tracer_control_ws/install/tracer_msgs/local/lib/python3.10/dist-packages/tracer_msgs/_tracer_msgs_s.ep.rosidl_typesupport_c.c
-- Up-to-date symlink: /root/tracer_control_ws/install/tracer_msgs/local/lib/python3.10/dist-packages/tracer_msgs/_tracer_msgs_s.ep.rosidl_typesupport_fastrtps_c.c
-- Up-to-date symlink: /root/tracer_control_ws/install/tracer_msgs/local/lib/python3.10/dist-packages/tracer_msgs/_tracer_msgs_s.ep.rosidl_typesupport_introspection_c.c
-- Up-to-date symlink: /root/tracer_control_ws/install/tracer_msgs/local/lib/python3.10/dist-packages/tracer_msgs/libtracer_msgs__rosidl_generator_py.so
-- Up-to-date symlink: /root/tracer_control_ws/install/tracer_msgs/local/lib/python3.10/dist-packages/tracer_msgs/msg/__init__.py
-- Up-to-date symlink: /root/tracer_control_ws/install/tracer_msgs/local/lib/python3.10/dist-packages/tracer_msgs/msg/_tracer_light_cmd.py
-- Up-to-date symlink: /root/tracer_control_ws/install/tracer_msgs/local/lib/python3.10/dist-packages/tracer_msgs/msg/_tracer_light_cmd_s.c
-- Up-to-date symlink: /root/tracer_control_ws/install/tracer_msgs/local/lib/python3.10/dist-packages/tracer_msgs/msg/_tracer_light_state.py
-- Up-to-date symlink: /root/tracer_control_ws/install/tracer_msgs/local/lib/python3.10/dist-packages/tracer_msgs/msg/_tracer_light_state_s.c
-- Up-to-date symlink: /root/tracer_control_ws/install/tracer_msgs/local/lib/python3.10/dist-packages/tracer_msgs/msg/_tracer_motor_state.py
-- Up-to-date symlink: /root/tracer_control_ws/install/tracer_msgs/local/lib/python3.10/dist-packages/tracer_msgs/msg/_tracer_motor_state_s.c
-- Up-to-date symlink: /root/tracer_control_ws/install/tracer_msgs/local/lib/python3.10/dist-packages/tracer_msgs/msg/_tracer_status.py
-- Up-to-date symlink: /root/tracer_control_ws/install/tracer_msgs/local/lib/python3.10/dist-packages/tracer_msgs/msg/_tracer_status_s.c
-- Up-to-date symlink: /root/tracer_control_ws/install/tracer_msgs/local/lib/python3.10/dist-packages/tracer_msgs/msg/_uart_tracer_motor_state.py
-- Up-to-date symlink: /root/tracer_control_ws/install/tracer_msgs/local/lib/python3.10/dist-packages/tracer_msgs/msg/_uart_tracer_motor_state_s.c
-- Up-to-date symlink: /root/tracer_control_ws/install/tracer_msgs/local/lib/python3.10/dist-packages/tracer_msgs/msg/_uart_tracer_status.py
-- Up-to-date symlink: /root/tracer_control_ws/install/tracer_msgs/local/lib/python3.10/dist-packages/tracer_msgs/msg/_uart_tracer_status_s.c
-- Up-to-date symlink: /root/tracer_control_ws/install/tracer_msgs/local/lib/python3.10/dist-packages/tracer_msgs/tracer_msgs_s__rosidl_typesupport_c.cpython-310-aarch64-linux-gnu.so
-- Up-to-date symlink: /root/tracer_control_ws/install/tracer_msgs/local/lib/python3.10/dist-packages/tracer_msgs/tracer_msgs_s__rosidl_typesupport_fastrtps_c.cpython-310-aarch64-linux-gnu.so
-- Up-to-date symlink: /root/tracer_control_ws/install/tracer_msgs/local/lib/python3.10/dist-packages/tracer_msgs/tracer_msgs_s__rosidl_typesupport_introspection_c.cpython-310-aarch64-linux-gnu.so
-- Up-to-date symlink: /root/tracer_control_ws/install/tracer_msgs/local/lib/python3.10/dist-packages/tracer_msgs/tracer_msgs_s__rosidl_typesupport_fastrtps_c.cpython-310-aarch64-linux-gnu.so
-- Up-to-date symlink: /root/tracer_control_ws/install/tracer_msgs/local/lib/python3.10/dist-packages/tracer_msgs/tracer_msgs_s__rosidl_typesupport_introspection_c.cpython-310-aarch64-linux-gnu.so
-- Up-to-date symlink: /root/tracer_control_ws/install/tracer_msgs/local/lib/python3.10/dist-packages/tracer_msgs/tracer_msgs_s__rosidl_typesupport_c.cpython-310-aarch64-linux-gnu.so
-- Up-to-date symlink: /root/tracer_control_ws/install/tracer_msgs/share/tracer_msgs/msg/TracerMotorState.idl
-- Up-to-date symlink: /root/tracer_control_ws/install/tracer_msgs/share/tracer_msgs/msg/UartTracerMotorState.idl
-- Up-to-date symlink: /root/tracer_control_ws/install/tracer_msgs/share/tracer_msgs/msg/TracerLightState.idl
-- Up-to-date symlink: /root/tracer_control_ws/install/tracer_msgs/share/tracer_msgs/msg/TracerLightCmd.idl
-- Up-to-date symlink: /root/tracer_control_ws/install/tracer_msgs/share/tracer_msgs/msg/TracerStatus.idl
-- Up-to-date symlink: /root/tracer_control_ws/install/tracer_msgs/share/tracer_msgs/msg/UartTracerStatus.idl
-- Up-to-date symlink: /root/tracer_control_ws/install/tracer_msgs/share/tracer_msgs/msg/TracerMotorState.msg
-- Up-to-date symlink: /root/tracer_control_ws/install/tracer_msgs/share/tracer_msgs/msg/UartTracerMotorState.msg
-- Up-to-date symlink: /root/tracer_control_ws/install/tracer_msgs/share/tracer_msgs/msg/TracerLightState.msg
-- Up-to-date symlink: /root/tracer_control_ws/install/tracer_msgs/share/tracer_msgs/msg/TracerLightCmd.msg
-- Up-to-date symlink: /root/tracer_control_ws/install/tracer_msgs/share/tracer_msgs/msg/TracerStatus.msg
-- Up-to-date symlink: /root/tracer_control_ws/install/tracer_msgs/share/tracer_msgs/msg/UartTracerStatus.msg
-- Up-to-date symlink: /root/tracer_control_ws/install/tracer_msgs/share/tracer_msgs/msg/TracerLightCmd.msg
-- Up-to-date symlink: /root/tracer_control_ws/install/tracer_msgs/share/tracer_msgs/msg/TracerLightState.msg
-- Up-to-date symlink: /root/tracer_control_ws/install/tracer_msgs/share/tracer_msgs/msg/TracerMotorState.msg
-- Symlinking: /root/tracer_control_ws/install/tracer_msgs/share/tracer_msgs/msg/TracerRsStatus.msg
-- Up-to-date symlink: /root/tracer_control_ws/install/tracer_msgs/share/tracer_msgs/msg/TracerStatus.msg
-- Up-to-date symlink: /root/tracer_control_ws/install/tracer_msgs/share/tracer_msgs/msg/UartTracerMotorState.msg
-- Up-to-date symlink: /root/tracer_control_ws/install/tracer_msgs/share/tracer_msgs/msg/UartTracerStatus.msg
-- Symlinking: /root/tracer_control_ws/install/tracer_msgs/share/ament_index/resource_index/package_run_dependencies/tracer_msgs
-- Symlinking: /root/tracer_control_ws/install/tracer_msgs/share/ament_index/resource_index/parent_prefix_path/tracer_msgs
-- Symlinking: /root/tracer_control_ws/install/tracer_msgs/share/tracer_msgs/environment/ament_prefix_path.sh
-- Symlinking: /root/tracer_control_ws/install/tracer_msgs/share/tracer_msgs/environment/ament_prefix_path.dsv
-- Symlinking: /root/tracer_control_ws/install/tracer_msgs/share/tracer_msgs/environment/path.sh
-- Symlinking: /root/tracer_control_ws/install/tracer_msgs/share/tracer_msgs/environment/path.dsv
-- Symlinking: /root/tracer_control_ws/install/tracer_msgs/share/tracer_msgs/local_setup.bash
-- Symlinking: /root/tracer_control_ws/install/tracer_msgs/share/tracer_msgs/local_setup.sh
-- Symlinking: /root/tracer_control_ws/install/tracer_msgs/share/tracer_msgs/local_setup.zsh
-- Symlinking: /root/tracer_control_ws/install/tracer_msgs/share/tracer_msgs/local_setup.dsv
-- Symlinking: /root/tracer_control_ws/install/tracer_msgs/share/tracer_msgs/package.dsv
-- Symlinking: /root/tracer_control_ws/install/tracer_msgs/share/ament_index/resource_index/packages/tracer_msgs
-- Symlinking: /root/tracer_control_ws/install/tracer_msgs/share/tracer_msgs/cmake/rosidl_cmake-extras.cmake
-- Symlinking: /root/tracer_control_ws/install/tracer_msgs/share/tracer_msgs/cmake/ament_cmake_export_dependencies-extras.cmake
-- Symlinking: /root/tracer_control_ws/install/tracer_msgs/share/tracer_msgs/cmake/ament_cmake_export_include_directories-extras.cmake
-- Symlinking: /root/tracer_control_ws/install/tracer_msgs/share/tracer_msgs/cmake/ament_cmake_export_libraries-extras.cmake
-- Symlinking: /root/tracer_control_ws/install/tracer_msgs/share/tracer_msgs/cmake/ament_cmake_export_targets-extras.cmake
-- Symlinking: /root/tracer_control_ws/install/tracer_msgs/share/tracer_msgs/cmake/rosidl_cmake_export_typesupport_targets-extras.cmake
-- Symlinking: /root/tracer_control_ws/install/tracer_msgs/share/tracer_msgs/cmake/rosidl_cmake_export_typesupport_libraries-extras.cmake
-- Symlinking: /root/tracer_control_ws/install/tracer_msgs/share/tracer_msgs/cmake/tracer_msgsConfig.cmake
-- Symlinking: /root/tracer_control_ws/install/tracer_msgs/share/tracer_msgs/cmake/tracer_msgsConfig-version.cmake
-- Symlinking: /root/tracer_control_ws/install/tracer_msgs/share/tracer_msgs/package.xml
-- Installing: /root/tracer_control_ws/install/tracer_msgs/lib/libtracer_msgs__rosidl_generator_c.so
-- Set runtime path of "/root/tracer_control_ws/install/tracer_msgs/lib/libtracer_msgs__rosidl_generator_c.so" to ""
-- Installing: /root/tracer_control_ws/install/tracer_msgs/lib/libtracer_msgs__rosidl_typesupport_fastrtps_c.so
-- Set runtime path of "/root/tracer_control_ws/install/tracer_msgs/lib/libtracer_msgs__rosidl_typesupport_fastrtps_c.so" to ""
-- Installing: /root/tracer_control_ws/install/tracer_msgs/lib/libtracer_msgs__rosidl_typesupport_introspection_c.so
-- Set runtime path of "/root/tracer_control_ws/install/tracer_msgs/lib/libtracer_msgs__rosidl_typesupport_introspection_c.so" to ""
-- Installing: /root/tracer_control_ws/install/tracer_msgs/lib/libtracer_msgs__rosidl_typesupport_c.so
-- Set runtime path of "/root/tracer_control_ws/install/tracer_msgs/lib/libtracer_msgs__rosidl_typesupport_c.so" to ""
-- Installing: /root/tracer_control_ws/install/tracer_msgs/lib/libtracer_msgs__rosidl_typesupport_fastrtps_cpp.so
-- Set runtime path of "/root/tracer_control_ws/install/tracer_msgs/lib/libtracer_msgs__rosidl_typesupport_fastrtps_cpp.so" to ""
-- Installing: /root/tracer_control_ws/install/tracer_msgs/lib/libtracer_msgs__rosidl_typesupport_introspection_cpp.so
-- Set runtime path of "/root/tracer_control_ws/install/tracer_msgs/lib/libtracer_msgs__rosidl_typesupport_introspection_cpp.so" to ""
-- Installing: /root/tracer_control_ws/install/tracer_msgs/lib/libtracer_msgs__rosidl_typesupport_cpp.so
-- Set runtime path of "/root/tracer_control_ws/install/tracer_msgs/lib/libtracer_msgs__rosidl_typesupport_cpp.so" to ""
Listing '/root/tracer_control_ws/install/tracer_msgs/local/lib/python3.10/dist-packages/tracer_msgs'...
Compiling '/root/tracer_control_ws/install/tracer_msgs/local/lib/python3.10/dist-packages/tracer_msgs/__init__.py'...
Listing '/root/tracer_control_ws/install/tracer_msgs/local/lib/python3.10/dist-packages/tracer_msgs/msg'...
Compiling '/root/tracer_control_ws/install/tracer_msgs/local/lib/python3.10/dist-packages/tracer_msgs/msg/__init__.py'...
Compiling '/root/tracer_control_ws/install/tracer_msgs/local/lib/python3.10/dist-packages/tracer_msgs/msg/_tracer_light_cmd.py'...
Compiling '/root/tracer_control_ws/install/tracer_msgs/local/lib/python3.10/dist-packages/tracer_msgs/msg/_tracer_light_state.py'...
Compiling '/root/tracer_control_ws/install/tracer_msgs/local/lib/python3.10/dist-packages/tracer_msgs/msg/_tracer_motor_state.py'...
Compiling '/root/tracer_control_ws/install/tracer_msgs/local/lib/python3.10/dist-packages/tracer_msgs/msg/_tracer_status.py'...
Compiling '/root/tracer_control_ws/install/tracer_msgs/local/lib/python3.10/dist-packages/tracer_msgs/msg/_uart_tracer_motor_state.py'...
Compiling '/root/tracer_control_ws/install/tracer_msgs/local/lib/python3.10/dist-packages/tracer_msgs/msg/_uart_tracer_status.py'...
-- Installing: /root/tracer_control_ws/install/tracer_msgs/lib/libtracer_msgs__rosidl_generator_py.so
-- Set runtime path of "/root/tracer_control_ws/install/tracer_msgs/lib/libtracer_msgs__rosidl_generator_py.so" to ""
-- Installing: /root/tracer_control_ws/install/tracer_msgs/share/tracer_msgs/cmake/export_tracer_msgs__rosidl_generator_cExport.cmake
-- Installing: /root/tracer_control_ws/install/tracer_msgs/share/tracer_msgs/cmake/export_tracer_msgs__rosidl_generator_cExport-noconfig.cmake
-- Installing: /root/tracer_control_ws/install/tracer_msgs/share/tracer_msgs/cmake/export_tracer_msgs__rosidl_typesupport_fastrtps_cExport.cmake
-- Installing: /root/tracer_control_ws/install/tracer_msgs/share/tracer_msgs/cmake/export_tracer_msgs__rosidl_typesupport_fastrtps_cExport-noconfig.cmake
-- Installing: /root/tracer_control_ws/install/tracer_msgs/share/tracer_msgs/cmake/tracer_msgs__rosidl_typesupport_introspection_cExport.cmake
-- Installing: /root/tracer_control_ws/install/tracer_msgs/share/tracer_msgs/cmake/tracer_msgs__rosidl_typesupport_introspection_cExport-noconfig.cmake
-- Installing: /root/tracer_control_ws/install/tracer_msgs/share/tracer_msgs/cmake/tracer_msgs__rosidl_typesupport_cExport.cmake
-- Installing: /root/tracer_control_ws/install/tracer_msgs/share/tracer_msgs/cmake/tracer_msgs__rosidl_typesupport_cExport-noconfig.cmake
-- Installing: /root/tracer_control_ws/install/tracer_msgs/share/tracer_msgs/cmake/export_tracer_msgs__rosidl_generator_cppExport.cmake
-- Installing: /root/tracer_control_ws/install/tracer_msgs/share/tracer_msgs/cmake/export_tracer_msgs__rosidl_typesupport_fastrtps_cppExport.cmake
-- Installing: /root/tracer_control_ws/install/tracer_msgs/share/tracer_msgs/cmake/export_tracer_msgs__rosidl_typesupport_fastrtps_cppExport-noconfig.cmake
-- Installing: /root/tracer_control_ws/install/tracer_msgs/share/tracer_msgs/cmake/tracer_msgs__rosidl_typesupport_introspection_cppExport.cmake
-- Installing: /root/tracer_control_ws/install/tracer_msgs/share/tracer_msgs/cmake/tracer_msgs__rosidl_typesupport_introspection_cppExport-noconfig.cmake
-- Installing: /root/tracer_control_ws/install/tracer_msgs/share/tracer_msgs/cmake/tracer_msgs__rosidl_typesupport_cppExport.cmake
-- Installing: /root/tracer_control_ws/install/tracer_msgs/share/tracer_msgs/cmake/tracer_msgs__rosidl_typesupport_cppExport-noconfig.cmake
-- Installing: /root/tracer_control_ws/install/tracer_msgs/share/tracer_msgs/cmake/export_tracer_msgs__rosidl_generator_pyExport.cmake
-- Installing: /root/tracer_control_ws/install/tracer_msgs/share/tracer_msgs/cmake/export_tracer_msgs__rosidl_generator_pyExport-noconfig.cmake
