[0.031s] Invoking command in '/root/tracer_control_ws/build/tracer_base': AMENT_PREFIX_PATH=/root/tracer_control_ws/install/tracer_msgs:${AMENT_PREFIX_PATH} CMAKE_PREFIX_PATH=/opt/ros/humble:/root/tracer_control_ws/install/ugv_sdk:/root/tracer_control_ws/install/tracer_msgs LD_LIBRARY_PATH=/root/tracer_control_ws/install/tracer_msgs/lib:/opt/ros/humble/opt/rviz_ogre_vendor/lib:/opt/ros/humble/lib/aarch64-linux-gnu:/opt/ros/humble/lib:/usr/local/cuda/lib64 PKG_CONFIG_PATH=/root/tracer_control_ws/install/ugv_sdk/lib/aarch64-linux-gnu/pkgconfig:/root/tracer_control_ws/install/ugv_sdk/lib/pkgconfig PYTHONPATH=/root/tracer_control_ws/install/tracer_msgs/local/lib/python3.10/dist-packages:${PYTHONPATH} ROS_PACKAGE_PATH=/root/tracer_control_ws/install/ugv_sdk/share /usr/bin/cmake /root/tracer_control_ws/src/tracer_ros/tracer_base -DAMENT_CMAKE_SYMLINK_INSTALL=1 -DCMAKE_INSTALL_PREFIX=/root/tracer_control_ws/install/tracer_base
[0.061s] -- Found ament_cmake: 1.3.11 (/opt/ros/humble/share/ament_cmake/cmake)
[0.334s] -- Override CMake install command with custom implementation using symlinks instead of copying resources
[0.356s] -- Found rclcpp: 16.0.12 (/opt/ros/humble/share/rclcpp/cmake)
[0.421s] -- Found rosidl_generator_c: 3.1.6 (/opt/ros/humble/share/rosidl_generator_c/cmake)
[0.426s] -- Found rosidl_adapter: 3.1.6 (/opt/ros/humble/share/rosidl_adapter/cmake)
[0.439s] -- Found rosidl_generator_cpp: 3.1.6 (/opt/ros/humble/share/rosidl_generator_cpp/cmake)
[0.458s] -- Using all available rosidl_typesupport_c: rosidl_typesupport_fastrtps_c;rosidl_typesupport_introspection_c
[0.483s] -- Using all available rosidl_typesupport_cpp: rosidl_typesupport_fastrtps_cpp;rosidl_typesupport_introspection_cpp
[0.550s] -- Found rmw_implementation_cmake: 6.1.2 (/opt/ros/humble/share/rmw_implementation_cmake/cmake)
[0.552s] -- Found rmw_fastrtps_cpp: 6.2.7 (/opt/ros/humble/share/rmw_fastrtps_cpp/cmake)
[0.814s] -- Using RMW implementation 'rmw_fastrtps_cpp' as default
[0.913s] -- Found sensor_msgs: 4.8.0 (/opt/ros/humble/share/sensor_msgs/cmake)
[0.969s] -- Found tf2: 0.25.12 (/opt/ros/humble/share/tf2/cmake)
[0.978s] -- Found tf2_ros: 0.25.12 (/opt/ros/humble/share/tf2_ros/cmake)
[1.130s] -- Found tf2_geometry_msgs: 0.25.12 (/opt/ros/humble/share/tf2_geometry_msgs/cmake)
[1.138s] -- Found eigen3_cmake_module: 0.1.1 (/opt/ros/humble/share/eigen3_cmake_module/cmake)
[1.142s] -- Ensuring Eigen3 include directory is part of orocos-kdl CMake target
[1.144s] -- Found tracer_msgs: 0.3.3 (/root/tracer_control_ws/install/tracer_msgs/share/tracer_msgs/cmake)
[1.169s] -- Found nav_msgs: 4.8.0 (/opt/ros/humble/share/nav_msgs/cmake)
[1.208s] [33mCMake Warning at CMakeLists.txt:38 (message):
[1.208s]   libsocketcan not found - CAN support may be limited
[1.208s] 
[1.209s] [0m
[1.209s] [33mCMake Warning at CMakeLists.txt:43 (message):
[1.209s]   libpcan not found - PCAN support disabled
[1.209s] 
[1.210s] [0m
[2.181s] -- Found ament_lint_auto: 0.12.12 (/opt/ros/humble/share/ament_lint_auto/cmake)
[2.347s] -- Added test 'copyright' to check source files copyright and LICENSE
[2.350s] -- Added test 'cppcheck' to perform static code analysis on C / C++ code
[2.355s] -- Configured cppcheck include dirs: /root/tracer_control_ws/src/tracer_ros/tracer_base/include
[2.355s] -- Configured cppcheck exclude dirs and/or files: 
[2.357s] -- Added test 'cpplint' to check C / C++ code against the Google style
[2.357s] -- Configured cpplint exclude dirs and/or files: 
[2.359s] -- Added test 'lint_cmake' to check CMake code style
[2.361s] -- Added test 'uncrustify' to check C / C++ code style
[2.361s] -- Configured uncrustify additional arguments: 
[2.362s] -- Added test 'xmllint' to check XML markup files
[2.367s] -- Configuring done
[2.383s] [0mCMake Error: The following variables are used in this project, but they are set to NOTFOUND.
[2.384s] Please set them or make sure they are set and tested correctly in the CMake files:
[2.384s] PCAN_LIB
[2.384s]     linked by target "tracer_base_node" in directory /root/tracer_control_ws/src/tracer_ros/tracer_base
[2.384s]     linked by target "tracer_messenger" in directory /root/tracer_control_ws/src/tracer_ros/tracer_base
[2.384s] SOCKETCAN_LIB
[2.384s]     linked by target "tracer_base_node" in directory /root/tracer_control_ws/src/tracer_ros/tracer_base
[2.385s]     linked by target "tracer_messenger" in directory /root/tracer_control_ws/src/tracer_ros/tracer_base
[2.385s] [0m
[3.573s] -- Generating done
[3.577s] [0mCMake Generate step failed.  Build files cannot be regenerated correctly.[0m
[3.612s] Invoked command in '/root/tracer_control_ws/build/tracer_base' returned '1': AMENT_PREFIX_PATH=/root/tracer_control_ws/install/tracer_msgs:${AMENT_PREFIX_PATH} CMAKE_PREFIX_PATH=/opt/ros/humble:/root/tracer_control_ws/install/ugv_sdk:/root/tracer_control_ws/install/tracer_msgs LD_LIBRARY_PATH=/root/tracer_control_ws/install/tracer_msgs/lib:/opt/ros/humble/opt/rviz_ogre_vendor/lib:/opt/ros/humble/lib/aarch64-linux-gnu:/opt/ros/humble/lib:/usr/local/cuda/lib64 PKG_CONFIG_PATH=/root/tracer_control_ws/install/ugv_sdk/lib/aarch64-linux-gnu/pkgconfig:/root/tracer_control_ws/install/ugv_sdk/lib/pkgconfig PYTHONPATH=/root/tracer_control_ws/install/tracer_msgs/local/lib/python3.10/dist-packages:${PYTHONPATH} ROS_PACKAGE_PATH=/root/tracer_control_ws/install/ugv_sdk/share /usr/bin/cmake /root/tracer_control_ws/src/tracer_ros/tracer_base -DAMENT_CMAKE_SYMLINK_INSTALL=1 -DCMAKE_INSTALL_PREFIX=/root/tracer_control_ws/install/tracer_base
